Using pre-set license
Built from '2021.3/staging' branch; Version is '2021.3.21f1 (1b156197d683) revision 1774945'; Using compiler version '192829333'; Build Type 'Release'
OS: 'Windows 11  (10.0.22621) 64bit Core' Language: 'ja' Physical Memory: 16310 MB
BatchMode: 1, IsHumanControllingUs: 0, StartBugReporterOnCrash: 0, Is64bit: 1, IsPro: 1

COMMAND LINE ARGUMENTS:
C:\Program Files\Unity\Hub\Editor\2021.3.21f1\Editor\Unity.exe
-adb2
-batchMode
-noUpm
-name
AssetImportWorker0
-projectPath
C:/Users/kihara/Documents/doraemon/Koetobuster
-logFile
Logs/AssetImportWorker0.log
-srvPort
61903
Successfully changed project path to: C:/Users/kihara/Documents/doraemon/Koetobuster
C:/Users/kihara/Documents/doraemon/Koetobuster
[UnityMemory] Configuration Parameters - Can be set up in boot.config
    "memorysetup-bucket-allocator-granularity=16"
    "memorysetup-bucket-allocator-bucket-count=8"
    "memorysetup-bucket-allocator-block-size=33554432"
    "memorysetup-bucket-allocator-block-count=8"
    "memorysetup-main-allocator-block-size=16777216"
    "memorysetup-thread-allocator-block-size=16777216"
    "memorysetup-gfx-main-allocator-block-size=16777216"
    "memorysetup-gfx-thread-allocator-block-size=16777216"
    "memorysetup-cache-allocator-block-size=4194304"
    "memorysetup-typetree-allocator-block-size=2097152"
    "memorysetup-profiler-bucket-allocator-granularity=16"
    "memorysetup-profiler-bucket-allocator-bucket-count=8"
    "memorysetup-profiler-bucket-allocator-block-size=33554432"
    "memorysetup-profiler-bucket-allocator-block-count=8"
    "memorysetup-profiler-allocator-block-size=16777216"
    "memorysetup-profiler-editor-allocator-block-size=1048576"
    "memorysetup-temp-allocator-size-main=16777216"
    "memorysetup-job-temp-allocator-block-size=2097152"
    "memorysetup-job-temp-allocator-block-size-background=1048576"
    "memorysetup-job-temp-allocator-reduction-small-platforms=262144"
    "memorysetup-temp-allocator-size-background-worker=32768"
    "memorysetup-temp-allocator-size-job-worker=262144"
    "memorysetup-temp-allocator-size-preload-manager=33554432"
    "memorysetup-temp-allocator-size-nav-mesh-worker=65536"
    "memorysetup-temp-allocator-size-audio-worker=65536"
    "memorysetup-temp-allocator-size-cloud-worker=32768"
    "memorysetup-temp-allocator-size-gi-baking-worker=262144"
    "memorysetup-temp-allocator-size-gfx=262144"
Player connection [24560] Host "[IP] 192.168.3.40 [Port] 0 [Flags] 2 [Guid] 4196289696 [EditorId] 4196289696 [Version] 1048832 [Id] WindowsEditor(7,K) [Debug] 1 [PackageName] WindowsEditor [ProjectName] Editor" joined multi-casting on [225.0.0.222:54997]...

Player connection [24560] Host "[IP] 192.168.3.40 [Port] 0 [Flags] 2 [Guid] 4196289696 [EditorId] 4196289696 [Version] 1048832 [Id] WindowsEditor(7,K) [Debug] 1 [PackageName] WindowsEditor [ProjectName] Editor" joined alternative multi-casting on [225.0.0.222:34997]...

Refreshing native plugins compatible for Editor in 50.39 ms, found 3 plugins.
Preloading 0 native plugins for Editor in 0.00 ms.
Initialize engine version: 2021.3.21f1 (1b156197d683)
[Subsystems] Discovering subsystems at path C:/Program Files/Unity/Hub/Editor/2021.3.21f1/Editor/Data/Resources/UnitySubsystems
[Subsystems] Discovering subsystems at path C:/Users/kihara/Documents/doraemon/Koetobuster/Assets
GfxDevice: creating device client; threaded=0; jobified=0
Direct3D:
    Version:  Direct3D 11.0 [level 11.1]
    Renderer: NVIDIA GeForce RTX 3070 Ti (ID=0x2482)
    Vendor:   NVIDIA
    VRAM:     8031 MB
    Driver:   31.0.15.2756
Initialize mono
Mono path[0] = 'C:/Program Files/Unity/Hub/Editor/2021.3.21f1/Editor/Data/Managed'
Mono path[1] = 'C:/Program Files/Unity/Hub/Editor/2021.3.21f1/Editor/Data/MonoBleedingEdge/lib/mono/unityjit-win32'
Mono config path = 'C:/Program Files/Unity/Hub/Editor/2021.3.21f1/Editor/Data/MonoBleedingEdge/etc'
Using monoOptions --debugger-agent=transport=dt_socket,embedding=1,server=y,suspend=n,address=127.0.0.1:56896
Begin MonoManager ReloadAssembly
Registering precompiled unity dll's ...
Register platform support module: C:/Program Files/Unity/Hub/Editor/2021.3.21f1/Editor/Data/PlaybackEngines/WindowsStandaloneSupport/UnityEditor.WindowsStandalone.Extensions.dll
Register platform support module: C:/Program Files/Unity/Hub/Editor/2021.3.21f1/Editor/Data/PlaybackEngines/MetroSupport/UnityEditor.UWP.Extensions.dll
Registered in 0.005295 seconds.
Native extension for UWP target not found
Native extension for WindowsStandalone target not found
Refreshing native plugins compatible for Editor in 52.53 ms, found 3 plugins.
Preloading 0 native plugins for Editor in 0.00 ms.
Mono: successfully reloaded assembly
- Completed reload, in  0.480 seconds
Domain Reload Profiling:
	ReloadAssembly (481ms)
		BeginReloadAssembly (71ms)
			ExecutionOrderSort (0ms)
			DisableScriptedObjects (0ms)
			BackupInstance (0ms)
			ReleaseScriptingObjects (0ms)
			CreateAndSetChildDomain (1ms)
		EndReloadAssembly (328ms)
			LoadAssemblies (69ms)
			RebuildTransferFunctionScriptingTraits (0ms)
			SetupTypeCache (76ms)
			ReleaseScriptCaches (0ms)
			RebuildScriptCaches (19ms)
			SetupLoadedEditorAssemblies (189ms)
				LogAssemblyErrors (0ms)
				InitializePlatformSupportModulesInManaged (7ms)
				SetLoadedEditorAssemblies (0ms)
				RefreshPlugins (53ms)
				BeforeProcessingInitializeOnLoad (1ms)
				ProcessInitializeOnLoadAttributes (91ms)
				ProcessInitializeOnLoadMethodAttributes (37ms)
				AfterProcessingInitializeOnLoad (0ms)
				EditorAssembliesLoaded (0ms)
			ExecutionOrderSort2 (0ms)
			AwakeInstancesAfterBackupRestoration (0ms)
Platform modules already initialized, skipping
Registering precompiled user dll's ...
Registered in 0.005091 seconds.
Begin MonoManager ReloadAssembly
Symbol file LoadedFromMemory doesn't match image C:\Users\kihara\Documents\doraemon\Koetobuster\Library\PackageCache\com.unity.visualscripting@1.8.0\Editor\VisualScripting.Core\Dependencies\YamlDotNet\Unity.VisualScripting.YamlDotNet.dll
Symbol file LoadedFromMemory doesn't match image C:\Users\kihara\Documents\doraemon\Koetobuster\Library\PackageCache\com.unity.visualscripting@1.8.0\Editor\VisualScripting.Core\Dependencies\DotNetZip\Unity.VisualScripting.IonicZip.dll
Native extension for UWP target not found
Native extension for WindowsStandalone target not found
Refreshing native plugins compatible for Editor in 0.46 ms, found 3 plugins.
Preloading 0 native plugins for Editor in 0.00 ms.
Mono: successfully reloaded assembly
- Completed reload, in  0.782 seconds
Domain Reload Profiling:
	ReloadAssembly (783ms)
		BeginReloadAssembly (108ms)
			ExecutionOrderSort (0ms)
			DisableScriptedObjects (5ms)
			BackupInstance (0ms)
			ReleaseScriptingObjects (0ms)
			CreateAndSetChildDomain (20ms)
		EndReloadAssembly (568ms)
			LoadAssemblies (81ms)
			RebuildTransferFunctionScriptingTraits (0ms)
			SetupTypeCache (201ms)
			ReleaseScriptCaches (1ms)
			RebuildScriptCaches (35ms)
			SetupLoadedEditorAssemblies (242ms)
				LogAssemblyErrors (0ms)
				InitializePlatformSupportModulesInManaged (5ms)
				SetLoadedEditorAssemblies (0ms)
				RefreshPlugins (0ms)
				BeforeProcessingInitializeOnLoad (56ms)
				ProcessInitializeOnLoadAttributes (158ms)
				ProcessInitializeOnLoadMethodAttributes (15ms)
				AfterProcessingInitializeOnLoad (7ms)
				EditorAssembliesLoaded (0ms)
			ExecutionOrderSort2 (0ms)
			AwakeInstancesAfterBackupRestoration (5ms)
Platform modules already initialized, skipping
========================================================================
Worker process is ready to serve import requests
Launched and connected shader compiler UnityShaderCompiler.exe after 0.04 seconds
Refreshing native plugins compatible for Editor in 0.53 ms, found 3 plugins.
Preloading 0 native plugins for Editor in 0.00 ms.
Unloading 3053 Unused Serialized files (Serialized files now loaded: 0)
Unloading 23 unused Assets / (56.4 KB). Loaded Objects now: 3514.
Memory consumption went from 107.7 MB to 107.6 MB.
Total: 2.463600 ms (FindLiveObjects: 0.233200 ms CreateObjectMapping: 0.070700 ms MarkObjects: 2.097800 ms  DeleteObjects: 0.061000 ms)

AssetImportParameters requested are different than current active one (requested -> active):
  custom:video-decoder-ogg-theora: a1e56fd34408186e4bbccfd4996cb3dc -> 
  custom:container-muxer-webm: aa71ff27fc2769a1b78a27578f13a17b -> 
  custom:container-demuxer-webm: 4f35f7cbe854078d1ac9338744f61a02 -> 
  custom:video-encoder-webm-vp8: eb34c28f22e8b96e1ab97ce403110664 -> 
  custom:video-codec-MediaFoundation-h265: 746d11721c4dcdbdad8f713fa42b33f4 -> 
  custom:audio-encoder-webm-vorbis: bf7c407c2cedff20999df2af8eb42d56 -> 
  custom:framework-win-MediaFoundation: 216162199b28c13a410421893ffa2e32 -> 
  custom:container-demuxer-ogg: 62fdf1f143b41e24485cea50d1cbac27 -> 
  custom:video-decoder-webm-vp8: 9c59270c3fd7afecdb556c50c9e8de78 -> 
  custom:audio-decoder-ogg-vorbis: bf7c407c2cedff20999df2af8eb42d56 -> 
========================================================================
Received Import Request.
  Time since last request: 1390549.078537 seconds.
  path: Assets/Prefab/3DMoji/data
  artifactKey: Guid(4ff19f987087c4040a7e7652dd08d0b9) Importer(815301076,1909f56bfc062723c751e8b465ee728b)
Start importing Assets/Prefab/3DMoji/data using Guid(4ff19f987087c4040a7e7652dd08d0b9) Importer(815301076,1909f56bfc062723c751e8b465ee728b)  -> (artifact id: '4dc5ad5b73d2834c5c246facb731bc02') in 0.009868 seconds 
========================================================================
Received Import Request.
  Time since last request: 141.057787 seconds.
  path: Assets/Prefab/3DMoji/data/A.fbx
  artifactKey: Guid(f5aa0b16935e588448eb7367ffe80d0c) Importer(815301076,1909f56bfc062723c751e8b465ee728b)
Start importing Assets/Prefab/3DMoji/data/A.fbx using Guid(f5aa0b16935e588448eb7367ffe80d0c) Importer(815301076,1909f56bfc062723c751e8b465ee728b)  -> (artifact id: 'b03fb0c1eebb0afc06e8c20f33af689b') in 0.126691 seconds 
========================================================================
Received Import Request.
  Time since last request: 0.000023 seconds.
  path: Assets/Prefab/3DMoji/data/DI.fbx
  artifactKey: Guid(4436ab7fdc0d07a4f820c0e108c036b0) Importer(815301076,1909f56bfc062723c751e8b465ee728b)
Start importing Assets/Prefab/3DMoji/data/DI.fbx using Guid(4436ab7fdc0d07a4f820c0e108c036b0) Importer(815301076,1909f56bfc062723c751e8b465ee728b)  -> (artifact id: '4d850327e7b14df952dec4a98304771a') in 0.011899 seconds 
========================================================================
Received Import Request.
  Time since last request: 0.000024 seconds.
  path: Assets/Prefab/3DMoji/data/LYU.fbx
  artifactKey: Guid(d3eb8a472f6210a449e2dffc973d2319) Importer(815301076,1909f56bfc062723c751e8b465ee728b)
Start importing Assets/Prefab/3DMoji/data/LYU.fbx using Guid(d3eb8a472f6210a449e2dffc973d2319) Importer(815301076,1909f56bfc062723c751e8b465ee728b)  -> (artifact id: '824901b68bff0054d6a2f9015df311cd') in 0.012438 seconds 
========================================================================
Received Import Request.
  Time since last request: 0.000021 seconds.
  path: Assets/Prefab/3DMoji/data/GO.fbx
  artifactKey: Guid(c37eccb34ea865444bf10f1f12125d35) Importer(815301076,1909f56bfc062723c751e8b465ee728b)
Start importing Assets/Prefab/3DMoji/data/GO.fbx using Guid(c37eccb34ea865444bf10f1f12125d35) Importer(815301076,1909f56bfc062723c751e8b465ee728b)  -> (artifact id: '2afb0d805f28c45ee0226f3b6f0352e1') in 0.015903 seconds 
========================================================================
Received Import Request.
  Time since last request: 0.000024 seconds.
  path: Assets/Prefab/3DMoji/data/GU.fbx
  artifactKey: Guid(814c811454b2bd44da797e3244eaf3c0) Importer(815301076,1909f56bfc062723c751e8b465ee728b)
Start importing Assets/Prefab/3DMoji/data/GU.fbx using Guid(814c811454b2bd44da797e3244eaf3c0) Importer(815301076,1909f56bfc062723c751e8b465ee728b)  -> (artifact id: '76357ddb4319fa2707fe0be2bd6fa130') in 0.013152 seconds 
========================================================================
Received Import Request.
  Time since last request: 0.000016 seconds.
  path: Assets/Prefab/3DMoji/data/HE.fbx
  artifactKey: Guid(087f1048d89449244be4f574a88731cb) Importer(815301076,1909f56bfc062723c751e8b465ee728b)
Start importing Assets/Prefab/3DMoji/data/HE.fbx using Guid(087f1048d89449244be4f574a88731cb) Importer(815301076,1909f56bfc062723c751e8b465ee728b)  -> (artifact id: '32ce0930e3890d811e3c85a14538eabf') in 0.011032 seconds 
========================================================================
Received Import Request.
  Time since last request: 0.000023 seconds.
  path: Assets/Prefab/3DMoji/data/LI.fbx
  artifactKey: Guid(9fd7b650b99015445871d902e385ca99) Importer(815301076,1909f56bfc062723c751e8b465ee728b)
Start importing Assets/Prefab/3DMoji/data/LI.fbx using Guid(9fd7b650b99015445871d902e385ca99) Importer(815301076,1909f56bfc062723c751e8b465ee728b)  -> (artifact id: '56638c4530d87b2e89fc4658de49b7ba') in 0.013302 seconds 
========================================================================
Received Import Request.
  Time since last request: 0.000021 seconds.
  path: Assets/Prefab/3DMoji/data/LO.fbx
  artifactKey: Guid(1bf24c5905d70c64e835f64aaebdeded) Importer(815301076,1909f56bfc062723c751e8b465ee728b)
Start importing Assets/Prefab/3DMoji/data/LO.fbx using Guid(1bf24c5905d70c64e835f64aaebdeded) Importer(815301076,1909f56bfc062723c751e8b465ee728b)  -> (artifact id: 'd48f8e8b35fde6a5abcfebeeff144748') in 0.010943 seconds 
========================================================================
Received Import Request.
  Time since last request: 0.000019 seconds.
  path: Assets/Prefab/3DMoji/data/Haihun.fbx
  artifactKey: Guid(6651f48b4864a94459afb6d3f67a0661) Importer(815301076,1909f56bfc062723c751e8b465ee728b)
Start importing Assets/Prefab/3DMoji/data/Haihun.fbx using Guid(6651f48b4864a94459afb6d3f67a0661) Importer(815301076,1909f56bfc062723c751e8b465ee728b)  -> (artifact id: 'c93f52e34da831620b1582d307e6044e') in 0.012868 seconds 
========================================================================
Received Import Request.
  Time since last request: 0.000021 seconds.
  path: Assets/Prefab/3DMoji/data/MA.fbx
  artifactKey: Guid(77784654a24b41c4fa66394fdd13964d) Importer(815301076,1909f56bfc062723c751e8b465ee728b)
Start importing Assets/Prefab/3DMoji/data/MA.fbx using Guid(77784654a24b41c4fa66394fdd13964d) Importer(815301076,1909f56bfc062723c751e8b465ee728b)  -> (artifact id: 'a97dd02579421f59744b12fb9bb96f51') in 0.011925 seconds 
========================================================================
Received Import Request.
  Time since last request: 0.000021 seconds.
  path: Assets/Prefab/3DMoji/data/DU.fbx
  artifactKey: Guid(5172350684b762345b5b241ff376b4ee) Importer(815301076,1909f56bfc062723c751e8b465ee728b)
Start importing Assets/Prefab/3DMoji/data/DU.fbx using Guid(5172350684b762345b5b241ff376b4ee) Importer(815301076,1909f56bfc062723c751e8b465ee728b)  -> (artifact id: 'e7ea3b5321cd72c0519ebc14045992d4') in 0.012186 seconds 
========================================================================
Received Import Request.
  Time since last request: 0.000018 seconds.
  path: Assets/Prefab/3DMoji/data/HO.fbx
  artifactKey: Guid(155457ddc9710864c859b7481b6e8ea8) Importer(815301076,1909f56bfc062723c751e8b465ee728b)
Start importing Assets/Prefab/3DMoji/data/HO.fbx using Guid(155457ddc9710864c859b7481b6e8ea8) Importer(815301076,1909f56bfc062723c751e8b465ee728b)  -> (artifact id: 'ce2c10a7e6cb9c39eecdab27afaa5090') in 0.011792 seconds 
========================================================================
Received Import Request.
  Time since last request: 0.000022 seconds.
  path: Assets/Prefab/3DMoji/data/KO.fbx
  artifactKey: Guid(8c9f4823b5e7e314fb045bc17ed375f9) Importer(815301076,1909f56bfc062723c751e8b465ee728b)
Start importing Assets/Prefab/3DMoji/data/KO.fbx using Guid(8c9f4823b5e7e314fb045bc17ed375f9) Importer(815301076,1909f56bfc062723c751e8b465ee728b)  -> (artifact id: 'c18a48a08c8e1bcfb04859a12e40eec0') in 0.011927 seconds 
========================================================================
Received Import Request.
  Time since last request: 0.000019 seconds.
  path: Assets/Prefab/3DMoji/data/I.fbx
  artifactKey: Guid(cea337ad60cf2c44b8f244c128b92486) Importer(815301076,1909f56bfc062723c751e8b465ee728b)
Start importing Assets/Prefab/3DMoji/data/I.fbx using Guid(cea337ad60cf2c44b8f244c128b92486) Importer(815301076,1909f56bfc062723c751e8b465ee728b)  -> (artifact id: 'd187b6d6124d28b117b134e8cf63192f') in 0.010974 seconds 
========================================================================
Received Import Request.
  Time since last request: 0.000020 seconds.
  path: Assets/Prefab/3DMoji/data/LYA.fbx
  artifactKey: Guid(61011f62c9843c245a8f9736225f2a09) Importer(815301076,1909f56bfc062723c751e8b465ee728b)
Start importing Assets/Prefab/3DMoji/data/LYA.fbx using Guid(61011f62c9843c245a8f9736225f2a09) Importer(815301076,1909f56bfc062723c751e8b465ee728b)  -> (artifact id: '138daefe5bac7a1e3a692cc976a13330') in 0.011431 seconds 
========================================================================
Received Import Request.
  Time since last request: 0.000022 seconds.
  path: Assets/Prefab/3DMoji/data/HA.fbx
  artifactKey: Guid(7b5079309ae3c834e8c1a8ff89c787cb) Importer(815301076,1909f56bfc062723c751e8b465ee728b)
Start importing Assets/Prefab/3DMoji/data/HA.fbx using Guid(7b5079309ae3c834e8c1a8ff89c787cb) Importer(815301076,1909f56bfc062723c751e8b465ee728b)  -> (artifact id: 'df160f0057409038dbcbb833339a5c63') in 0.010881 seconds 
========================================================================
Received Import Request.
  Time since last request: 0.000031 seconds.
  path: Assets/Prefab/3DMoji/data/HI.fbx
  artifactKey: Guid(31c293574dd09514db3f79e969bd6d1e) Importer(815301076,1909f56bfc062723c751e8b465ee728b)
Start importing Assets/Prefab/3DMoji/data/HI.fbx using Guid(31c293574dd09514db3f79e969bd6d1e) Importer(815301076,1909f56bfc062723c751e8b465ee728b)  -> (artifact id: '0640f4bdc5bce1842b5722961ed4cb53') in 0.012863 seconds 
========================================================================
Received Import Request.
  Time since last request: 0.000019 seconds.
  path: Assets/Prefab/3DMoji/data/HU.fbx
  artifactKey: Guid(83550b15589cfee4aa68441578322f95) Importer(815301076,1909f56bfc062723c751e8b465ee728b)
Start importing Assets/Prefab/3DMoji/data/HU.fbx using Guid(83550b15589cfee4aa68441578322f95) Importer(815301076,1909f56bfc062723c751e8b465ee728b)  -> (artifact id: '5bf2a9d1aa5534623689698edf5f5077') in 0.010876 seconds 
========================================================================
Received Import Request.
  Time since last request: 0.000021 seconds.
  path: Assets/Prefab/3DMoji/data/KU.fbx
  artifactKey: Guid(2958d774213b72143bee3131dba7bbaf) Importer(815301076,1909f56bfc062723c751e8b465ee728b)
Start importing Assets/Prefab/3DMoji/data/KU.fbx using Guid(2958d774213b72143bee3131dba7bbaf) Importer(815301076,1909f56bfc062723c751e8b465ee728b)  -> (artifact id: '5bf35fcd04b96da783a98b87abad9ed4') in 0.012648 seconds 
========================================================================
Received Import Request.
  Time since last request: 0.000022 seconds.
  path: Assets/Prefab/3DMoji/data/LYO.fbx
  artifactKey: Guid(ec850aa759854f84fb98f59f496d1720) Importer(815301076,1909f56bfc062723c751e8b465ee728b)
Start importing Assets/Prefab/3DMoji/data/LYO.fbx using Guid(ec850aa759854f84fb98f59f496d1720) Importer(815301076,1909f56bfc062723c751e8b465ee728b)  -> (artifact id: 'afddad2dcf32e5eab536082c93ffe691') in 0.011900 seconds 
========================================================================
Received Import Request.
  Time since last request: 42.225093 seconds.
  path: Assets/Prefab/3DMoji/data/MO.fbx
  artifactKey: Guid(b82e8e6723b6c4c46aaeb1d959217925) Importer(815301076,1909f56bfc062723c751e8b465ee728b)
Start importing Assets/Prefab/3DMoji/data/MO.fbx using Guid(b82e8e6723b6c4c46aaeb1d959217925) Importer(815301076,1909f56bfc062723c751e8b465ee728b)  -> (artifact id: 'e4d29fcfd2851ac6cb8bff426b2270f5') in 0.014577 seconds 
========================================================================
Received Import Request.
  Time since last request: 0.000021 seconds.
  path: Assets/Prefab/3DMoji/data/NA.fbx
  artifactKey: Guid(e37d6c649d11eaa4f9fb6197c7f4c01f) Importer(815301076,1909f56bfc062723c751e8b465ee728b)
Start importing Assets/Prefab/3DMoji/data/NA.fbx using Guid(e37d6c649d11eaa4f9fb6197c7f4c01f) Importer(815301076,1909f56bfc062723c751e8b465ee728b)  -> (artifact id: '7bad8d895a9a69521bdcc6a1100b8333') in 0.014167 seconds 
========================================================================
Received Import Request.
  Time since last request: 0.000019 seconds.
  path: Assets/Prefab/3DMoji/data/NO.fbx
  artifactKey: Guid(fd4d568936b6ca944a8b346466150cca) Importer(815301076,1909f56bfc062723c751e8b465ee728b)
Start importing Assets/Prefab/3DMoji/data/NO.fbx using Guid(fd4d568936b6ca944a8b346466150cca) Importer(815301076,1909f56bfc062723c751e8b465ee728b)  -> (artifact id: '55a460b788203d12c8ad21608cce4b27') in 0.013178 seconds 
========================================================================
Received Import Request.
  Time since last request: 0.000020 seconds.
  path: Assets/Prefab/3DMoji/data/NU.fbx
  artifactKey: Guid(b70269d89d1cdbf4595f42232942847f) Importer(815301076,1909f56bfc062723c751e8b465ee728b)
Start importing Assets/Prefab/3DMoji/data/NU.fbx using Guid(b70269d89d1cdbf4595f42232942847f) Importer(815301076,1909f56bfc062723c751e8b465ee728b)  -> (artifact id: 'cdd8da4b66460e80fe9eb68b0033ad03') in 0.015235 seconds 
Editor requested this worker to shutdown with reason: Scaling down because of idle timeout
AssetImportWorker is now disconnected from the server
Process exiting
Exiting without the bug reporter. Application will terminate with return code 0