Using pre-set license
Built from '2021.3/staging' branch; Version is '2021.3.21f1 (1b156197d683) revision 1774945'; Using compiler version '192829333'; Build Type 'Release'
OS: 'Windows 11  (10.0.22621) 64bit Core' Language: 'ja' Physical Memory: 16310 MB
BatchMode: 1, IsHumanControllingUs: 0, StartBugReporterOnCrash: 0, Is64bit: 1, IsPro: 1

COMMAND LINE ARGUMENTS:
C:\Program Files\Unity\Hub\Editor\2021.3.21f1\Editor\Unity.exe
-adb2
-batchMode
-noUpm
-name
AssetImportWorker4
-projectPath
C:/Users/kihara/Documents/doraemon/Koetobuster
-logFile
Logs/AssetImportWorker4.log
-srvPort
61903
Successfully changed project path to: C:/Users/kihara/Documents/doraemon/Koetobuster
C:/Users/kihara/Documents/doraemon/Koetobuster
[UnityMemory] Configuration Parameters - Can be set up in boot.config
    "memorysetup-bucket-allocator-granularity=16"
    "memorysetup-bucket-allocator-bucket-count=8"
    "memorysetup-bucket-allocator-block-size=33554432"
    "memorysetup-bucket-allocator-block-count=8"
    "memorysetup-main-allocator-block-size=16777216"
    "memorysetup-thread-allocator-block-size=16777216"
    "memorysetup-gfx-main-allocator-block-size=16777216"
    "memorysetup-gfx-thread-allocator-block-size=16777216"
    "memorysetup-cache-allocator-block-size=4194304"
    "memorysetup-typetree-allocator-block-size=2097152"
    "memorysetup-profiler-bucket-allocator-granularity=16"
    "memorysetup-profiler-bucket-allocator-bucket-count=8"
    "memorysetup-profiler-bucket-allocator-block-size=33554432"
    "memorysetup-profiler-bucket-allocator-block-count=8"
    "memorysetup-profiler-allocator-block-size=16777216"
    "memorysetup-profiler-editor-allocator-block-size=1048576"
    "memorysetup-temp-allocator-size-main=16777216"
    "memorysetup-job-temp-allocator-block-size=2097152"
    "memorysetup-job-temp-allocator-block-size-background=1048576"
    "memorysetup-job-temp-allocator-reduction-small-platforms=262144"
    "memorysetup-temp-allocator-size-background-worker=32768"
    "memorysetup-temp-allocator-size-job-worker=262144"
    "memorysetup-temp-allocator-size-preload-manager=33554432"
    "memorysetup-temp-allocator-size-nav-mesh-worker=65536"
    "memorysetup-temp-allocator-size-audio-worker=65536"
    "memorysetup-temp-allocator-size-cloud-worker=32768"
    "memorysetup-temp-allocator-size-gi-baking-worker=262144"
    "memorysetup-temp-allocator-size-gfx=262144"
Player connection [28800] Host "[IP] 192.168.3.40 [Port] 0 [Flags] 2 [Guid] 4006083712 [EditorId] 4006083712 [Version] 1048832 [Id] WindowsEditor(7,K) [Debug] 1 [PackageName] WindowsEditor [ProjectName] Editor" joined multi-casting on [225.0.0.222:54997]...

Player connection [28800] Host "[IP] 192.168.3.40 [Port] 0 [Flags] 2 [Guid] 4006083712 [EditorId] 4006083712 [Version] 1048832 [Id] WindowsEditor(7,K) [Debug] 1 [PackageName] WindowsEditor [ProjectName] Editor" joined alternative multi-casting on [225.0.0.222:34997]...

Refreshing native plugins compatible for Editor in 73.25 ms, found 3 plugins.
Preloading 0 native plugins for Editor in 0.00 ms.
Initialize engine version: 2021.3.21f1 (1b156197d683)
[Subsystems] Discovering subsystems at path C:/Program Files/Unity/Hub/Editor/2021.3.21f1/Editor/Data/Resources/UnitySubsystems
[Subsystems] Discovering subsystems at path C:/Users/kihara/Documents/doraemon/Koetobuster/Assets
GfxDevice: creating device client; threaded=0; jobified=0
Direct3D:
    Version:  Direct3D 11.0 [level 11.1]
    Renderer: NVIDIA GeForce RTX 3070 Ti (ID=0x2482)
    Vendor:   NVIDIA
    VRAM:     8031 MB
    Driver:   31.0.15.2756
Initialize mono
Mono path[0] = 'C:/Program Files/Unity/Hub/Editor/2021.3.21f1/Editor/Data/Managed'
Mono path[1] = 'C:/Program Files/Unity/Hub/Editor/2021.3.21f1/Editor/Data/MonoBleedingEdge/lib/mono/unityjit-win32'
Mono config path = 'C:/Program Files/Unity/Hub/Editor/2021.3.21f1/Editor/Data/MonoBleedingEdge/etc'
Using monoOptions --debugger-agent=transport=dt_socket,embedding=1,server=y,suspend=n,address=127.0.0.1:56576
Begin MonoManager ReloadAssembly
Registering precompiled unity dll's ...
Register platform support module: C:/Program Files/Unity/Hub/Editor/2021.3.21f1/Editor/Data/PlaybackEngines/WindowsStandaloneSupport/UnityEditor.WindowsStandalone.Extensions.dll
Register platform support module: C:/Program Files/Unity/Hub/Editor/2021.3.21f1/Editor/Data/PlaybackEngines/MetroSupport/UnityEditor.UWP.Extensions.dll
Registered in 0.005222 seconds.
Native extension for UWP target not found
Native extension for WindowsStandalone target not found
Refreshing native plugins compatible for Editor in 53.90 ms, found 3 plugins.
Preloading 0 native plugins for Editor in 0.00 ms.
Mono: successfully reloaded assembly
- Completed reload, in  0.473 seconds
Domain Reload Profiling:
	ReloadAssembly (474ms)
		BeginReloadAssembly (68ms)
			ExecutionOrderSort (0ms)
			DisableScriptedObjects (0ms)
			BackupInstance (0ms)
			ReleaseScriptingObjects (0ms)
			CreateAndSetChildDomain (1ms)
		EndReloadAssembly (331ms)
			LoadAssemblies (66ms)
			RebuildTransferFunctionScriptingTraits (0ms)
			SetupTypeCache (76ms)
			ReleaseScriptCaches (0ms)
			RebuildScriptCaches (20ms)
			SetupLoadedEditorAssemblies (195ms)
				LogAssemblyErrors (0ms)
				InitializePlatformSupportModulesInManaged (7ms)
				SetLoadedEditorAssemblies (0ms)
				RefreshPlugins (54ms)
				BeforeProcessingInitializeOnLoad (2ms)
				ProcessInitializeOnLoadAttributes (97ms)
				ProcessInitializeOnLoadMethodAttributes (36ms)
				AfterProcessingInitializeOnLoad (0ms)
				EditorAssembliesLoaded (0ms)
			ExecutionOrderSort2 (0ms)
			AwakeInstancesAfterBackupRestoration (0ms)
Platform modules already initialized, skipping
Registering precompiled user dll's ...
Registered in 0.004623 seconds.
Begin MonoManager ReloadAssembly
Symbol file LoadedFromMemory doesn't match image C:\Users\kihara\Documents\doraemon\Koetobuster\Library\PackageCache\com.unity.visualscripting@1.8.0\Editor\VisualScripting.Core\Dependencies\YamlDotNet\Unity.VisualScripting.YamlDotNet.dll
Symbol file LoadedFromMemory doesn't match image C:\Users\kihara\Documents\doraemon\Koetobuster\Library\PackageCache\com.unity.visualscripting@1.8.0\Editor\VisualScripting.Core\Dependencies\DotNetZip\Unity.VisualScripting.IonicZip.dll
Native extension for UWP target not found
Native extension for WindowsStandalone target not found
Refreshing native plugins compatible for Editor in 0.53 ms, found 3 plugins.
Preloading 0 native plugins for Editor in 0.00 ms.
Mono: successfully reloaded assembly
- Completed reload, in  0.743 seconds
Domain Reload Profiling:
	ReloadAssembly (744ms)
		BeginReloadAssembly (103ms)
			ExecutionOrderSort (0ms)
			DisableScriptedObjects (5ms)
			BackupInstance (0ms)
			ReleaseScriptingObjects (0ms)
			CreateAndSetChildDomain (19ms)
		EndReloadAssembly (556ms)
			LoadAssemblies (78ms)
			RebuildTransferFunctionScriptingTraits (0ms)
			SetupTypeCache (187ms)
			ReleaseScriptCaches (0ms)
			RebuildScriptCaches (35ms)
			SetupLoadedEditorAssemblies (236ms)
				LogAssemblyErrors (0ms)
				InitializePlatformSupportModulesInManaged (5ms)
				SetLoadedEditorAssemblies (0ms)
				RefreshPlugins (1ms)
				BeforeProcessingInitializeOnLoad (56ms)
				ProcessInitializeOnLoadAttributes (155ms)
				ProcessInitializeOnLoadMethodAttributes (14ms)
				AfterProcessingInitializeOnLoad (6ms)
				EditorAssembliesLoaded (0ms)
			ExecutionOrderSort2 (0ms)
			AwakeInstancesAfterBackupRestoration (5ms)
Platform modules already initialized, skipping
========================================================================
Worker process is ready to serve import requests
Launched and connected shader compiler UnityShaderCompiler.exe after 0.04 seconds
Refreshing native plugins compatible for Editor in 0.52 ms, found 3 plugins.
Preloading 0 native plugins for Editor in 0.00 ms.
Unloading 3053 Unused Serialized files (Serialized files now loaded: 0)
Unloading 23 unused Assets / (56.4 KB). Loaded Objects now: 3514.
Memory consumption went from 107.8 MB to 107.8 MB.
Total: 2.299300 ms (FindLiveObjects: 0.190900 ms CreateObjectMapping: 0.077300 ms MarkObjects: 1.973400 ms  DeleteObjects: 0.056700 ms)

AssetImportParameters requested are different than current active one (requested -> active):
  custom:video-decoder-ogg-theora: a1e56fd34408186e4bbccfd4996cb3dc -> 
  custom:container-muxer-webm: aa71ff27fc2769a1b78a27578f13a17b -> 
  custom:container-demuxer-webm: 4f35f7cbe854078d1ac9338744f61a02 -> 
  custom:video-encoder-webm-vp8: eb34c28f22e8b96e1ab97ce403110664 -> 
  custom:video-codec-MediaFoundation-h265: 746d11721c4dcdbdad8f713fa42b33f4 -> 
  custom:audio-encoder-webm-vorbis: bf7c407c2cedff20999df2af8eb42d56 -> 
  custom:framework-win-MediaFoundation: 216162199b28c13a410421893ffa2e32 -> 
  custom:container-demuxer-ogg: 62fdf1f143b41e24485cea50d1cbac27 -> 
  custom:video-decoder-webm-vp8: 9c59270c3fd7afecdb556c50c9e8de78 -> 
  custom:audio-decoder-ogg-vorbis: bf7c407c2cedff20999df2af8eb42d56 -> 
========================================================================
Received Import Request.
  Time since last request: 1392502.269304 seconds.
  path: Assets/Prefab/3DMoji/Prefab/ア.prefab
  artifactKey: Guid(d0e9ee0da4921f543bc74b0692313117) Importer(815301076,1909f56bfc062723c751e8b465ee728b)
Start importing Assets/Prefab/3DMoji/Prefab/ア.prefab using Guid(d0e9ee0da4921f543bc74b0692313117) Importer(815301076,1909f56bfc062723c751e8b465ee728b)  -> (artifact id: '1a55ac9ed6c371d643322d61e99cdcf7') in 0.126142 seconds 
========================================================================
Received Import Request.
  Time since last request: 0.000025 seconds.
  path: Assets/Prefab/3DMoji/Prefab/ス.prefab
  artifactKey: Guid(874376dae36c1344ba8a8c38ebd477f5) Importer(815301076,1909f56bfc062723c751e8b465ee728b)
Start importing Assets/Prefab/3DMoji/Prefab/ス.prefab using Guid(874376dae36c1344ba8a8c38ebd477f5) Importer(815301076,1909f56bfc062723c751e8b465ee728b)  -> (artifact id: '392a1a5681e6b4f1e6c14dca5a6b717f') in 0.007428 seconds 
========================================================================
Received Import Request.
  Time since last request: 0.000023 seconds.
  path: Assets/Prefab/3DMoji/Prefab/フ.prefab
  artifactKey: Guid(1d989cc4c7df1994291f7222445bd446) Importer(815301076,1909f56bfc062723c751e8b465ee728b)
Start importing Assets/Prefab/3DMoji/Prefab/フ.prefab using Guid(1d989cc4c7df1994291f7222445bd446) Importer(815301076,1909f56bfc062723c751e8b465ee728b)  -> (artifact id: 'a049b43fa766a1bce5cb3d709b37c288') in 0.006160 seconds 
========================================================================
Received Import Request.
  Time since last request: 88.529903 seconds.
  path: Assets/Prefab/3DMoji/Original/ャ.fbx
  artifactKey: Guid(2b213b272c346df4d9132003a3669d1d) Importer(815301076,1909f56bfc062723c751e8b465ee728b)
Start importing Assets/Prefab/3DMoji/Original/ャ.fbx using Guid(2b213b272c346df4d9132003a3669d1d) Importer(815301076,1909f56bfc062723c751e8b465ee728b)  -> (artifact id: '4d5f2aefef1432e5ef146b14e93ebc74') in 0.026460 seconds 
========================================================================
Received Import Request.
  Time since last request: 0.003290 seconds.
  path: Assets/Prefab/3DMoji/Original/ー.fbx
  artifactKey: Guid(304d917c02fcd284d80c934f71ee61a8) Importer(815301076,1909f56bfc062723c751e8b465ee728b)
Start importing Assets/Prefab/3DMoji/Original/ー.fbx using Guid(304d917c02fcd284d80c934f71ee61a8) Importer(815301076,1909f56bfc062723c751e8b465ee728b)  -> (artifact id: 'ac229508b1993be0fbd415072fd9d80f') in 0.010971 seconds 
========================================================================
Received Import Request.
  Time since last request: 214.382589 seconds.
  path: Assets/Prefab/3DMoji/Prefab/ェ.prefab
  artifactKey: Guid(f1c1ac3b67421034d9962098cd967e45) Importer(815301076,1909f56bfc062723c751e8b465ee728b)
Start importing Assets/Prefab/3DMoji/Prefab/ェ.prefab using Guid(f1c1ac3b67421034d9962098cd967e45) Importer(815301076,1909f56bfc062723c751e8b465ee728b)  -> (artifact id: '5ca22f5d84bfa4b3cbf66942b687bc54') in 0.009503 seconds 
========================================================================
Received Import Request.
  Time since last request: 0.001532 seconds.
  path: Assets/Prefab/3DMoji/Prefab/ァ.prefab
  artifactKey: Guid(12f8dbc3ceb795945bbc224dd08f726c) Importer(815301076,1909f56bfc062723c751e8b465ee728b)
Start importing Assets/Prefab/3DMoji/Prefab/ァ.prefab using Guid(12f8dbc3ceb795945bbc224dd08f726c) Importer(815301076,1909f56bfc062723c751e8b465ee728b)  -> (artifact id: '0f54cd51760b28d128a4b9813992c2be') in 0.009629 seconds 
========================================================================
Received Import Request.
  Time since last request: 0.000019 seconds.
  path: Assets/Prefab/3DMoji/Prefab/ィ.prefab
  artifactKey: Guid(3d1b0410607d8754fb9189f46a321b7a) Importer(815301076,1909f56bfc062723c751e8b465ee728b)
Start importing Assets/Prefab/3DMoji/Prefab/ィ.prefab using Guid(3d1b0410607d8754fb9189f46a321b7a) Importer(815301076,1909f56bfc062723c751e8b465ee728b)  -> (artifact id: '9d626150e2727434c068916db94db8eb') in 0.010410 seconds 
========================================================================
Received Import Request.
  Time since last request: 0.000018 seconds.
  path: Assets/Prefab/3DMoji/Prefab/ォ.prefab
  artifactKey: Guid(2acf857574b386942b5a25bf208ed2ad) Importer(815301076,1909f56bfc062723c751e8b465ee728b)
Start importing Assets/Prefab/3DMoji/Prefab/ォ.prefab using Guid(2acf857574b386942b5a25bf208ed2ad) Importer(815301076,1909f56bfc062723c751e8b465ee728b)  -> (artifact id: 'e96450ac8e2e24fb2e2cf1d56f63e2af') in 0.010608 seconds 
========================================================================
Received Import Request.
  Time since last request: 0.000024 seconds.
  path: Assets/Prefab/3DMoji/Prefab/ゥ.prefab
  artifactKey: Guid(d05e053ec320e0b4599a07a472da213c) Importer(815301076,1909f56bfc062723c751e8b465ee728b)
Start importing Assets/Prefab/3DMoji/Prefab/ゥ.prefab using Guid(d05e053ec320e0b4599a07a472da213c) Importer(815301076,1909f56bfc062723c751e8b465ee728b)  -> (artifact id: '1377eb5da360b1bce27fa0c19f73a399') in 0.010045 seconds 
========================================================================
Received Import Request.
  Time since last request: 104.768722 seconds.
  path: Assets/Prefab/3DMoji/Prefab/ク.prefab
  artifactKey: Guid(6c890b48971058647ab494b35051594a) Importer(815301076,1909f56bfc062723c751e8b465ee728b)
Start importing Assets/Prefab/3DMoji/Prefab/ク.prefab using Guid(6c890b48971058647ab494b35051594a) Importer(815301076,1909f56bfc062723c751e8b465ee728b)  -> (artifact id: 'd1dc02ee829f54948b4d5a7e84b3659e') in 0.009778 seconds 
========================================================================
Received Import Request.
  Time since last request: 0.001771 seconds.
  path: Assets/Prefab/3DMoji/Prefab/カ.prefab
  artifactKey: Guid(a49586f924a80e141b228670fae4cc5a) Importer(815301076,1909f56bfc062723c751e8b465ee728b)
Start importing Assets/Prefab/3DMoji/Prefab/カ.prefab using Guid(a49586f924a80e141b228670fae4cc5a) Importer(815301076,1909f56bfc062723c751e8b465ee728b)  -> (artifact id: 'd01ae91d63e320519d2196ad25706425') in 0.009651 seconds 
========================================================================
Received Import Request.
  Time since last request: 0.000020 seconds.
  path: Assets/Prefab/3DMoji/Prefab/ギ.prefab
  artifactKey: Guid(c2c2615df15339f4989c56e06ab8e578) Importer(815301076,1909f56bfc062723c751e8b465ee728b)
Start importing Assets/Prefab/3DMoji/Prefab/ギ.prefab using Guid(c2c2615df15339f4989c56e06ab8e578) Importer(815301076,1909f56bfc062723c751e8b465ee728b)  -> (artifact id: 'a9ccece7418b82c8584337b6849f71c2') in 0.009472 seconds 
========================================================================
Received Import Request.
  Time since last request: 0.000015 seconds.
  path: Assets/Prefab/3DMoji/Prefab/ゲ.prefab
  artifactKey: Guid(bf5b9098c1068f44a8d4186fd4f32a9d) Importer(815301076,1909f56bfc062723c751e8b465ee728b)
Start importing Assets/Prefab/3DMoji/Prefab/ゲ.prefab using Guid(bf5b9098c1068f44a8d4186fd4f32a9d) Importer(815301076,1909f56bfc062723c751e8b465ee728b)  -> (artifact id: '5a3f235ea542a25e9a790e3f185688dc') in 0.008526 seconds 
========================================================================
Received Import Request.
  Time since last request: 0.000015 seconds.
  path: Assets/Prefab/3DMoji/Prefab/グ.prefab
  artifactKey: Guid(2521411ed5a97644aa98af0639a354db) Importer(815301076,1909f56bfc062723c751e8b465ee728b)
Start importing Assets/Prefab/3DMoji/Prefab/グ.prefab using Guid(2521411ed5a97644aa98af0639a354db) Importer(815301076,1909f56bfc062723c751e8b465ee728b)  -> (artifact id: '2c5fae75897fe53572addc2626d73e92') in 0.010613 seconds 
========================================================================
Received Import Request.
  Time since last request: 0.000025 seconds.
  path: Assets/Prefab/3DMoji/Prefab/キ.prefab
  artifactKey: Guid(c5605a6f73c248c4392f8b2ea15cee0e) Importer(815301076,1909f56bfc062723c751e8b465ee728b)
Start importing Assets/Prefab/3DMoji/Prefab/キ.prefab using Guid(c5605a6f73c248c4392f8b2ea15cee0e) Importer(815301076,1909f56bfc062723c751e8b465ee728b)  -> (artifact id: 'dcb289c3f197940957d0846ff3967887') in 0.009449 seconds 
========================================================================
Received Import Request.
  Time since last request: 0.000017 seconds.
  path: Assets/Prefab/3DMoji/Prefab/ゴ.prefab
  artifactKey: Guid(0c14290a90f903745870be95531bf996) Importer(815301076,1909f56bfc062723c751e8b465ee728b)
Start importing Assets/Prefab/3DMoji/Prefab/ゴ.prefab using Guid(0c14290a90f903745870be95531bf996) Importer(815301076,1909f56bfc062723c751e8b465ee728b)  -> (artifact id: 'd82c992bea21b012edc1fd5127ed4ffe') in 0.009871 seconds 
========================================================================
Received Import Request.
  Time since last request: 0.000014 seconds.
  path: Assets/Prefab/3DMoji/Prefab/コ.prefab
  artifactKey: Guid(c3c4016461ccc9244acf79b7cc25c03f) Importer(815301076,1909f56bfc062723c751e8b465ee728b)
Start importing Assets/Prefab/3DMoji/Prefab/コ.prefab using Guid(c3c4016461ccc9244acf79b7cc25c03f) Importer(815301076,1909f56bfc062723c751e8b465ee728b)  -> (artifact id: '257ed1cc16b9d3f09c33ac1140960197') in 0.010339 seconds 
========================================================================
Received Import Request.
  Time since last request: 0.000016 seconds.
  path: Assets/Prefab/3DMoji/Prefab/ケ.prefab
  artifactKey: Guid(77d30a8167acfba4cac6fb70488b02fb) Importer(815301076,1909f56bfc062723c751e8b465ee728b)
Start importing Assets/Prefab/3DMoji/Prefab/ケ.prefab using Guid(77d30a8167acfba4cac6fb70488b02fb) Importer(815301076,1909f56bfc062723c751e8b465ee728b)  -> (artifact id: 'd21707567b646549b937c0d2111998d2') in 0.008167 seconds 
Editor requested this worker to shutdown with reason: Scaling down because of idle timeout
AssetImportWorker is now disconnected from the server
Process exiting
Exiting without the bug reporter. Application will terminate with return code 0