Using pre-set license
Built from '2021.3/staging' branch; Version is '2021.3.21f1 (1b156197d683) revision 1774945'; Using compiler version '192829333'; Build Type 'Release'
OS: 'Windows 11  (10.0.22621) 64bit Core' Language: 'ja' Physical Memory: 16310 MB
BatchMode: 1, IsHumanControllingUs: 0, StartBugReporterOnCrash: 0, Is64bit: 1, IsPro: 1

COMMAND LINE ARGUMENTS:
C:\Program Files\Unity\Hub\Editor\2021.3.21f1\Editor\Unity.exe
-adb2
-batchMode
-noUpm
-name
AssetImportWorker16
-projectPath
C:/Users/kihara/Documents/doraemon/Koetobuster
-logFile
Logs/AssetImportWorker16.log
-srvPort
61903
Successfully changed project path to: C:/Users/kihara/Documents/doraemon/Koetobuster
C:/Users/kihara/Documents/doraemon/Koetobuster
[UnityMemory] Configuration Parameters - Can be set up in boot.config
    "memorysetup-bucket-allocator-granularity=16"
    "memorysetup-bucket-allocator-bucket-count=8"
    "memorysetup-bucket-allocator-block-size=33554432"
    "memorysetup-bucket-allocator-block-count=8"
    "memorysetup-main-allocator-block-size=16777216"
    "memorysetup-thread-allocator-block-size=16777216"
    "memorysetup-gfx-main-allocator-block-size=16777216"
    "memorysetup-gfx-thread-allocator-block-size=16777216"
    "memorysetup-cache-allocator-block-size=4194304"
    "memorysetup-typetree-allocator-block-size=2097152"
    "memorysetup-profiler-bucket-allocator-granularity=16"
    "memorysetup-profiler-bucket-allocator-bucket-count=8"
    "memorysetup-profiler-bucket-allocator-block-size=33554432"
    "memorysetup-profiler-bucket-allocator-block-count=8"
    "memorysetup-profiler-allocator-block-size=16777216"
    "memorysetup-profiler-editor-allocator-block-size=1048576"
    "memorysetup-temp-allocator-size-main=16777216"
    "memorysetup-job-temp-allocator-block-size=2097152"
    "memorysetup-job-temp-allocator-block-size-background=1048576"
    "memorysetup-job-temp-allocator-reduction-small-platforms=262144"
    "memorysetup-temp-allocator-size-background-worker=32768"
    "memorysetup-temp-allocator-size-job-worker=262144"
    "memorysetup-temp-allocator-size-preload-manager=33554432"
    "memorysetup-temp-allocator-size-nav-mesh-worker=65536"
    "memorysetup-temp-allocator-size-audio-worker=65536"
    "memorysetup-temp-allocator-size-cloud-worker=32768"
    "memorysetup-temp-allocator-size-gi-baking-worker=262144"
    "memorysetup-temp-allocator-size-gfx=262144"
Player connection [1184] Host "[IP] 192.168.3.40 [Port] 0 [Flags] 2 [Guid] 3786726228 [EditorId] 3786726228 [Version] 1048832 [Id] WindowsEditor(7,K) [Debug] 1 [PackageName] WindowsEditor [ProjectName] Editor" joined multi-casting on [225.0.0.222:54997]...

Player connection [1184] Host "[IP] 192.168.3.40 [Port] 0 [Flags] 2 [Guid] 3786726228 [EditorId] 3786726228 [Version] 1048832 [Id] WindowsEditor(7,K) [Debug] 1 [PackageName] WindowsEditor [ProjectName] Editor" joined alternative multi-casting on [225.0.0.222:34997]...

Refreshing native plugins compatible for Editor in 68.61 ms, found 3 plugins.
Preloading 0 native plugins for Editor in 0.00 ms.
Initialize engine version: 2021.3.21f1 (1b156197d683)
[Subsystems] Discovering subsystems at path C:/Program Files/Unity/Hub/Editor/2021.3.21f1/Editor/Data/Resources/UnitySubsystems
[Subsystems] Discovering subsystems at path C:/Users/kihara/Documents/doraemon/Koetobuster/Assets
GfxDevice: creating device client; threaded=0; jobified=0
Direct3D:
    Version:  Direct3D 11.0 [level 11.1]
    Renderer: NVIDIA GeForce RTX 3070 Ti (ID=0x2482)
    Vendor:   NVIDIA
    VRAM:     8031 MB
    Driver:   31.0.15.2756
Initialize mono
Mono path[0] = 'C:/Program Files/Unity/Hub/Editor/2021.3.21f1/Editor/Data/Managed'
Mono path[1] = 'C:/Program Files/Unity/Hub/Editor/2021.3.21f1/Editor/Data/MonoBleedingEdge/lib/mono/unityjit-win32'
Mono config path = 'C:/Program Files/Unity/Hub/Editor/2021.3.21f1/Editor/Data/MonoBleedingEdge/etc'
Using monoOptions --debugger-agent=transport=dt_socket,embedding=1,server=y,suspend=n,address=127.0.0.1:56704
Begin MonoManager ReloadAssembly
Registering precompiled unity dll's ...
Register platform support module: C:/Program Files/Unity/Hub/Editor/2021.3.21f1/Editor/Data/PlaybackEngines/WindowsStandaloneSupport/UnityEditor.WindowsStandalone.Extensions.dll
Register platform support module: C:/Program Files/Unity/Hub/Editor/2021.3.21f1/Editor/Data/PlaybackEngines/MetroSupport/UnityEditor.UWP.Extensions.dll
Registered in 0.005184 seconds.
Native extension for UWP target not found
Native extension for WindowsStandalone target not found
Refreshing native plugins compatible for Editor in 52.61 ms, found 3 plugins.
Preloading 0 native plugins for Editor in 0.00 ms.
Mono: successfully reloaded assembly
- Completed reload, in  0.507 seconds
Domain Reload Profiling:
	ReloadAssembly (508ms)
		BeginReloadAssembly (79ms)
			ExecutionOrderSort (0ms)
			DisableScriptedObjects (0ms)
			BackupInstance (0ms)
			ReleaseScriptingObjects (0ms)
			CreateAndSetChildDomain (1ms)
		EndReloadAssembly (347ms)
			LoadAssemblies (76ms)
			RebuildTransferFunctionScriptingTraits (0ms)
			SetupTypeCache (76ms)
			ReleaseScriptCaches (0ms)
			RebuildScriptCaches (20ms)
			SetupLoadedEditorAssemblies (210ms)
				LogAssemblyErrors (0ms)
				InitializePlatformSupportModulesInManaged (7ms)
				SetLoadedEditorAssemblies (0ms)
				RefreshPlugins (53ms)
				BeforeProcessingInitializeOnLoad (1ms)
				ProcessInitializeOnLoadAttributes (109ms)
				ProcessInitializeOnLoadMethodAttributes (41ms)
				AfterProcessingInitializeOnLoad (0ms)
				EditorAssembliesLoaded (0ms)
			ExecutionOrderSort2 (0ms)
			AwakeInstancesAfterBackupRestoration (0ms)
Platform modules already initialized, skipping
Registering precompiled user dll's ...
Registered in 0.004803 seconds.
Begin MonoManager ReloadAssembly
Symbol file LoadedFromMemory doesn't match image C:\Users\kihara\Documents\doraemon\Koetobuster\Library\PackageCache\com.unity.visualscripting@1.8.0\Editor\VisualScripting.Core\Dependencies\YamlDotNet\Unity.VisualScripting.YamlDotNet.dll
Symbol file LoadedFromMemory doesn't match image C:\Users\kihara\Documents\doraemon\Koetobuster\Library\PackageCache\com.unity.visualscripting@1.8.0\Editor\VisualScripting.Core\Dependencies\DotNetZip\Unity.VisualScripting.IonicZip.dll
Native extension for UWP target not found
Native extension for WindowsStandalone target not found
Refreshing native plugins compatible for Editor in 0.55 ms, found 3 plugins.
Preloading 0 native plugins for Editor in 0.00 ms.
Mono: successfully reloaded assembly
- Completed reload, in  0.757 seconds
Domain Reload Profiling:
	ReloadAssembly (758ms)
		BeginReloadAssembly (94ms)
			ExecutionOrderSort (0ms)
			DisableScriptedObjects (5ms)
			BackupInstance (0ms)
			ReleaseScriptingObjects (0ms)
			CreateAndSetChildDomain (18ms)
		EndReloadAssembly (585ms)
			LoadAssemblies (67ms)
			RebuildTransferFunctionScriptingTraits (0ms)
			SetupTypeCache (199ms)
			ReleaseScriptCaches (0ms)
			RebuildScriptCaches (36ms)
			SetupLoadedEditorAssemblies (254ms)
				LogAssemblyErrors (0ms)
				InitializePlatformSupportModulesInManaged (5ms)
				SetLoadedEditorAssemblies (0ms)
				RefreshPlugins (1ms)
				BeforeProcessingInitializeOnLoad (57ms)
				ProcessInitializeOnLoadAttributes (171ms)
				ProcessInitializeOnLoadMethodAttributes (15ms)
				AfterProcessingInitializeOnLoad (6ms)
				EditorAssembliesLoaded (0ms)
			ExecutionOrderSort2 (0ms)
			AwakeInstancesAfterBackupRestoration (6ms)
Platform modules already initialized, skipping
========================================================================
Worker process is ready to serve import requests
Launched and connected shader compiler UnityShaderCompiler.exe after 0.04 seconds
Refreshing native plugins compatible for Editor in 0.58 ms, found 3 plugins.
Preloading 0 native plugins for Editor in 0.00 ms.
Unloading 3053 Unused Serialized files (Serialized files now loaded: 0)
Unloading 23 unused Assets / (56.4 KB). Loaded Objects now: 3514.
Memory consumption went from 107.7 MB to 107.6 MB.
Total: 2.392600 ms (FindLiveObjects: 0.194600 ms CreateObjectMapping: 0.079600 ms MarkObjects: 2.051100 ms  DeleteObjects: 0.066500 ms)

AssetImportParameters requested are different than current active one (requested -> active):
  custom:video-decoder-ogg-theora: a1e56fd34408186e4bbccfd4996cb3dc -> 
  custom:container-muxer-webm: aa71ff27fc2769a1b78a27578f13a17b -> 
  custom:container-demuxer-webm: 4f35f7cbe854078d1ac9338744f61a02 -> 
  custom:video-encoder-webm-vp8: eb34c28f22e8b96e1ab97ce403110664 -> 
  custom:video-codec-MediaFoundation-h265: 746d11721c4dcdbdad8f713fa42b33f4 -> 
  custom:audio-encoder-webm-vorbis: bf7c407c2cedff20999df2af8eb42d56 -> 
  custom:framework-win-MediaFoundation: 216162199b28c13a410421893ffa2e32 -> 
  custom:container-demuxer-ogg: 62fdf1f143b41e24485cea50d1cbac27 -> 
  custom:video-decoder-webm-vp8: 9c59270c3fd7afecdb556c50c9e8de78 -> 
  custom:audio-decoder-ogg-vorbis: bf7c407c2cedff20999df2af8eb42d56 -> 
========================================================================
Received Prepare
Registering precompiled user dll's ...
Registered in 0.004827 seconds.
Begin MonoManager ReloadAssembly
Symbol file LoadedFromMemory doesn't match image C:\Users\kihara\Documents\doraemon\Koetobuster\Library\PackageCache\com.unity.visualscripting@1.8.0\Editor\VisualScripting.Core\Dependencies\YamlDotNet\Unity.VisualScripting.YamlDotNet.dll
Symbol file LoadedFromMemory doesn't match image C:\Users\kihara\Documents\doraemon\Koetobuster\Library\PackageCache\com.unity.visualscripting@1.8.0\Editor\VisualScripting.Core\Dependencies\DotNetZip\Unity.VisualScripting.IonicZip.dll
Native extension for UWP target not found
Native extension for WindowsStandalone target not found
Refreshing native plugins compatible for Editor in 0.63 ms, found 3 plugins.
Preloading 0 native plugins for Editor in 0.00 ms.
Mono: successfully reloaded assembly
- Completed reload, in  0.896 seconds
Domain Reload Profiling:
	ReloadAssembly (896ms)
		BeginReloadAssembly (126ms)
			ExecutionOrderSort (0ms)
			DisableScriptedObjects (4ms)
			BackupInstance (0ms)
			ReleaseScriptingObjects (0ms)
			CreateAndSetChildDomain (31ms)
		EndReloadAssembly (677ms)
			LoadAssemblies (83ms)
			RebuildTransferFunctionScriptingTraits (0ms)
			SetupTypeCache (243ms)
			ReleaseScriptCaches (1ms)
			RebuildScriptCaches (37ms)
			SetupLoadedEditorAssemblies (275ms)
				LogAssemblyErrors (0ms)
				InitializePlatformSupportModulesInManaged (6ms)
				SetLoadedEditorAssemblies (0ms)
				RefreshPlugins (1ms)
				BeforeProcessingInitializeOnLoad (56ms)
				ProcessInitializeOnLoadAttributes (183ms)
				ProcessInitializeOnLoadMethodAttributes (20ms)
				AfterProcessingInitializeOnLoad (8ms)
				EditorAssembliesLoaded (0ms)
			ExecutionOrderSort2 (0ms)
			AwakeInstancesAfterBackupRestoration (8ms)
Platform modules already initialized, skipping
Refreshing native plugins compatible for Editor in 1.56 ms, found 3 plugins.
Preloading 0 native plugins for Editor in 0.00 ms.
Unloading 3046 Unused Serialized files (Serialized files now loaded: 0)
Unloading 16 unused Assets / (24.6 KB). Loaded Objects now: 3517.
Memory consumption went from 107.3 MB to 107.3 MB.
Total: 2.762900 ms (FindLiveObjects: 0.237500 ms CreateObjectMapping: 0.060700 ms MarkObjects: 2.445400 ms  DeleteObjects: 0.018600 ms)

AssetImportParameters requested are different than current active one (requested -> active):
  custom:video-decoder-ogg-theora: a1e56fd34408186e4bbccfd4996cb3dc -> 
  custom:container-muxer-webm: aa71ff27fc2769a1b78a27578f13a17b -> 
  custom:container-demuxer-webm: 4f35f7cbe854078d1ac9338744f61a02 -> 
  custom:video-encoder-webm-vp8: eb34c28f22e8b96e1ab97ce403110664 -> 
  custom:video-codec-MediaFoundation-h265: 746d11721c4dcdbdad8f713fa42b33f4 -> 
  custom:audio-encoder-webm-vorbis: bf7c407c2cedff20999df2af8eb42d56 -> 
  custom:framework-win-MediaFoundation: 216162199b28c13a410421893ffa2e32 -> 
  custom:container-demuxer-ogg: 62fdf1f143b41e24485cea50d1cbac27 -> 
  custom:video-decoder-webm-vp8: 9c59270c3fd7afecdb556c50c9e8de78 -> 
  custom:audio-decoder-ogg-vorbis: bf7c407c2cedff20999df2af8eb42d56 -> 
========================================================================
Received Prepare
Registering precompiled user dll's ...
Registered in 0.004351 seconds.
Begin MonoManager ReloadAssembly
Symbol file LoadedFromMemory doesn't match image C:\Users\kihara\Documents\doraemon\Koetobuster\Library\PackageCache\com.unity.visualscripting@1.8.0\Editor\VisualScripting.Core\Dependencies\YamlDotNet\Unity.VisualScripting.YamlDotNet.dll
Symbol file LoadedFromMemory doesn't match image C:\Users\kihara\Documents\doraemon\Koetobuster\Library\PackageCache\com.unity.visualscripting@1.8.0\Editor\VisualScripting.Core\Dependencies\DotNetZip\Unity.VisualScripting.IonicZip.dll
Native extension for UWP target not found
Native extension for WindowsStandalone target not found
Refreshing native plugins compatible for Editor in 0.66 ms, found 3 plugins.
Preloading 0 native plugins for Editor in 0.00 ms.
Mono: successfully reloaded assembly
- Completed reload, in  0.898 seconds
Domain Reload Profiling:
	ReloadAssembly (898ms)
		BeginReloadAssembly (129ms)
			ExecutionOrderSort (0ms)
			DisableScriptedObjects (4ms)
			BackupInstance (0ms)
			ReleaseScriptingObjects (0ms)
			CreateAndSetChildDomain (32ms)
		EndReloadAssembly (672ms)
			LoadAssemblies (91ms)
			RebuildTransferFunctionScriptingTraits (0ms)
			SetupTypeCache (238ms)
			ReleaseScriptCaches (2ms)
			RebuildScriptCaches (36ms)
			SetupLoadedEditorAssemblies (273ms)
				LogAssemblyErrors (0ms)
				InitializePlatformSupportModulesInManaged (6ms)
				SetLoadedEditorAssemblies (1ms)
				RefreshPlugins (1ms)
				BeforeProcessingInitializeOnLoad (57ms)
				ProcessInitializeOnLoadAttributes (182ms)
				ProcessInitializeOnLoadMethodAttributes (18ms)
				AfterProcessingInitializeOnLoad (8ms)
				EditorAssembliesLoaded (0ms)
			ExecutionOrderSort2 (0ms)
			AwakeInstancesAfterBackupRestoration (7ms)
Platform modules already initialized, skipping
Refreshing native plugins compatible for Editor in 1.67 ms, found 3 plugins.
Preloading 0 native plugins for Editor in 0.00 ms.
Unloading 3046 Unused Serialized files (Serialized files now loaded: 0)
Unloading 16 unused Assets / (24.7 KB). Loaded Objects now: 3520.
Memory consumption went from 107.3 MB to 107.3 MB.
Total: 2.976000 ms (FindLiveObjects: 0.388100 ms CreateObjectMapping: 0.084900 ms MarkObjects: 2.481300 ms  DeleteObjects: 0.020700 ms)

AssetImportParameters requested are different than current active one (requested -> active):
  custom:video-decoder-ogg-theora: a1e56fd34408186e4bbccfd4996cb3dc -> 
  custom:container-muxer-webm: aa71ff27fc2769a1b78a27578f13a17b -> 
  custom:container-demuxer-webm: 4f35f7cbe854078d1ac9338744f61a02 -> 
  custom:video-encoder-webm-vp8: eb34c28f22e8b96e1ab97ce403110664 -> 
  custom:video-codec-MediaFoundation-h265: 746d11721c4dcdbdad8f713fa42b33f4 -> 
  custom:audio-encoder-webm-vorbis: bf7c407c2cedff20999df2af8eb42d56 -> 
  custom:framework-win-MediaFoundation: 216162199b28c13a410421893ffa2e32 -> 
  custom:container-demuxer-ogg: 62fdf1f143b41e24485cea50d1cbac27 -> 
  custom:video-decoder-webm-vp8: 9c59270c3fd7afecdb556c50c9e8de78 -> 
  custom:audio-decoder-ogg-vorbis: bf7c407c2cedff20999df2af8eb42d56 -> 
========================================================================
Received Prepare
Registering precompiled user dll's ...
Registered in 0.004196 seconds.
Begin MonoManager ReloadAssembly
Symbol file LoadedFromMemory doesn't match image C:\Users\kihara\Documents\doraemon\Koetobuster\Library\PackageCache\com.unity.visualscripting@1.8.0\Editor\VisualScripting.Core\Dependencies\YamlDotNet\Unity.VisualScripting.YamlDotNet.dll
Symbol file LoadedFromMemory doesn't match image C:\Users\kihara\Documents\doraemon\Koetobuster\Library\PackageCache\com.unity.visualscripting@1.8.0\Editor\VisualScripting.Core\Dependencies\DotNetZip\Unity.VisualScripting.IonicZip.dll
Native extension for UWP target not found
Native extension for WindowsStandalone target not found
Refreshing native plugins compatible for Editor in 0.58 ms, found 3 plugins.
Preloading 0 native plugins for Editor in 0.00 ms.
Mono: successfully reloaded assembly
- Completed reload, in  0.781 seconds
Domain Reload Profiling:
	ReloadAssembly (782ms)
		BeginReloadAssembly (135ms)
			ExecutionOrderSort (0ms)
			DisableScriptedObjects (4ms)
			BackupInstance (0ms)
			ReleaseScriptingObjects (0ms)
			CreateAndSetChildDomain (33ms)
		EndReloadAssembly (576ms)
			LoadAssemblies (81ms)
			RebuildTransferFunctionScriptingTraits (0ms)
			SetupTypeCache (211ms)
			ReleaseScriptCaches (2ms)
			RebuildScriptCaches (33ms)
			SetupLoadedEditorAssemblies (230ms)
				LogAssemblyErrors (0ms)
				InitializePlatformSupportModulesInManaged (5ms)
				SetLoadedEditorAssemblies (0ms)
				RefreshPlugins (1ms)
				BeforeProcessingInitializeOnLoad (50ms)
				ProcessInitializeOnLoadAttributes (153ms)
				ProcessInitializeOnLoadMethodAttributes (15ms)
				AfterProcessingInitializeOnLoad (6ms)
				EditorAssembliesLoaded (0ms)
			ExecutionOrderSort2 (0ms)
			AwakeInstancesAfterBackupRestoration (5ms)
Platform modules already initialized, skipping
Refreshing native plugins compatible for Editor in 1.70 ms, found 3 plugins.
Preloading 0 native plugins for Editor in 0.00 ms.
Unloading 3046 Unused Serialized files (Serialized files now loaded: 0)
Unloading 16 unused Assets / (24.6 KB). Loaded Objects now: 3523.
Memory consumption went from 107.3 MB to 107.3 MB.
Total: 2.362200 ms (FindLiveObjects: 0.227100 ms CreateObjectMapping: 0.061700 ms MarkObjects: 2.052600 ms  DeleteObjects: 0.019900 ms)

AssetImportParameters requested are different than current active one (requested -> active):
  custom:video-decoder-ogg-theora: a1e56fd34408186e4bbccfd4996cb3dc -> 
  custom:container-muxer-webm: aa71ff27fc2769a1b78a27578f13a17b -> 
  custom:container-demuxer-webm: 4f35f7cbe854078d1ac9338744f61a02 -> 
  custom:video-encoder-webm-vp8: eb34c28f22e8b96e1ab97ce403110664 -> 
  custom:video-codec-MediaFoundation-h265: 746d11721c4dcdbdad8f713fa42b33f4 -> 
  custom:audio-encoder-webm-vorbis: bf7c407c2cedff20999df2af8eb42d56 -> 
  custom:framework-win-MediaFoundation: 216162199b28c13a410421893ffa2e32 -> 
  custom:container-demuxer-ogg: 62fdf1f143b41e24485cea50d1cbac27 -> 
  custom:video-decoder-webm-vp8: 9c59270c3fd7afecdb556c50c9e8de78 -> 
  custom:audio-decoder-ogg-vorbis: bf7c407c2cedff20999df2af8eb42d56 -> 
========================================================================
Received Prepare
Registering precompiled user dll's ...
Registered in 0.004709 seconds.
Begin MonoManager ReloadAssembly
Symbol file LoadedFromMemory doesn't match image C:\Users\kihara\Documents\doraemon\Koetobuster\Library\PackageCache\com.unity.visualscripting@1.8.0\Editor\VisualScripting.Core\Dependencies\YamlDotNet\Unity.VisualScripting.YamlDotNet.dll
Symbol file LoadedFromMemory doesn't match image C:\Users\kihara\Documents\doraemon\Koetobuster\Library\PackageCache\com.unity.visualscripting@1.8.0\Editor\VisualScripting.Core\Dependencies\DotNetZip\Unity.VisualScripting.IonicZip.dll
Native extension for UWP target not found
Native extension for WindowsStandalone target not found
Refreshing native plugins compatible for Editor in 0.59 ms, found 3 plugins.
Preloading 0 native plugins for Editor in 0.00 ms.
Mono: successfully reloaded assembly
- Completed reload, in  0.901 seconds
Domain Reload Profiling:
	ReloadAssembly (901ms)
		BeginReloadAssembly (133ms)
			ExecutionOrderSort (0ms)
			DisableScriptedObjects (6ms)
			BackupInstance (0ms)
			ReleaseScriptingObjects (0ms)
			CreateAndSetChildDomain (32ms)
		EndReloadAssembly (676ms)
			LoadAssemblies (87ms)
			RebuildTransferFunctionScriptingTraits (0ms)
			SetupTypeCache (243ms)
			ReleaseScriptCaches (1ms)
			RebuildScriptCaches (36ms)
			SetupLoadedEditorAssemblies (273ms)
				LogAssemblyErrors (0ms)
				InitializePlatformSupportModulesInManaged (6ms)
				SetLoadedEditorAssemblies (1ms)
				RefreshPlugins (1ms)
				BeforeProcessingInitializeOnLoad (62ms)
				ProcessInitializeOnLoadAttributes (175ms)
				ProcessInitializeOnLoadMethodAttributes (19ms)
				AfterProcessingInitializeOnLoad (9ms)
				EditorAssembliesLoaded (0ms)
			ExecutionOrderSort2 (0ms)
			AwakeInstancesAfterBackupRestoration (7ms)
Platform modules already initialized, skipping
Refreshing native plugins compatible for Editor in 2.00 ms, found 3 plugins.
Preloading 0 native plugins for Editor in 0.00 ms.
Unloading 3046 Unused Serialized files (Serialized files now loaded: 0)
Unloading 16 unused Assets / (24.6 KB). Loaded Objects now: 3526.
Memory consumption went from 107.3 MB to 107.3 MB.
Total: 3.057700 ms (FindLiveObjects: 0.229900 ms CreateObjectMapping: 0.072500 ms MarkObjects: 2.737500 ms  DeleteObjects: 0.017100 ms)

AssetImportParameters requested are different than current active one (requested -> active):
  custom:video-decoder-ogg-theora: a1e56fd34408186e4bbccfd4996cb3dc -> 
  custom:container-muxer-webm: aa71ff27fc2769a1b78a27578f13a17b -> 
  custom:container-demuxer-webm: 4f35f7cbe854078d1ac9338744f61a02 -> 
  custom:video-encoder-webm-vp8: eb34c28f22e8b96e1ab97ce403110664 -> 
  custom:video-codec-MediaFoundation-h265: 746d11721c4dcdbdad8f713fa42b33f4 -> 
  custom:audio-encoder-webm-vorbis: bf7c407c2cedff20999df2af8eb42d56 -> 
  custom:framework-win-MediaFoundation: 216162199b28c13a410421893ffa2e32 -> 
  custom:container-demuxer-ogg: 62fdf1f143b41e24485cea50d1cbac27 -> 
  custom:video-decoder-webm-vp8: 9c59270c3fd7afecdb556c50c9e8de78 -> 
  custom:audio-decoder-ogg-vorbis: bf7c407c2cedff20999df2af8eb42d56 -> 
========================================================================
Received Prepare
Registering precompiled user dll's ...
Registered in 0.004866 seconds.
Begin MonoManager ReloadAssembly
Symbol file LoadedFromMemory doesn't match image C:\Users\kihara\Documents\doraemon\Koetobuster\Library\PackageCache\com.unity.visualscripting@1.8.0\Editor\VisualScripting.Core\Dependencies\YamlDotNet\Unity.VisualScripting.YamlDotNet.dll
Symbol file LoadedFromMemory doesn't match image C:\Users\kihara\Documents\doraemon\Koetobuster\Library\PackageCache\com.unity.visualscripting@1.8.0\Editor\VisualScripting.Core\Dependencies\DotNetZip\Unity.VisualScripting.IonicZip.dll
Native extension for UWP target not found
Native extension for WindowsStandalone target not found
Refreshing native plugins compatible for Editor in 0.52 ms, found 3 plugins.
Preloading 0 native plugins for Editor in 0.00 ms.
Mono: successfully reloaded assembly
- Completed reload, in  0.709 seconds
Domain Reload Profiling:
	ReloadAssembly (710ms)
		BeginReloadAssembly (128ms)
			ExecutionOrderSort (0ms)
			DisableScriptedObjects (4ms)
			BackupInstance (0ms)
			ReleaseScriptingObjects (0ms)
			CreateAndSetChildDomain (36ms)
		EndReloadAssembly (512ms)
			LoadAssemblies (71ms)
			RebuildTransferFunctionScriptingTraits (0ms)
			SetupTypeCache (180ms)
			ReleaseScriptCaches (1ms)
			RebuildScriptCaches (31ms)
			SetupLoadedEditorAssemblies (208ms)
				LogAssemblyErrors (0ms)
				InitializePlatformSupportModulesInManaged (5ms)
				SetLoadedEditorAssemblies (0ms)
				RefreshPlugins (1ms)
				BeforeProcessingInitializeOnLoad (43ms)
				ProcessInitializeOnLoadAttributes (139ms)
				ProcessInitializeOnLoadMethodAttributes (14ms)
				AfterProcessingInitializeOnLoad (6ms)
				EditorAssembliesLoaded (0ms)
			ExecutionOrderSort2 (0ms)
			AwakeInstancesAfterBackupRestoration (5ms)
Platform modules already initialized, skipping
Refreshing native plugins compatible for Editor in 1.41 ms, found 3 plugins.
Preloading 0 native plugins for Editor in 0.00 ms.
Unloading 3046 Unused Serialized files (Serialized files now loaded: 0)
Unloading 16 unused Assets / (24.6 KB). Loaded Objects now: 3529.
Memory consumption went from 107.4 MB to 107.3 MB.
Total: 2.239400 ms (FindLiveObjects: 0.187500 ms CreateObjectMapping: 0.098600 ms MarkObjects: 1.935800 ms  DeleteObjects: 0.016800 ms)

AssetImportParameters requested are different than current active one (requested -> active):
  custom:video-decoder-ogg-theora: a1e56fd34408186e4bbccfd4996cb3dc -> 
  custom:container-muxer-webm: aa71ff27fc2769a1b78a27578f13a17b -> 
  custom:container-demuxer-webm: 4f35f7cbe854078d1ac9338744f61a02 -> 
  custom:video-encoder-webm-vp8: eb34c28f22e8b96e1ab97ce403110664 -> 
  custom:video-codec-MediaFoundation-h265: 746d11721c4dcdbdad8f713fa42b33f4 -> 
  custom:audio-encoder-webm-vorbis: bf7c407c2cedff20999df2af8eb42d56 -> 
  custom:framework-win-MediaFoundation: 216162199b28c13a410421893ffa2e32 -> 
  custom:container-demuxer-ogg: 62fdf1f143b41e24485cea50d1cbac27 -> 
  custom:video-decoder-webm-vp8: 9c59270c3fd7afecdb556c50c9e8de78 -> 
  custom:audio-decoder-ogg-vorbis: bf7c407c2cedff20999df2af8eb42d56 -> 
========================================================================
Received Prepare
Registering precompiled user dll's ...
Registered in 0.004589 seconds.
Begin MonoManager ReloadAssembly
Symbol file LoadedFromMemory doesn't match image C:\Users\kihara\Documents\doraemon\Koetobuster\Library\PackageCache\com.unity.visualscripting@1.8.0\Editor\VisualScripting.Core\Dependencies\YamlDotNet\Unity.VisualScripting.YamlDotNet.dll
Symbol file LoadedFromMemory doesn't match image C:\Users\kihara\Documents\doraemon\Koetobuster\Library\PackageCache\com.unity.visualscripting@1.8.0\Editor\VisualScripting.Core\Dependencies\DotNetZip\Unity.VisualScripting.IonicZip.dll
Native extension for UWP target not found
Native extension for WindowsStandalone target not found
Refreshing native plugins compatible for Editor in 0.58 ms, found 3 plugins.
Preloading 0 native plugins for Editor in 0.00 ms.
Mono: successfully reloaded assembly
- Completed reload, in  0.713 seconds
Domain Reload Profiling:
	ReloadAssembly (714ms)
		BeginReloadAssembly (131ms)
			ExecutionOrderSort (0ms)
			DisableScriptedObjects (4ms)
			BackupInstance (0ms)
			ReleaseScriptingObjects (0ms)
			CreateAndSetChildDomain (35ms)
		EndReloadAssembly (507ms)
			LoadAssemblies (79ms)
			RebuildTransferFunctionScriptingTraits (0ms)
			SetupTypeCache (167ms)
			ReleaseScriptCaches (1ms)
			RebuildScriptCaches (29ms)
			SetupLoadedEditorAssemblies (218ms)
				LogAssemblyErrors (0ms)
				InitializePlatformSupportModulesInManaged (5ms)
				SetLoadedEditorAssemblies (0ms)
				RefreshPlugins (1ms)
				BeforeProcessingInitializeOnLoad (43ms)
				ProcessInitializeOnLoadAttributes (145ms)
				ProcessInitializeOnLoadMethodAttributes (14ms)
				AfterProcessingInitializeOnLoad (10ms)
				EditorAssembliesLoaded (0ms)
			ExecutionOrderSort2 (0ms)
			AwakeInstancesAfterBackupRestoration (6ms)
Platform modules already initialized, skipping
Refreshing native plugins compatible for Editor in 1.95 ms, found 3 plugins.
Preloading 0 native plugins for Editor in 0.00 ms.
Unloading 3046 Unused Serialized files (Serialized files now loaded: 0)
Unloading 16 unused Assets / (24.7 KB). Loaded Objects now: 3532.
Memory consumption went from 107.4 MB to 107.3 MB.
Total: 2.234100 ms (FindLiveObjects: 0.197900 ms CreateObjectMapping: 0.069500 ms MarkObjects: 1.951600 ms  DeleteObjects: 0.014700 ms)

AssetImportParameters requested are different than current active one (requested -> active):
  custom:video-decoder-ogg-theora: a1e56fd34408186e4bbccfd4996cb3dc -> 
  custom:container-muxer-webm: aa71ff27fc2769a1b78a27578f13a17b -> 
  custom:container-demuxer-webm: 4f35f7cbe854078d1ac9338744f61a02 -> 
  custom:video-encoder-webm-vp8: eb34c28f22e8b96e1ab97ce403110664 -> 
  custom:video-codec-MediaFoundation-h265: 746d11721c4dcdbdad8f713fa42b33f4 -> 
  custom:audio-encoder-webm-vorbis: bf7c407c2cedff20999df2af8eb42d56 -> 
  custom:framework-win-MediaFoundation: 216162199b28c13a410421893ffa2e32 -> 
  custom:container-demuxer-ogg: 62fdf1f143b41e24485cea50d1cbac27 -> 
  custom:video-decoder-webm-vp8: 9c59270c3fd7afecdb556c50c9e8de78 -> 
  custom:audio-decoder-ogg-vorbis: bf7c407c2cedff20999df2af8eb42d56 -> 
========================================================================
Received Prepare
Registering precompiled user dll's ...
Registered in 0.005100 seconds.
Begin MonoManager ReloadAssembly
Symbol file LoadedFromMemory doesn't match image C:\Users\kihara\Documents\doraemon\Koetobuster\Library\PackageCache\com.unity.visualscripting@1.8.0\Editor\VisualScripting.Core\Dependencies\YamlDotNet\Unity.VisualScripting.YamlDotNet.dll
Symbol file LoadedFromMemory doesn't match image C:\Users\kihara\Documents\doraemon\Koetobuster\Library\PackageCache\com.unity.visualscripting@1.8.0\Editor\VisualScripting.Core\Dependencies\DotNetZip\Unity.VisualScripting.IonicZip.dll
Native extension for UWP target not found
Native extension for WindowsStandalone target not found
Refreshing native plugins compatible for Editor in 0.60 ms, found 3 plugins.
Preloading 0 native plugins for Editor in 0.00 ms.
Mono: successfully reloaded assembly
- Completed reload, in  0.849 seconds
Domain Reload Profiling:
	ReloadAssembly (850ms)
		BeginReloadAssembly (123ms)
			ExecutionOrderSort (0ms)
			DisableScriptedObjects (7ms)
			BackupInstance (0ms)
			ReleaseScriptingObjects (0ms)
			CreateAndSetChildDomain (32ms)
		EndReloadAssembly (636ms)
			LoadAssemblies (78ms)
			RebuildTransferFunctionScriptingTraits (0ms)
			SetupTypeCache (221ms)
			ReleaseScriptCaches (1ms)
			RebuildScriptCaches (38ms)
			SetupLoadedEditorAssemblies (265ms)
				LogAssemblyErrors (0ms)
				InitializePlatformSupportModulesInManaged (6ms)
				SetLoadedEditorAssemblies (0ms)
				RefreshPlugins (1ms)
				BeforeProcessingInitializeOnLoad (56ms)
				ProcessInitializeOnLoadAttributes (177ms)
				ProcessInitializeOnLoadMethodAttributes (17ms)
				AfterProcessingInitializeOnLoad (8ms)
				EditorAssembliesLoaded (0ms)
			ExecutionOrderSort2 (0ms)
			AwakeInstancesAfterBackupRestoration (6ms)
Platform modules already initialized, skipping
Refreshing native plugins compatible for Editor in 1.72 ms, found 3 plugins.
Preloading 0 native plugins for Editor in 0.00 ms.
Unloading 3046 Unused Serialized files (Serialized files now loaded: 0)
Unloading 16 unused Assets / (24.6 KB). Loaded Objects now: 3535.
Memory consumption went from 107.4 MB to 107.3 MB.
Total: 2.933700 ms (FindLiveObjects: 0.263700 ms CreateObjectMapping: 0.073200 ms MarkObjects: 2.578700 ms  DeleteObjects: 0.017200 ms)

AssetImportParameters requested are different than current active one (requested -> active):
  custom:video-decoder-ogg-theora: a1e56fd34408186e4bbccfd4996cb3dc -> 
  custom:container-muxer-webm: aa71ff27fc2769a1b78a27578f13a17b -> 
  custom:container-demuxer-webm: 4f35f7cbe854078d1ac9338744f61a02 -> 
  custom:video-encoder-webm-vp8: eb34c28f22e8b96e1ab97ce403110664 -> 
  custom:video-codec-MediaFoundation-h265: 746d11721c4dcdbdad8f713fa42b33f4 -> 
  custom:audio-encoder-webm-vorbis: bf7c407c2cedff20999df2af8eb42d56 -> 
  custom:framework-win-MediaFoundation: 216162199b28c13a410421893ffa2e32 -> 
  custom:container-demuxer-ogg: 62fdf1f143b41e24485cea50d1cbac27 -> 
  custom:video-decoder-webm-vp8: 9c59270c3fd7afecdb556c50c9e8de78 -> 
  custom:audio-decoder-ogg-vorbis: bf7c407c2cedff20999df2af8eb42d56 -> 
========================================================================
Received Prepare
Registering precompiled user dll's ...
Registered in 0.004253 seconds.
Begin MonoManager ReloadAssembly
Symbol file LoadedFromMemory doesn't match image C:\Users\kihara\Documents\doraemon\Koetobuster\Library\PackageCache\com.unity.visualscripting@1.8.0\Editor\VisualScripting.Core\Dependencies\YamlDotNet\Unity.VisualScripting.YamlDotNet.dll
Symbol file LoadedFromMemory doesn't match image C:\Users\kihara\Documents\doraemon\Koetobuster\Library\PackageCache\com.unity.visualscripting@1.8.0\Editor\VisualScripting.Core\Dependencies\DotNetZip\Unity.VisualScripting.IonicZip.dll
Native extension for UWP target not found
Native extension for WindowsStandalone target not found
Refreshing native plugins compatible for Editor in 0.92 ms, found 3 plugins.
Preloading 0 native plugins for Editor in 0.00 ms.
Mono: successfully reloaded assembly
- Completed reload, in  0.814 seconds
Domain Reload Profiling:
	ReloadAssembly (815ms)
		BeginReloadAssembly (118ms)
			ExecutionOrderSort (0ms)
			DisableScriptedObjects (4ms)
			BackupInstance (0ms)
			ReleaseScriptingObjects (0ms)
			CreateAndSetChildDomain (35ms)
		EndReloadAssembly (621ms)
			LoadAssemblies (73ms)
			RebuildTransferFunctionScriptingTraits (0ms)
			SetupTypeCache (216ms)
			ReleaseScriptCaches (1ms)
			RebuildScriptCaches (34ms)
			SetupLoadedEditorAssemblies (260ms)
				LogAssemblyErrors (0ms)
				InitializePlatformSupportModulesInManaged (6ms)
				SetLoadedEditorAssemblies (1ms)
				RefreshPlugins (1ms)
				BeforeProcessingInitializeOnLoad (55ms)
				ProcessInitializeOnLoadAttributes (171ms)
				ProcessInitializeOnLoadMethodAttributes (18ms)
				AfterProcessingInitializeOnLoad (8ms)
				EditorAssembliesLoaded (0ms)
			ExecutionOrderSort2 (0ms)
			AwakeInstancesAfterBackupRestoration (7ms)
Platform modules already initialized, skipping
Refreshing native plugins compatible for Editor in 2.47 ms, found 3 plugins.
Preloading 0 native plugins for Editor in 0.00 ms.
Unloading 3046 Unused Serialized files (Serialized files now loaded: 0)
Unloading 16 unused Assets / (24.7 KB). Loaded Objects now: 3538.
Memory consumption went from 107.4 MB to 107.4 MB.
Total: 2.335400 ms (FindLiveObjects: 0.245700 ms CreateObjectMapping: 0.078500 ms MarkObjects: 1.994500 ms  DeleteObjects: 0.016000 ms)

AssetImportParameters requested are different than current active one (requested -> active):
  custom:video-decoder-ogg-theora: a1e56fd34408186e4bbccfd4996cb3dc -> 
  custom:container-muxer-webm: aa71ff27fc2769a1b78a27578f13a17b -> 
  custom:container-demuxer-webm: 4f35f7cbe854078d1ac9338744f61a02 -> 
  custom:video-encoder-webm-vp8: eb34c28f22e8b96e1ab97ce403110664 -> 
  custom:video-codec-MediaFoundation-h265: 746d11721c4dcdbdad8f713fa42b33f4 -> 
  custom:audio-encoder-webm-vorbis: bf7c407c2cedff20999df2af8eb42d56 -> 
  custom:framework-win-MediaFoundation: 216162199b28c13a410421893ffa2e32 -> 
  custom:container-demuxer-ogg: 62fdf1f143b41e24485cea50d1cbac27 -> 
  custom:video-decoder-webm-vp8: 9c59270c3fd7afecdb556c50c9e8de78 -> 
  custom:audio-decoder-ogg-vorbis: bf7c407c2cedff20999df2af8eb42d56 -> 
========================================================================
Received Prepare
Registering precompiled user dll's ...
Registered in 0.004363 seconds.
Begin MonoManager ReloadAssembly
Symbol file LoadedFromMemory doesn't match image C:\Users\kihara\Documents\doraemon\Koetobuster\Library\PackageCache\com.unity.visualscripting@1.8.0\Editor\VisualScripting.Core\Dependencies\YamlDotNet\Unity.VisualScripting.YamlDotNet.dll
Symbol file LoadedFromMemory doesn't match image C:\Users\kihara\Documents\doraemon\Koetobuster\Library\PackageCache\com.unity.visualscripting@1.8.0\Editor\VisualScripting.Core\Dependencies\DotNetZip\Unity.VisualScripting.IonicZip.dll
Native extension for UWP target not found
Native extension for WindowsStandalone target not found
Refreshing native plugins compatible for Editor in 0.53 ms, found 3 plugins.
Preloading 0 native plugins for Editor in 0.00 ms.
Mono: successfully reloaded assembly
- Completed reload, in  0.783 seconds
Domain Reload Profiling:
	ReloadAssembly (784ms)
		BeginReloadAssembly (149ms)
			ExecutionOrderSort (0ms)
			DisableScriptedObjects (5ms)
			BackupInstance (0ms)
			ReleaseScriptingObjects (0ms)
			CreateAndSetChildDomain (41ms)
		EndReloadAssembly (546ms)
			LoadAssemblies (93ms)
			RebuildTransferFunctionScriptingTraits (0ms)
			SetupTypeCache (191ms)
			ReleaseScriptCaches (1ms)
			RebuildScriptCaches (28ms)
			SetupLoadedEditorAssemblies (228ms)
				LogAssemblyErrors (0ms)
				InitializePlatformSupportModulesInManaged (5ms)
				SetLoadedEditorAssemblies (0ms)
				RefreshPlugins (1ms)
				BeforeProcessingInitializeOnLoad (59ms)
				ProcessInitializeOnLoadAttributes (143ms)
				ProcessInitializeOnLoadMethodAttributes (14ms)
				AfterProcessingInitializeOnLoad (6ms)
				EditorAssembliesLoaded (0ms)
			ExecutionOrderSort2 (0ms)
			AwakeInstancesAfterBackupRestoration (5ms)
Platform modules already initialized, skipping
Refreshing native plugins compatible for Editor in 1.48 ms, found 3 plugins.
Preloading 0 native plugins for Editor in 0.00 ms.
Unloading 3046 Unused Serialized files (Serialized files now loaded: 0)
Unloading 16 unused Assets / (24.7 KB). Loaded Objects now: 3541.
Memory consumption went from 107.4 MB to 107.4 MB.
Total: 2.476700 ms (FindLiveObjects: 0.208600 ms CreateObjectMapping: 0.073000 ms MarkObjects: 2.176300 ms  DeleteObjects: 0.017700 ms)

AssetImportParameters requested are different than current active one (requested -> active):
  custom:video-decoder-ogg-theora: a1e56fd34408186e4bbccfd4996cb3dc -> 
  custom:container-muxer-webm: aa71ff27fc2769a1b78a27578f13a17b -> 
  custom:container-demuxer-webm: 4f35f7cbe854078d1ac9338744f61a02 -> 
  custom:video-encoder-webm-vp8: eb34c28f22e8b96e1ab97ce403110664 -> 
  custom:video-codec-MediaFoundation-h265: 746d11721c4dcdbdad8f713fa42b33f4 -> 
  custom:audio-encoder-webm-vorbis: bf7c407c2cedff20999df2af8eb42d56 -> 
  custom:framework-win-MediaFoundation: 216162199b28c13a410421893ffa2e32 -> 
  custom:container-demuxer-ogg: 62fdf1f143b41e24485cea50d1cbac27 -> 
  custom:video-decoder-webm-vp8: 9c59270c3fd7afecdb556c50c9e8de78 -> 
  custom:audio-decoder-ogg-vorbis: bf7c407c2cedff20999df2af8eb42d56 -> 
========================================================================
Received Import Request.
  Time since last request: 1402139.238469 seconds.
  path: Assets/Prefab/3DMoji/Prefab/ア.prefab
  artifactKey: Guid(d0e9ee0da4921f543bc74b0692313117) Importer(815301076,1909f56bfc062723c751e8b465ee728b)
Start importing Assets/Prefab/3DMoji/Prefab/ア.prefab using Guid(d0e9ee0da4921f543bc74b0692313117) Importer(815301076,1909f56bfc062723c751e8b465ee728b)  -> (artifact id: 'a4a23865bd5665612dde14c31263bff9') in 0.112598 seconds 
========================================================================
Received Import Request.
  Time since last request: 0.000024 seconds.
  path: Assets/Prefab/3DMoji/Prefab/ヌ.prefab
  artifactKey: Guid(8d08a58b8084a8049b464620fae95351) Importer(815301076,1909f56bfc062723c751e8b465ee728b)
Start importing Assets/Prefab/3DMoji/Prefab/ヌ.prefab using Guid(8d08a58b8084a8049b464620fae95351) Importer(815301076,1909f56bfc062723c751e8b465ee728b)  -> (artifact id: '1062c832dbdd86ed7912ec5524f37a8d') in 0.010321 seconds 
========================================================================
Received Import Request.
  Time since last request: 0.000032 seconds.
  path: Assets/Prefab/3DMoji/Prefab/サ.prefab
  artifactKey: Guid(b72b37c4353da854d83cf690a31398ee) Importer(815301076,1909f56bfc062723c751e8b465ee728b)
Start importing Assets/Prefab/3DMoji/Prefab/サ.prefab using Guid(b72b37c4353da854d83cf690a31398ee) Importer(815301076,1909f56bfc062723c751e8b465ee728b)  -> (artifact id: 'e09df0ad8b7e32acf4fdc43f2762f595') in 0.012626 seconds 
========================================================================
Received Import Request.
  Time since last request: 0.000018 seconds.
  path: Assets/Prefab/3DMoji/Prefab/チ.prefab
  artifactKey: Guid(5bdf971c4e6ae4a408d7119033c8fd60) Importer(815301076,1909f56bfc062723c751e8b465ee728b)
Start importing Assets/Prefab/3DMoji/Prefab/チ.prefab using Guid(5bdf971c4e6ae4a408d7119033c8fd60) Importer(815301076,1909f56bfc062723c751e8b465ee728b)  -> (artifact id: '0dea8688e87c61d3a57db1feab244144') in 0.005655 seconds 
========================================================================
Received Import Request.
  Time since last request: 0.000014 seconds.
  path: Assets/Prefab/3DMoji/Prefab/ヒ.prefab
  artifactKey: Guid(ba4b341352cc9d44da04f26a450f4f0a) Importer(815301076,1909f56bfc062723c751e8b465ee728b)
Start importing Assets/Prefab/3DMoji/Prefab/ヒ.prefab using Guid(ba4b341352cc9d44da04f26a450f4f0a) Importer(815301076,1909f56bfc062723c751e8b465ee728b)  -> (artifact id: 'cd0703ab98114a42bdb28a36dde3a196') in 0.010268 seconds 
========================================================================
Received Import Request.
  Time since last request: 0.000015 seconds.
  path: Assets/Prefab/3DMoji/Prefab/ハ.prefab
  artifactKey: Guid(303898af6dd6bca48859d3134931ca00) Importer(815301076,1909f56bfc062723c751e8b465ee728b)
Start importing Assets/Prefab/3DMoji/Prefab/ハ.prefab using Guid(303898af6dd6bca48859d3134931ca00) Importer(815301076,1909f56bfc062723c751e8b465ee728b)  -> (artifact id: 'f211a4076716e284697129655830acba') in 0.007145 seconds 
========================================================================
Received Import Request.
  Time since last request: 0.000017 seconds.
  path: Assets/Prefab/3DMoji/Prefab/セ.prefab
  artifactKey: Guid(b738a4dc6bf544f4b9a4ee041c4c1b9f) Importer(815301076,1909f56bfc062723c751e8b465ee728b)
Start importing Assets/Prefab/3DMoji/Prefab/セ.prefab using Guid(b738a4dc6bf544f4b9a4ee041c4c1b9f) Importer(815301076,1909f56bfc062723c751e8b465ee728b)  -> (artifact id: '0264672368721e05fadcde6489646885') in 0.010004 seconds 
========================================================================
Received Import Request.
  Time since last request: 0.000020 seconds.
  path: Assets/Prefab/3DMoji/Prefab/ネ.prefab
  artifactKey: Guid(b980dca41e6a10e45862ce42d4a2219f) Importer(815301076,1909f56bfc062723c751e8b465ee728b)
Start importing Assets/Prefab/3DMoji/Prefab/ネ.prefab using Guid(b980dca41e6a10e45862ce42d4a2219f) Importer(815301076,1909f56bfc062723c751e8b465ee728b)  -> (artifact id: '3991507f901d0186c8815b987f2ea9e4') in 0.010186 seconds 
========================================================================
Received Import Request.
  Time since last request: 0.000015 seconds.
  path: Assets/Prefab/3DMoji/Prefab/ダ.prefab
  artifactKey: Guid(3debddd0f20ea894eb6473d2a1f683e4) Importer(815301076,1909f56bfc062723c751e8b465ee728b)
Start importing Assets/Prefab/3DMoji/Prefab/ダ.prefab using Guid(3debddd0f20ea894eb6473d2a1f683e4) Importer(815301076,1909f56bfc062723c751e8b465ee728b)  -> (artifact id: 'c1059f40bcc875ff8f8486c5f54d9242') in 0.010620 seconds 
========================================================================
Received Import Request.
  Time since last request: 0.000016 seconds.
  path: Assets/Prefab/3DMoji/Prefab/ゥ.prefab
  artifactKey: Guid(d05e053ec320e0b4599a07a472da213c) Importer(815301076,1909f56bfc062723c751e8b465ee728b)
Start importing Assets/Prefab/3DMoji/Prefab/ゥ.prefab using Guid(d05e053ec320e0b4599a07a472da213c) Importer(815301076,1909f56bfc062723c751e8b465ee728b)  -> (artifact id: 'dcb7e14d63585f81fe1e4a4caa3ff9ba') in 0.006643 seconds 
========================================================================
Received Import Request.
  Time since last request: 0.000018 seconds.
  path: Assets/Prefab/3DMoji/Prefab/ク.prefab
  artifactKey: Guid(6c890b48971058647ab494b35051594a) Importer(815301076,1909f56bfc062723c751e8b465ee728b)
Start importing Assets/Prefab/3DMoji/Prefab/ク.prefab using Guid(6c890b48971058647ab494b35051594a) Importer(815301076,1909f56bfc062723c751e8b465ee728b)  -> (artifact id: 'eb17373679ea3dcc4c08cc2a3ada617a') in 0.009864 seconds 
========================================================================
Received Import Request.
  Time since last request: 0.000021 seconds.
  path: Assets/Prefab/3DMoji/Prefab/ギ.prefab
  artifactKey: Guid(c2c2615df15339f4989c56e06ab8e578) Importer(815301076,1909f56bfc062723c751e8b465ee728b)
Start importing Assets/Prefab/3DMoji/Prefab/ギ.prefab using Guid(c2c2615df15339f4989c56e06ab8e578) Importer(815301076,1909f56bfc062723c751e8b465ee728b)  -> (artifact id: '0af1e20a5c580fd5abe44fdd76afec8d') in 0.008972 seconds 
========================================================================
Received Import Request.
  Time since last request: 0.000019 seconds.
  path: Assets/Prefab/3DMoji/Prefab/ィ.prefab
  artifactKey: Guid(3d1b0410607d8754fb9189f46a321b7a) Importer(815301076,1909f56bfc062723c751e8b465ee728b)
Start importing Assets/Prefab/3DMoji/Prefab/ィ.prefab using Guid(3d1b0410607d8754fb9189f46a321b7a) Importer(815301076,1909f56bfc062723c751e8b465ee728b)  -> (artifact id: 'a112cce48049cea79ef9ecc15491adf4') in 0.006483 seconds 
========================================================================
Received Import Request.
  Time since last request: 0.000016 seconds.
  path: Assets/Prefab/3DMoji/Prefab/ウ.prefab
  artifactKey: Guid(6e95fea6cf249b845b3280433d8f3ca4) Importer(815301076,1909f56bfc062723c751e8b465ee728b)
Start importing Assets/Prefab/3DMoji/Prefab/ウ.prefab using Guid(6e95fea6cf249b845b3280433d8f3ca4) Importer(815301076,1909f56bfc062723c751e8b465ee728b)  -> (artifact id: 'e7d66274647f057e037aa25b7403735b') in 0.005938 seconds 
========================================================================
Received Import Request.
  Time since last request: 0.000018 seconds.
  path: Assets/Prefab/3DMoji/Prefab/タ.prefab
  artifactKey: Guid(05ff34197b0736e4fbd336d1626e97fa) Importer(815301076,1909f56bfc062723c751e8b465ee728b)
Start importing Assets/Prefab/3DMoji/Prefab/タ.prefab using Guid(05ff34197b0736e4fbd336d1626e97fa) Importer(815301076,1909f56bfc062723c751e8b465ee728b)  -> (artifact id: '3a9de21324cdc9eff4f1d2f561422bc0') in 0.009235 seconds 
========================================================================
Received Import Request.
  Time since last request: 0.000013 seconds.
  path: Assets/Prefab/3DMoji/Prefab/デ.prefab
  artifactKey: Guid(efa53e9df93f58c4683e302c9743ec01) Importer(815301076,1909f56bfc062723c751e8b465ee728b)
Start importing Assets/Prefab/3DMoji/Prefab/デ.prefab using Guid(efa53e9df93f58c4683e302c9743ec01) Importer(815301076,1909f56bfc062723c751e8b465ee728b)  -> (artifact id: 'c539b4c89a49bf614940b26ec1860824') in 0.006960 seconds 
========================================================================
Received Import Request.
  Time since last request: 0.000021 seconds.
  path: Assets/Prefab/3DMoji/Prefab/テ.prefab
  artifactKey: Guid(b012e59945151354f8ca002255ea2685) Importer(815301076,1909f56bfc062723c751e8b465ee728b)
Start importing Assets/Prefab/3DMoji/Prefab/テ.prefab using Guid(b012e59945151354f8ca002255ea2685) Importer(815301076,1909f56bfc062723c751e8b465ee728b)  -> (artifact id: '4355bb23d391164e55555598b3af7b44') in 0.010621 seconds 
========================================================================
Received Import Request.
  Time since last request: 0.000019 seconds.
  path: Assets/Prefab/3DMoji/Prefab/コ.prefab
  artifactKey: Guid(c3c4016461ccc9244acf79b7cc25c03f) Importer(815301076,1909f56bfc062723c751e8b465ee728b)
Start importing Assets/Prefab/3DMoji/Prefab/コ.prefab using Guid(c3c4016461ccc9244acf79b7cc25c03f) Importer(815301076,1909f56bfc062723c751e8b465ee728b)  -> (artifact id: 'c84ddc286265c6718ba9c977d8e2215e') in 0.012054 seconds 
========================================================================
Received Import Request.
  Time since last request: 0.000015 seconds.
  path: Assets/Prefab/3DMoji/Prefab/ツ.prefab
  artifactKey: Guid(08f43170162043047aef7526698cff53) Importer(815301076,1909f56bfc062723c751e8b465ee728b)
Start importing Assets/Prefab/3DMoji/Prefab/ツ.prefab using Guid(08f43170162043047aef7526698cff53) Importer(815301076,1909f56bfc062723c751e8b465ee728b)  -> (artifact id: '1b38ffb77a1970716045dc6e3b71987e') in 0.006569 seconds 
========================================================================
Received Import Request.
  Time since last request: 0.000022 seconds.
  path: Assets/Prefab/3DMoji/Prefab/イ.prefab
  artifactKey: Guid(36915910877943242b0ff22341c725da) Importer(815301076,1909f56bfc062723c751e8b465ee728b)
Start importing Assets/Prefab/3DMoji/Prefab/イ.prefab using Guid(36915910877943242b0ff22341c725da) Importer(815301076,1909f56bfc062723c751e8b465ee728b)  -> (artifact id: 'b1624e3103996225af53502135462882') in 0.008748 seconds 
========================================================================
Received Import Request.
  Time since last request: 0.000026 seconds.
  path: Assets/Prefab/3DMoji/Prefab/ド.prefab
  artifactKey: Guid(698fa0d2e025f4c468d7ecd2c32dd880) Importer(815301076,1909f56bfc062723c751e8b465ee728b)
Start importing Assets/Prefab/3DMoji/Prefab/ド.prefab using Guid(698fa0d2e025f4c468d7ecd2c32dd880) Importer(815301076,1909f56bfc062723c751e8b465ee728b)  -> (artifact id: '77ffc2ee267f9205936a3aa5c56d790f') in 0.011672 seconds 
========================================================================
Received Import Request.
  Time since last request: 0.000017 seconds.
  path: Assets/Prefab/3DMoji/Prefab/ガ.prefab
  artifactKey: Guid(2df583d77c038f14698c1b3f5e1dc4c1) Importer(815301076,1909f56bfc062723c751e8b465ee728b)
Start importing Assets/Prefab/3DMoji/Prefab/ガ.prefab using Guid(2df583d77c038f14698c1b3f5e1dc4c1) Importer(815301076,1909f56bfc062723c751e8b465ee728b)  -> (artifact id: '2896a1b8773f503894ace2d265840767') in 0.006291 seconds 
========================================================================
Received Import Request.
  Time since last request: 4.429962 seconds.
  path: Assets/Prefab/3DMoji/Prefab/フ.prefab
  artifactKey: Guid(1d989cc4c7df1994291f7222445bd446) Importer(815301076,1909f56bfc062723c751e8b465ee728b)
Start importing Assets/Prefab/3DMoji/Prefab/フ.prefab using Guid(1d989cc4c7df1994291f7222445bd446) Importer(815301076,1909f56bfc062723c751e8b465ee728b)  -> (artifact id: '30fab1cd0274b5f9b1f6dcc83cc5a57d') in 0.009939 seconds 
========================================================================
Received Import Request.
  Time since last request: 0.000015 seconds.
  path: Assets/Prefab/3DMoji/Prefab/ペ.prefab
  artifactKey: Guid(b53ef64ff26776c4eab2acecdf47b285) Importer(815301076,1909f56bfc062723c751e8b465ee728b)
Start importing Assets/Prefab/3DMoji/Prefab/ペ.prefab using Guid(b53ef64ff26776c4eab2acecdf47b285) Importer(815301076,1909f56bfc062723c751e8b465ee728b)  -> (artifact id: '5a2fa9201728a2895413d797376e44fb') in 0.006610 seconds 
========================================================================
Received Import Request.
  Time since last request: 0.000014 seconds.
  path: Assets/Prefab/3DMoji/Prefab/ボ.prefab
  artifactKey: Guid(4ebd1c2e79c0a6249b93311c3c2376ea) Importer(815301076,1909f56bfc062723c751e8b465ee728b)
Start importing Assets/Prefab/3DMoji/Prefab/ボ.prefab using Guid(4ebd1c2e79c0a6249b93311c3c2376ea) Importer(815301076,1909f56bfc062723c751e8b465ee728b)  -> (artifact id: 'fc24dad7750f289b8cba47dd35d82669') in 0.009550 seconds 
========================================================================
Received Import Request.
  Time since last request: 0.000017 seconds.
  path: Assets/Prefab/3DMoji/Prefab/ヘ.prefab
  artifactKey: Guid(742350aa5d7a7d447bab12dc1315e0a1) Importer(815301076,1909f56bfc062723c751e8b465ee728b)
Start importing Assets/Prefab/3DMoji/Prefab/ヘ.prefab using Guid(742350aa5d7a7d447bab12dc1315e0a1) Importer(815301076,1909f56bfc062723c751e8b465ee728b)  -> (artifact id: '426df5de621463c254f46d40d8d76547') in 0.007571 seconds 
========================================================================
Received Import Request.
  Time since last request: 0.000022 seconds.
  path: Assets/Prefab/3DMoji/Prefab/プ.prefab
  artifactKey: Guid(ccbec2da6b169a14c96cfaaff575ad98) Importer(815301076,1909f56bfc062723c751e8b465ee728b)
Start importing Assets/Prefab/3DMoji/Prefab/プ.prefab using Guid(ccbec2da6b169a14c96cfaaff575ad98) Importer(815301076,1909f56bfc062723c751e8b465ee728b)  -> (artifact id: '54ff487c210744754d5e1704f1f8b316') in 0.010069 seconds 
========================================================================
Received Import Request.
  Time since last request: 0.000019 seconds.
  path: Assets/Prefab/3DMoji/Prefab/ホ.prefab
  artifactKey: Guid(c5acb6546f33e414fb5ab90f51786c80) Importer(815301076,1909f56bfc062723c751e8b465ee728b)
Start importing Assets/Prefab/3DMoji/Prefab/ホ.prefab using Guid(c5acb6546f33e414fb5ab90f51786c80) Importer(815301076,1909f56bfc062723c751e8b465ee728b)  -> (artifact id: '62f971cd601499e3058e882ef1cd35c9') in 0.009779 seconds 
========================================================================
Received Import Request.
  Time since last request: 0.000017 seconds.
  path: Assets/Prefab/3DMoji/Prefab/ポ.prefab
  artifactKey: Guid(bcff627723261bf4caddbf3c90cfbd27) Importer(815301076,1909f56bfc062723c751e8b465ee728b)
Start importing Assets/Prefab/3DMoji/Prefab/ポ.prefab using Guid(bcff627723261bf4caddbf3c90cfbd27) Importer(815301076,1909f56bfc062723c751e8b465ee728b)  -> (artifact id: '15dbba5538d77700054d7315b3726c70') in 0.011710 seconds 
========================================================================
Received Import Request.
  Time since last request: 0.298646 seconds.
  path: Assets/Prefab/3DMoji/Prefab/ュ.prefab
  artifactKey: Guid(ad9a9b4479f6f40419150fb308fca4e4) Importer(815301076,1909f56bfc062723c751e8b465ee728b)
Start importing Assets/Prefab/3DMoji/Prefab/ュ.prefab using Guid(ad9a9b4479f6f40419150fb308fca4e4) Importer(815301076,1909f56bfc062723c751e8b465ee728b)  -> (artifact id: 'f4af05b5a2e0b99516946e9af7754522') in 0.008833 seconds 
========================================================================
Received Import Request.
  Time since last request: 0.000019 seconds.
  path: Assets/Prefab/3DMoji/Prefab/ワ.prefab
  artifactKey: Guid(3f58abd8d1e561642802895fee7211e3) Importer(815301076,1909f56bfc062723c751e8b465ee728b)
Start importing Assets/Prefab/3DMoji/Prefab/ワ.prefab using Guid(3f58abd8d1e561642802895fee7211e3) Importer(815301076,1909f56bfc062723c751e8b465ee728b)  -> (artifact id: '4a02c9b56825a4d6f0229ad381d17050') in 0.009013 seconds 
========================================================================
Received Import Request.
  Time since last request: 0.000024 seconds.
  path: Assets/Prefab/3DMoji/Prefab/ラ.prefab
  artifactKey: Guid(1c1312397335d204fbbaa04c86f8d09d) Importer(815301076,1909f56bfc062723c751e8b465ee728b)
Start importing Assets/Prefab/3DMoji/Prefab/ラ.prefab using Guid(1c1312397335d204fbbaa04c86f8d09d) Importer(815301076,1909f56bfc062723c751e8b465ee728b)  -> (artifact id: 'ef0ff070c09a3b2b0f5af1305d162035') in 0.007199 seconds 
========================================================================
Received Import Request.
  Time since last request: 0.000019 seconds.
  path: Assets/Prefab/3DMoji/Prefab/ョ.prefab
  artifactKey: Guid(2f4ee1469e4c05e4b828e5c38ed5eae2) Importer(815301076,1909f56bfc062723c751e8b465ee728b)
Start importing Assets/Prefab/3DMoji/Prefab/ョ.prefab using Guid(2f4ee1469e4c05e4b828e5c38ed5eae2) Importer(815301076,1909f56bfc062723c751e8b465ee728b)  -> (artifact id: 'b19697c4551297a7813b5a144f7c41f5') in 0.010483 seconds 
========================================================================
Received Import Request.
  Time since last request: 0.000022 seconds.
  path: Assets/Prefab/3DMoji/Prefab/ユ.prefab
  artifactKey: Guid(c3fc59a64c0c3ba41ab81ee358fa854d) Importer(815301076,1909f56bfc062723c751e8b465ee728b)
Start importing Assets/Prefab/3DMoji/Prefab/ユ.prefab using Guid(c3fc59a64c0c3ba41ab81ee358fa854d) Importer(815301076,1909f56bfc062723c751e8b465ee728b)  -> (artifact id: 'a6d3866e7fc3671b7b10ba2d3d975cef') in 0.012386 seconds 
========================================================================
Received Import Request.
  Time since last request: 9.560616 seconds.
  path: Assets/Hovl Studio/Procedural fire/Materials/Smoke26.mat
  artifactKey: Guid(1fd724d226066ad4cbc105d4ad53a444) Importer(815301076,1909f56bfc062723c751e8b465ee728b)
Start importing Assets/Hovl Studio/Procedural fire/Materials/Smoke26.mat using Guid(1fd724d226066ad4cbc105d4ad53a444) Importer(815301076,1909f56bfc062723c751e8b465ee728b)  -> (artifact id: 'bb6dced9a52c660040f685355a183e9c') in 0.051655 seconds 
========================================================================
Received Import Request.
  Time since last request: 0.000017 seconds.
  path: Assets/Hovl Studio/Procedural fire/Materials/SparkSphere.mat
  artifactKey: Guid(20e729147a4dad247abfc2305c3dd963) Importer(815301076,1909f56bfc062723c751e8b465ee728b)
Start importing Assets/Hovl Studio/Procedural fire/Materials/SparkSphere.mat using Guid(20e729147a4dad247abfc2305c3dd963) Importer(815301076,1909f56bfc062723c751e8b465ee728b)  -> (artifact id: '6a0d05a459379525c53144710b5cd275') in 0.118114 seconds 
========================================================================
Received Import Request.
  Time since last request: 2.521867 seconds.
  path: Assets/Hovl Studio/Procedural fire/Prefabs/Magic fire 1.prefab
  artifactKey: Guid(25093a0593dc83043a7bc17ebba0e95d) Importer(815301076,1909f56bfc062723c751e8b465ee728b)
Start importing Assets/Hovl Studio/Procedural fire/Prefabs/Magic fire 1.prefab using Guid(25093a0593dc83043a7bc17ebba0e95d) Importer(815301076,1909f56bfc062723c751e8b465ee728b)  -> (artifact id: '9a8e961ecca2bd0a07b4788ab59b6421') in 0.016237 seconds 
========================================================================
Received Import Request.
  Time since last request: 0.000015 seconds.
  path: Assets/Hovl Studio/Procedural fire/Prefabs/Magic fire pro orange.prefab
  artifactKey: Guid(e55149ba6f4d00741984987e258c3378) Importer(815301076,1909f56bfc062723c751e8b465ee728b)
Start importing Assets/Hovl Studio/Procedural fire/Prefabs/Magic fire pro orange.prefab using Guid(e55149ba6f4d00741984987e258c3378) Importer(815301076,1909f56bfc062723c751e8b465ee728b)  -> (artifact id: 'ec6069285cf40be55634022b65a34e27') in 0.016135 seconds 
========================================================================
Received Import Request.
  Time since last request: 0.000014 seconds.
  path: Assets/Hovl Studio/Procedural fire/Prefabs/RotatorPS2.prefab
  artifactKey: Guid(26255240385821a4185c7163c7a7aec6) Importer(815301076,1909f56bfc062723c751e8b465ee728b)
Start importing Assets/Hovl Studio/Procedural fire/Prefabs/RotatorPS2.prefab using Guid(26255240385821a4185c7163c7a7aec6) Importer(815301076,1909f56bfc062723c751e8b465ee728b)  -> (artifact id: '60aab9510691ba42e2f7255d9e8fb737') in 0.021790 seconds 
========================================================================
Received Import Request.
  Time since last request: 0.000022 seconds.
  path: Assets/Hovl Studio/Procedural fire/Prefabs/Magic fire 2.prefab
  artifactKey: Guid(529eb4216865eba419c1a4a68d0b0388) Importer(815301076,1909f56bfc062723c751e8b465ee728b)
Start importing Assets/Hovl Studio/Procedural fire/Prefabs/Magic fire 2.prefab using Guid(529eb4216865eba419c1a4a68d0b0388) Importer(815301076,1909f56bfc062723c751e8b465ee728b)  -> (artifact id: 'c2506beb109715d0b8e4c82eea6d3ac2') in 0.013043 seconds 
========================================================================
Received Prepare
Registering precompiled user dll's ...
Registered in 0.004819 seconds.
Begin MonoManager ReloadAssembly
Symbol file LoadedFromMemory doesn't match image C:\Users\kihara\Documents\doraemon\Koetobuster\Library\PackageCache\com.unity.visualscripting@1.8.0\Editor\VisualScripting.Core\Dependencies\YamlDotNet\Unity.VisualScripting.YamlDotNet.dll
Symbol file LoadedFromMemory doesn't match image C:\Users\kihara\Documents\doraemon\Koetobuster\Library\PackageCache\com.unity.visualscripting@1.8.0\Editor\VisualScripting.Core\Dependencies\DotNetZip\Unity.VisualScripting.IonicZip.dll
Native extension for UWP target not found
Native extension for WindowsStandalone target not found
Refreshing native plugins compatible for Editor in 0.56 ms, found 3 plugins.
Preloading 0 native plugins for Editor in 0.00 ms.
Mono: successfully reloaded assembly
- Completed reload, in  0.696 seconds
Domain Reload Profiling:
	ReloadAssembly (696ms)
		BeginReloadAssembly (116ms)
			ExecutionOrderSort (0ms)
			DisableScriptedObjects (3ms)
			BackupInstance (0ms)
			ReleaseScriptingObjects (0ms)
			CreateAndSetChildDomain (30ms)
		EndReloadAssembly (507ms)
			LoadAssemblies (72ms)
			RebuildTransferFunctionScriptingTraits (0ms)
			SetupTypeCache (172ms)
			ReleaseScriptCaches (1ms)
			RebuildScriptCaches (30ms)
			SetupLoadedEditorAssemblies (208ms)
				LogAssemblyErrors (0ms)
				InitializePlatformSupportModulesInManaged (5ms)
				SetLoadedEditorAssemblies (0ms)
				RefreshPlugins (1ms)
				BeforeProcessingInitializeOnLoad (43ms)
				ProcessInitializeOnLoadAttributes (140ms)
				ProcessInitializeOnLoadMethodAttributes (13ms)
				AfterProcessingInitializeOnLoad (6ms)
				EditorAssembliesLoaded (0ms)
			ExecutionOrderSort2 (0ms)
			AwakeInstancesAfterBackupRestoration (5ms)
Platform modules already initialized, skipping
Refreshing native plugins compatible for Editor in 1.39 ms, found 3 plugins.
Preloading 0 native plugins for Editor in 0.00 ms.
Unloading 3047 Unused Serialized files (Serialized files now loaded: 0)
Unloading 16 unused Assets / (24.7 KB). Loaded Objects now: 3588.
Memory consumption went from 112.5 MB to 112.5 MB.
Total: 2.435900 ms (FindLiveObjects: 0.194900 ms CreateObjectMapping: 0.069200 ms MarkObjects: 2.156200 ms  DeleteObjects: 0.015100 ms)

AssetImportParameters requested are different than current active one (requested -> active):
  custom:video-decoder-ogg-theora: a1e56fd34408186e4bbccfd4996cb3dc -> 
  custom:container-muxer-webm: aa71ff27fc2769a1b78a27578f13a17b -> 
  custom:container-demuxer-webm: 4f35f7cbe854078d1ac9338744f61a02 -> 
  custom:video-encoder-webm-vp8: eb34c28f22e8b96e1ab97ce403110664 -> 
  custom:video-codec-MediaFoundation-h265: 746d11721c4dcdbdad8f713fa42b33f4 -> 
  custom:audio-encoder-webm-vorbis: bf7c407c2cedff20999df2af8eb42d56 -> 
  custom:framework-win-MediaFoundation: 216162199b28c13a410421893ffa2e32 -> 
  custom:container-demuxer-ogg: 62fdf1f143b41e24485cea50d1cbac27 -> 
  custom:video-decoder-webm-vp8: 9c59270c3fd7afecdb556c50c9e8de78 -> 
  custom:audio-decoder-ogg-vorbis: bf7c407c2cedff20999df2af8eb42d56 -> 
========================================================================
Received Import Request.
  Time since last request: 94.114708 seconds.
  path: Assets/Prefab/3DMoji/Prefab/ア.prefab
  artifactKey: Guid(d0e9ee0da4921f543bc74b0692313117) Importer(815301076,1909f56bfc062723c751e8b465ee728b)
Start importing Assets/Prefab/3DMoji/Prefab/ア.prefab using Guid(d0e9ee0da4921f543bc74b0692313117) Importer(815301076,1909f56bfc062723c751e8b465ee728b)  -> (artifact id: '3e315a9df050765cc2a09430f1216253') in 0.059751 seconds 
========================================================================
Received Import Request.
  Time since last request: 0.000017 seconds.
  path: Assets/Prefab/3DMoji/Prefab/バ.prefab
  artifactKey: Guid(4f3c9221465762846a49a5c090789629) Importer(815301076,1909f56bfc062723c751e8b465ee728b)
Start importing Assets/Prefab/3DMoji/Prefab/バ.prefab using Guid(4f3c9221465762846a49a5c090789629) Importer(815301076,1909f56bfc062723c751e8b465ee728b)  -> (artifact id: '84d9f04d3171efcb8a4ca3022bd5462c') in 0.010633 seconds 
========================================================================
Received Import Request.
  Time since last request: 0.000021 seconds.
  path: Assets/Prefab/3DMoji/Prefab/ォ.prefab
  artifactKey: Guid(2acf857574b386942b5a25bf208ed2ad) Importer(815301076,1909f56bfc062723c751e8b465ee728b)
Start importing Assets/Prefab/3DMoji/Prefab/ォ.prefab using Guid(2acf857574b386942b5a25bf208ed2ad) Importer(815301076,1909f56bfc062723c751e8b465ee728b)  -> (artifact id: '3394b7a8c916e8378bcd13de4926636b') in 0.011495 seconds 
========================================================================
Received Import Request.
  Time since last request: 0.000017 seconds.
  path: Assets/Prefab/3DMoji/Prefab/レ.prefab
  artifactKey: Guid(b015054905976704d94f80f6098e1f87) Importer(815301076,1909f56bfc062723c751e8b465ee728b)
Start importing Assets/Prefab/3DMoji/Prefab/レ.prefab using Guid(b015054905976704d94f80f6098e1f87) Importer(815301076,1909f56bfc062723c751e8b465ee728b)  -> (artifact id: 'ddaef6c569fc4e20625014b6b85e3720') in 0.009403 seconds 
========================================================================
Received Import Request.
  Time since last request: 0.000021 seconds.
  path: Assets/Prefab/3DMoji/Prefab/サ.prefab
  artifactKey: Guid(b72b37c4353da854d83cf690a31398ee) Importer(815301076,1909f56bfc062723c751e8b465ee728b)
Start importing Assets/Prefab/3DMoji/Prefab/サ.prefab using Guid(b72b37c4353da854d83cf690a31398ee) Importer(815301076,1909f56bfc062723c751e8b465ee728b)  -> (artifact id: '8544f93c215dbe5c5ac56985cbdc2647') in 0.009243 seconds 
========================================================================
Received Import Request.
  Time since last request: 0.000014 seconds.
  path: Assets/Prefab/3DMoji/Prefab/メ.prefab
  artifactKey: Guid(83dd35c904b68804cb271b196b054ee2) Importer(815301076,1909f56bfc062723c751e8b465ee728b)
Start importing Assets/Prefab/3DMoji/Prefab/メ.prefab using Guid(83dd35c904b68804cb271b196b054ee2) Importer(815301076,1909f56bfc062723c751e8b465ee728b)  -> (artifact id: 'c0d04384acd46028a1b6b07eda642348') in 0.006119 seconds 
========================================================================
Received Import Request.
  Time since last request: 0.000017 seconds.
  path: Assets/Prefab/3DMoji/Prefab/エ.prefab
  artifactKey: Guid(5cb810af4fda4444b84194cf0176e988) Importer(815301076,1909f56bfc062723c751e8b465ee728b)
Start importing Assets/Prefab/3DMoji/Prefab/エ.prefab using Guid(5cb810af4fda4444b84194cf0176e988) Importer(815301076,1909f56bfc062723c751e8b465ee728b)  -> (artifact id: '5dd6b01c594df842ad71032dfaeaf2d9') in 0.006352 seconds 
========================================================================
Received Import Request.
  Time since last request: 0.000020 seconds.
  path: Assets/Prefab/3DMoji/Prefab/キ.prefab
  artifactKey: Guid(c5605a6f73c248c4392f8b2ea15cee0e) Importer(815301076,1909f56bfc062723c751e8b465ee728b)
Start importing Assets/Prefab/3DMoji/Prefab/キ.prefab using Guid(c5605a6f73c248c4392f8b2ea15cee0e) Importer(815301076,1909f56bfc062723c751e8b465ee728b)  -> (artifact id: 'df611db6c8244db0c1a62642ce04b7aa') in 0.011295 seconds 
========================================================================
Received Import Request.
  Time since last request: 0.000016 seconds.
  path: Assets/Prefab/3DMoji/Prefab/ハ.prefab
  artifactKey: Guid(303898af6dd6bca48859d3134931ca00) Importer(815301076,1909f56bfc062723c751e8b465ee728b)
Start importing Assets/Prefab/3DMoji/Prefab/ハ.prefab using Guid(303898af6dd6bca48859d3134931ca00) Importer(815301076,1909f56bfc062723c751e8b465ee728b)  -> (artifact id: '91a40bc450d23862743a898a77558fdd') in 0.006716 seconds 
========================================================================
Received Import Request.
  Time since last request: 0.000017 seconds.
  path: Assets/Prefab/3DMoji/Prefab/ニ.prefab
  artifactKey: Guid(24fa8606a2885ac45b68f3904f35541d) Importer(815301076,1909f56bfc062723c751e8b465ee728b)
Start importing Assets/Prefab/3DMoji/Prefab/ニ.prefab using Guid(24fa8606a2885ac45b68f3904f35541d) Importer(815301076,1909f56bfc062723c751e8b465ee728b)  -> (artifact id: '8d9ba6f61061a12745bbd09a8368e416') in 0.006608 seconds 
========================================================================
Received Import Request.
  Time since last request: 0.000016 seconds.
  path: Assets/Prefab/3DMoji/Prefab/パ.prefab
  artifactKey: Guid(940c0653d6e0f184c9434f3967f85604) Importer(815301076,1909f56bfc062723c751e8b465ee728b)
Start importing Assets/Prefab/3DMoji/Prefab/パ.prefab using Guid(940c0653d6e0f184c9434f3967f85604) Importer(815301076,1909f56bfc062723c751e8b465ee728b)  -> (artifact id: '38e0bd65b137fc1f8254b588762ae35b') in 0.010323 seconds 
========================================================================
Received Import Request.
  Time since last request: 0.000023 seconds.
  path: Assets/Prefab/3DMoji/Prefab/ブ.prefab
  artifactKey: Guid(1b246dce2606bbd4f815a87bc0c8229e) Importer(815301076,1909f56bfc062723c751e8b465ee728b)
Start importing Assets/Prefab/3DMoji/Prefab/ブ.prefab using Guid(1b246dce2606bbd4f815a87bc0c8229e) Importer(815301076,1909f56bfc062723c751e8b465ee728b)  -> (artifact id: 'c112b713698a5b6eaa0566e5f95d8d45') in 0.006663 seconds 
========================================================================
Received Import Request.
  Time since last request: 0.000031 seconds.
  path: Assets/Prefab/3DMoji/Prefab/ケ.prefab
  artifactKey: Guid(77d30a8167acfba4cac6fb70488b02fb) Importer(815301076,1909f56bfc062723c751e8b465ee728b)
Start importing Assets/Prefab/3DMoji/Prefab/ケ.prefab using Guid(77d30a8167acfba4cac6fb70488b02fb) Importer(815301076,1909f56bfc062723c751e8b465ee728b)  -> (artifact id: 'b31cd2f0f85c8bc02abeda41006ba6e9') in 0.010226 seconds 
========================================================================
Received Import Request.
  Time since last request: 0.000019 seconds.
  path: Assets/Prefab/3DMoji/Prefab/ロ.prefab
  artifactKey: Guid(29d66ef3658f38140be9f2476aa99d35) Importer(815301076,1909f56bfc062723c751e8b465ee728b)
Start importing Assets/Prefab/3DMoji/Prefab/ロ.prefab using Guid(29d66ef3658f38140be9f2476aa99d35) Importer(815301076,1909f56bfc062723c751e8b465ee728b)  -> (artifact id: 'fede45ca1e511f54073ec5151ca785a4') in 0.006455 seconds 
========================================================================
Received Import Request.
  Time since last request: 0.000017 seconds.
  path: Assets/Prefab/3DMoji/Prefab/ヘ.prefab
  artifactKey: Guid(742350aa5d7a7d447bab12dc1315e0a1) Importer(815301076,1909f56bfc062723c751e8b465ee728b)
Start importing Assets/Prefab/3DMoji/Prefab/ヘ.prefab using Guid(742350aa5d7a7d447bab12dc1315e0a1) Importer(815301076,1909f56bfc062723c751e8b465ee728b)  -> (artifact id: '0360b0af2919022b4f052dd328e74a4a') in 0.006532 seconds 
========================================================================
Received Import Request.
  Time since last request: 0.000019 seconds.
  path: Assets/Prefab/3DMoji/Prefab/ゾ.prefab
  artifactKey: Guid(8a040ad67b2ffe943957508c52db4666) Importer(815301076,1909f56bfc062723c751e8b465ee728b)
Start importing Assets/Prefab/3DMoji/Prefab/ゾ.prefab using Guid(8a040ad67b2ffe943957508c52db4666) Importer(815301076,1909f56bfc062723c751e8b465ee728b)  -> (artifact id: '1dc817bd6db7dce824c5a6e1f35b49e5') in 0.011421 seconds 
========================================================================
Received Import Request.
  Time since last request: 0.000025 seconds.
  path: Assets/Prefab/3DMoji/Prefab/フ.prefab
  artifactKey: Guid(1d989cc4c7df1994291f7222445bd446) Importer(815301076,1909f56bfc062723c751e8b465ee728b)
Start importing Assets/Prefab/3DMoji/Prefab/フ.prefab using Guid(1d989cc4c7df1994291f7222445bd446) Importer(815301076,1909f56bfc062723c751e8b465ee728b)  -> (artifact id: 'c422e661d42fe0934e0f46e8232cccfd') in 0.010652 seconds 
========================================================================
Received Import Request.
  Time since last request: 0.000021 seconds.
  path: Assets/Prefab/3DMoji/Prefab/プ.prefab
  artifactKey: Guid(ccbec2da6b169a14c96cfaaff575ad98) Importer(815301076,1909f56bfc062723c751e8b465ee728b)
Start importing Assets/Prefab/3DMoji/Prefab/プ.prefab using Guid(ccbec2da6b169a14c96cfaaff575ad98) Importer(815301076,1909f56bfc062723c751e8b465ee728b)  -> (artifact id: '1be4aa199d9b6a623e8a291b3334f030') in 0.009015 seconds 
========================================================================
Received Import Request.
  Time since last request: 0.000015 seconds.
  path: Assets/Prefab/3DMoji/Prefab/ュ.prefab
  artifactKey: Guid(ad9a9b4479f6f40419150fb308fca4e4) Importer(815301076,1909f56bfc062723c751e8b465ee728b)
Start importing Assets/Prefab/3DMoji/Prefab/ュ.prefab using Guid(ad9a9b4479f6f40419150fb308fca4e4) Importer(815301076,1909f56bfc062723c751e8b465ee728b)  -> (artifact id: '31655ac201d388b8e775ec43e5565a30') in 0.006185 seconds 
========================================================================
Received Import Request.
  Time since last request: 0.000015 seconds.
  path: Assets/Prefab/3DMoji/Prefab/グ.prefab
  artifactKey: Guid(2521411ed5a97644aa98af0639a354db) Importer(815301076,1909f56bfc062723c751e8b465ee728b)
Start importing Assets/Prefab/3DMoji/Prefab/グ.prefab using Guid(2521411ed5a97644aa98af0639a354db) Importer(815301076,1909f56bfc062723c751e8b465ee728b)  -> (artifact id: 'd9d4df25d193a470a48b35afd0029802') in 0.006837 seconds 
========================================================================
Received Import Request.
  Time since last request: 0.000016 seconds.
  path: Assets/Prefab/3DMoji/Prefab/ィ.prefab
  artifactKey: Guid(3d1b0410607d8754fb9189f46a321b7a) Importer(815301076,1909f56bfc062723c751e8b465ee728b)
Start importing Assets/Prefab/3DMoji/Prefab/ィ.prefab using Guid(3d1b0410607d8754fb9189f46a321b7a) Importer(815301076,1909f56bfc062723c751e8b465ee728b)  -> (artifact id: 'cbda058fc0d00b86be1202227a73e340') in 0.007203 seconds 
========================================================================
Received Import Request.
  Time since last request: 0.000016 seconds.
  path: Assets/Prefab/3DMoji/Prefab/ホ.prefab
  artifactKey: Guid(c5acb6546f33e414fb5ab90f51786c80) Importer(815301076,1909f56bfc062723c751e8b465ee728b)
Start importing Assets/Prefab/3DMoji/Prefab/ホ.prefab using Guid(c5acb6546f33e414fb5ab90f51786c80) Importer(815301076,1909f56bfc062723c751e8b465ee728b)  -> (artifact id: '1133f7d13f28c1398e3d74206b9baf88') in 0.006110 seconds 
========================================================================
Received Import Request.
  Time since last request: 0.000017 seconds.
  path: Assets/Prefab/3DMoji/Prefab/ョ.prefab
  artifactKey: Guid(2f4ee1469e4c05e4b828e5c38ed5eae2) Importer(815301076,1909f56bfc062723c751e8b465ee728b)
Start importing Assets/Prefab/3DMoji/Prefab/ョ.prefab using Guid(2f4ee1469e4c05e4b828e5c38ed5eae2) Importer(815301076,1909f56bfc062723c751e8b465ee728b)  -> (artifact id: '18819e0cc109804bd1742bce601b96f7') in 0.012044 seconds 
========================================================================
Received Import Request.
  Time since last request: 0.000018 seconds.
  path: Assets/Prefab/3DMoji/Prefab/ジ.prefab
  artifactKey: Guid(d416e501b7165e142a388474ce535db2) Importer(815301076,1909f56bfc062723c751e8b465ee728b)
Start importing Assets/Prefab/3DMoji/Prefab/ジ.prefab using Guid(d416e501b7165e142a388474ce535db2) Importer(815301076,1909f56bfc062723c751e8b465ee728b)  -> (artifact id: 'c24252d58544b60f8a4c7afa2c0a5d06') in 0.012997 seconds 
========================================================================
Received Import Request.
  Time since last request: 0.000018 seconds.
  path: Assets/Prefab/3DMoji/Prefab/デ.prefab
  artifactKey: Guid(efa53e9df93f58c4683e302c9743ec01) Importer(815301076,1909f56bfc062723c751e8b465ee728b)
Start importing Assets/Prefab/3DMoji/Prefab/デ.prefab using Guid(efa53e9df93f58c4683e302c9743ec01) Importer(815301076,1909f56bfc062723c751e8b465ee728b)  -> (artifact id: '3af0acce689109bfbc749fc1e84d44d9') in 0.010259 seconds 
========================================================================
Received Import Request.
  Time since last request: 0.000019 seconds.
  path: Assets/Prefab/3DMoji/Prefab/ト.prefab
  artifactKey: Guid(9ec0052254716aa4fad19d098690aa85) Importer(815301076,1909f56bfc062723c751e8b465ee728b)
Start importing Assets/Prefab/3DMoji/Prefab/ト.prefab using Guid(9ec0052254716aa4fad19d098690aa85) Importer(815301076,1909f56bfc062723c751e8b465ee728b)  -> (artifact id: 'aba3e7d64c0747d5391375f9e2137db9') in 0.006098 seconds 
========================================================================
Received Import Request.
  Time since last request: 0.000015 seconds.
  path: Assets/Prefab/3DMoji/Prefab/ノ.prefab
  artifactKey: Guid(5ef0eb84b1a3950439da1c7d8e080c31) Importer(815301076,1909f56bfc062723c751e8b465ee728b)
Start importing Assets/Prefab/3DMoji/Prefab/ノ.prefab using Guid(5ef0eb84b1a3950439da1c7d8e080c31) Importer(815301076,1909f56bfc062723c751e8b465ee728b)  -> (artifact id: '01fea9e1d7a9e088d29ab7d4c2601e88') in 0.006675 seconds 
========================================================================
Received Import Request.
  Time since last request: 0.000013 seconds.
  path: Assets/Prefab/3DMoji/Prefab/ザ.prefab
  artifactKey: Guid(8b8dd85d25036bf43bcd8e5f1dd83847) Importer(815301076,1909f56bfc062723c751e8b465ee728b)
Start importing Assets/Prefab/3DMoji/Prefab/ザ.prefab using Guid(8b8dd85d25036bf43bcd8e5f1dd83847) Importer(815301076,1909f56bfc062723c751e8b465ee728b)  -> (artifact id: 'b394d8947408f0b161f1e5767481c514') in 0.005982 seconds 
========================================================================
Received Import Request.
  Time since last request: 0.000019 seconds.
  path: Assets/Prefab/3DMoji/Prefab/ャ.prefab
  artifactKey: Guid(d9b22480a34dccc459cd2ba06d8580d8) Importer(815301076,1909f56bfc062723c751e8b465ee728b)
Start importing Assets/Prefab/3DMoji/Prefab/ャ.prefab using Guid(d9b22480a34dccc459cd2ba06d8580d8) Importer(815301076,1909f56bfc062723c751e8b465ee728b)  -> (artifact id: 'a06f83bc702304423e6238d07ed0d105') in 0.011069 seconds 
========================================================================
Received Import Request.
  Time since last request: 0.000066 seconds.
  path: Assets/Prefab/3DMoji/Prefab/ヤ.prefab
  artifactKey: Guid(22b0dc728d90c1d40b8c2ed56d246e9b) Importer(815301076,1909f56bfc062723c751e8b465ee728b)
Start importing Assets/Prefab/3DMoji/Prefab/ヤ.prefab using Guid(22b0dc728d90c1d40b8c2ed56d246e9b) Importer(815301076,1909f56bfc062723c751e8b465ee728b)  -> (artifact id: '8064e13eab3543f3221d80e0f905ce09') in 0.007309 seconds 
========================================================================
Received Import Request.
  Time since last request: 0.000028 seconds.
  path: Assets/Prefab/3DMoji/Prefab/カ.prefab
  artifactKey: Guid(a49586f924a80e141b228670fae4cc5a) Importer(815301076,1909f56bfc062723c751e8b465ee728b)
Start importing Assets/Prefab/3DMoji/Prefab/カ.prefab using Guid(a49586f924a80e141b228670fae4cc5a) Importer(815301076,1909f56bfc062723c751e8b465ee728b)  -> (artifact id: 'bd65ccd5242cd6912bc95dfb9bf3b7d5') in 0.007037 seconds 
========================================================================
Received Import Request.
  Time since last request: 0.000019 seconds.
  path: Assets/Prefab/3DMoji/Prefab/ナ.prefab
  artifactKey: Guid(8a73f925c4987d141b9f4a0674f89c4c) Importer(815301076,1909f56bfc062723c751e8b465ee728b)
Start importing Assets/Prefab/3DMoji/Prefab/ナ.prefab using Guid(8a73f925c4987d141b9f4a0674f89c4c) Importer(815301076,1909f56bfc062723c751e8b465ee728b)  -> (artifact id: '06251ed86a2b0a0cf51036d75acfb428') in 0.010180 seconds 
========================================================================
Received Import Request.
  Time since last request: 0.000020 seconds.
  path: Assets/Prefab/3DMoji/Prefab/イ.prefab
  artifactKey: Guid(36915910877943242b0ff22341c725da) Importer(815301076,1909f56bfc062723c751e8b465ee728b)
Start importing Assets/Prefab/3DMoji/Prefab/イ.prefab using Guid(36915910877943242b0ff22341c725da) Importer(815301076,1909f56bfc062723c751e8b465ee728b)  -> (artifact id: '51deb19b1e511e35da913380928591cc') in 0.008886 seconds 
========================================================================
Received Import Request.
  Time since last request: 0.000016 seconds.
  path: Assets/Prefab/3DMoji/Prefab/ド.prefab
  artifactKey: Guid(698fa0d2e025f4c468d7ecd2c32dd880) Importer(815301076,1909f56bfc062723c751e8b465ee728b)
Start importing Assets/Prefab/3DMoji/Prefab/ド.prefab using Guid(698fa0d2e025f4c468d7ecd2c32dd880) Importer(815301076,1909f56bfc062723c751e8b465ee728b)  -> (artifact id: 'ad84f508e9efffc9863aee68d8c7e3d2') in 0.010599 seconds 
========================================================================
Received Import Request.
  Time since last request: 0.000020 seconds.
  path: Assets/Prefab/3DMoji/Prefab/ヅ.prefab
  artifactKey: Guid(1422c3682dc6cb94ab5d3b162d9ea170) Importer(815301076,1909f56bfc062723c751e8b465ee728b)
Start importing Assets/Prefab/3DMoji/Prefab/ヅ.prefab using Guid(1422c3682dc6cb94ab5d3b162d9ea170) Importer(815301076,1909f56bfc062723c751e8b465ee728b)  -> (artifact id: '67b92b5d5ad80c0b4e66630bc47e348a') in 0.007175 seconds 
========================================================================
Received Import Request.
  Time since last request: 0.000015 seconds.
  path: Assets/Prefab/3DMoji/Prefab/ル.prefab
  artifactKey: Guid(bf97d5bf69644274b99358aa4f2c1e8c) Importer(815301076,1909f56bfc062723c751e8b465ee728b)
Start importing Assets/Prefab/3DMoji/Prefab/ル.prefab using Guid(bf97d5bf69644274b99358aa4f2c1e8c) Importer(815301076,1909f56bfc062723c751e8b465ee728b)  -> (artifact id: '4135b575bdfc7f1ee424d4d175fd62d2') in 0.010343 seconds 
========================================================================
Received Import Request.
  Time since last request: 0.000017 seconds.
  path: Assets/Prefab/3DMoji/Prefab/ゼ.prefab
  artifactKey: Guid(b604cbbf12e2b7e44969bb73cea662b7) Importer(815301076,1909f56bfc062723c751e8b465ee728b)
Start importing Assets/Prefab/3DMoji/Prefab/ゼ.prefab using Guid(b604cbbf12e2b7e44969bb73cea662b7) Importer(815301076,1909f56bfc062723c751e8b465ee728b)  -> (artifact id: '5ecb51fb0bcdea309a06ae7aa25a163d') in 0.009394 seconds 
Editor requested this worker to shutdown with reason: Scaling down because of idle timeout
AssetImportWorker is now disconnected from the server
Process exiting
Exiting without the bug reporter. Application will terminate with return code 0