Using pre-set license
Built from '2021.3/staging' branch; Version is '2021.3.21f1 (1b156197d683) revision 1774945'; Using compiler version '192829333'; Build Type 'Release'
OS: 'Windows 11  (10.0.22621) 64bit Core' Language: 'ja' Physical Memory: 16310 MB
BatchMode: 1, IsHumanControllingUs: 0, StartBugReporterOnCrash: 0, Is64bit: 1, IsPro: 1

COMMAND LINE ARGUMENTS:
C:\Program Files\Unity\Hub\Editor\2021.3.21f1\Editor\Unity.exe
-adb2
-batchMode
-noUpm
-name
AssetImportWorker14
-projectPath
C:/Users/kihara/Documents/doraemon/Koetobuster
-logFile
Logs/AssetImportWorker14.log
-srvPort
61903
Successfully changed project path to: C:/Users/kihara/Documents/doraemon/Koetobuster
C:/Users/kihara/Documents/doraemon/Koetobuster
[UnityMemory] Configuration Parameters - Can be set up in boot.config
    "memorysetup-bucket-allocator-granularity=16"
    "memorysetup-bucket-allocator-bucket-count=8"
    "memorysetup-bucket-allocator-block-size=33554432"
    "memorysetup-bucket-allocator-block-count=8"
    "memorysetup-main-allocator-block-size=16777216"
    "memorysetup-thread-allocator-block-size=16777216"
    "memorysetup-gfx-main-allocator-block-size=16777216"
    "memorysetup-gfx-thread-allocator-block-size=16777216"
    "memorysetup-cache-allocator-block-size=4194304"
    "memorysetup-typetree-allocator-block-size=2097152"
    "memorysetup-profiler-bucket-allocator-granularity=16"
    "memorysetup-profiler-bucket-allocator-bucket-count=8"
    "memorysetup-profiler-bucket-allocator-block-size=33554432"
    "memorysetup-profiler-bucket-allocator-block-count=8"
    "memorysetup-profiler-allocator-block-size=16777216"
    "memorysetup-profiler-editor-allocator-block-size=1048576"
    "memorysetup-temp-allocator-size-main=16777216"
    "memorysetup-job-temp-allocator-block-size=2097152"
    "memorysetup-job-temp-allocator-block-size-background=1048576"
    "memorysetup-job-temp-allocator-reduction-small-platforms=262144"
    "memorysetup-temp-allocator-size-background-worker=32768"
    "memorysetup-temp-allocator-size-job-worker=262144"
    "memorysetup-temp-allocator-size-preload-manager=33554432"
    "memorysetup-temp-allocator-size-nav-mesh-worker=65536"
    "memorysetup-temp-allocator-size-audio-worker=65536"
    "memorysetup-temp-allocator-size-cloud-worker=32768"
    "memorysetup-temp-allocator-size-gi-baking-worker=262144"
    "memorysetup-temp-allocator-size-gfx=262144"
Player connection [26476] Host "[IP] 192.168.3.40 [Port] 0 [Flags] 2 [Guid] 183462147 [EditorId] 183462147 [Version] 1048832 [Id] WindowsEditor(7,K) [Debug] 1 [PackageName] WindowsEditor [ProjectName] Editor" joined multi-casting on [225.0.0.222:54997]...

Player connection [26476] Host "[IP] 192.168.3.40 [Port] 0 [Flags] 2 [Guid] 183462147 [EditorId] 183462147 [Version] 1048832 [Id] WindowsEditor(7,K) [Debug] 1 [PackageName] WindowsEditor [ProjectName] Editor" joined alternative multi-casting on [225.0.0.222:34997]...

Refreshing native plugins compatible for Editor in 54.94 ms, found 3 plugins.
Preloading 0 native plugins for Editor in 0.00 ms.
Initialize engine version: 2021.3.21f1 (1b156197d683)
[Subsystems] Discovering subsystems at path C:/Program Files/Unity/Hub/Editor/2021.3.21f1/Editor/Data/Resources/UnitySubsystems
[Subsystems] Discovering subsystems at path C:/Users/kihara/Documents/doraemon/Koetobuster/Assets
GfxDevice: creating device client; threaded=0; jobified=0
Direct3D:
    Version:  Direct3D 11.0 [level 11.1]
    Renderer: NVIDIA GeForce RTX 3070 Ti (ID=0x2482)
    Vendor:   NVIDIA
    VRAM:     8031 MB
    Driver:   31.0.15.2756
Initialize mono
Mono path[0] = 'C:/Program Files/Unity/Hub/Editor/2021.3.21f1/Editor/Data/Managed'
Mono path[1] = 'C:/Program Files/Unity/Hub/Editor/2021.3.21f1/Editor/Data/MonoBleedingEdge/lib/mono/unityjit-win32'
Mono config path = 'C:/Program Files/Unity/Hub/Editor/2021.3.21f1/Editor/Data/MonoBleedingEdge/etc'
Using monoOptions --debugger-agent=transport=dt_socket,embedding=1,server=y,suspend=n,address=127.0.0.1:56028
Begin MonoManager ReloadAssembly
Registering precompiled unity dll's ...
Register platform support module: C:/Program Files/Unity/Hub/Editor/2021.3.21f1/Editor/Data/PlaybackEngines/WindowsStandaloneSupport/UnityEditor.WindowsStandalone.Extensions.dll
Register platform support module: C:/Program Files/Unity/Hub/Editor/2021.3.21f1/Editor/Data/PlaybackEngines/MetroSupport/UnityEditor.UWP.Extensions.dll
Registered in 0.004788 seconds.
Native extension for UWP target not found
Native extension for WindowsStandalone target not found
Refreshing native plugins compatible for Editor in 70.91 ms, found 3 plugins.
Preloading 0 native plugins for Editor in 0.00 ms.
Mono: successfully reloaded assembly
- Completed reload, in  0.515 seconds
Domain Reload Profiling:
	ReloadAssembly (516ms)
		BeginReloadAssembly (68ms)
			ExecutionOrderSort (0ms)
			DisableScriptedObjects (0ms)
			BackupInstance (0ms)
			ReleaseScriptingObjects (0ms)
			CreateAndSetChildDomain (1ms)
		EndReloadAssembly (368ms)
			LoadAssemblies (66ms)
			RebuildTransferFunctionScriptingTraits (0ms)
			SetupTypeCache (82ms)
			ReleaseScriptCaches (0ms)
			RebuildScriptCaches (20ms)
			SetupLoadedEditorAssemblies (222ms)
				LogAssemblyErrors (0ms)
				InitializePlatformSupportModulesInManaged (7ms)
				SetLoadedEditorAssemblies (0ms)
				RefreshPlugins (71ms)
				BeforeProcessingInitializeOnLoad (1ms)
				ProcessInitializeOnLoadAttributes (102ms)
				ProcessInitializeOnLoadMethodAttributes (41ms)
				AfterProcessingInitializeOnLoad (0ms)
				EditorAssembliesLoaded (0ms)
			ExecutionOrderSort2 (0ms)
			AwakeInstancesAfterBackupRestoration (0ms)
Platform modules already initialized, skipping
Registering precompiled user dll's ...
Registered in 0.006149 seconds.
Begin MonoManager ReloadAssembly
Symbol file LoadedFromMemory doesn't match image C:\Users\kihara\Documents\doraemon\Koetobuster\Library\PackageCache\com.unity.visualscripting@1.8.0\Editor\VisualScripting.Core\Dependencies\YamlDotNet\Unity.VisualScripting.YamlDotNet.dll
Symbol file LoadedFromMemory doesn't match image C:\Users\kihara\Documents\doraemon\Koetobuster\Library\PackageCache\com.unity.visualscripting@1.8.0\Editor\VisualScripting.Core\Dependencies\DotNetZip\Unity.VisualScripting.IonicZip.dll
Native extension for UWP target not found
Native extension for WindowsStandalone target not found
Refreshing native plugins compatible for Editor in 0.55 ms, found 3 plugins.
Preloading 0 native plugins for Editor in 0.00 ms.
Mono: successfully reloaded assembly
- Completed reload, in  0.730 seconds
Domain Reload Profiling:
	ReloadAssembly (731ms)
		BeginReloadAssembly (93ms)
			ExecutionOrderSort (0ms)
			DisableScriptedObjects (4ms)
			BackupInstance (0ms)
			ReleaseScriptingObjects (0ms)
			CreateAndSetChildDomain (18ms)
		EndReloadAssembly (557ms)
			LoadAssemblies (69ms)
			RebuildTransferFunctionScriptingTraits (0ms)
			SetupTypeCache (185ms)
			ReleaseScriptCaches (1ms)
			RebuildScriptCaches (35ms)
			SetupLoadedEditorAssemblies (247ms)
				LogAssemblyErrors (0ms)
				InitializePlatformSupportModulesInManaged (5ms)
				SetLoadedEditorAssemblies (0ms)
				RefreshPlugins (1ms)
				BeforeProcessingInitializeOnLoad (56ms)
				ProcessInitializeOnLoadAttributes (164ms)
				ProcessInitializeOnLoadMethodAttributes (15ms)
				AfterProcessingInitializeOnLoad (6ms)
				EditorAssembliesLoaded (0ms)
			ExecutionOrderSort2 (0ms)
			AwakeInstancesAfterBackupRestoration (5ms)
Platform modules already initialized, skipping
========================================================================
Worker process is ready to serve import requests
Launched and connected shader compiler UnityShaderCompiler.exe after 0.04 seconds
Refreshing native plugins compatible for Editor in 0.54 ms, found 3 plugins.
Preloading 0 native plugins for Editor in 0.00 ms.
Unloading 3053 Unused Serialized files (Serialized files now loaded: 0)
Unloading 23 unused Assets / (56.4 KB). Loaded Objects now: 3514.
Memory consumption went from 107.7 MB to 107.6 MB.
Total: 2.609900 ms (FindLiveObjects: 0.206900 ms CreateObjectMapping: 0.078500 ms MarkObjects: 2.258400 ms  DeleteObjects: 0.065200 ms)

AssetImportParameters requested are different than current active one (requested -> active):
  custom:video-decoder-ogg-theora: a1e56fd34408186e4bbccfd4996cb3dc -> 
  custom:container-muxer-webm: aa71ff27fc2769a1b78a27578f13a17b -> 
  custom:container-demuxer-webm: 4f35f7cbe854078d1ac9338744f61a02 -> 
  custom:video-encoder-webm-vp8: eb34c28f22e8b96e1ab97ce403110664 -> 
  custom:video-codec-MediaFoundation-h265: 746d11721c4dcdbdad8f713fa42b33f4 -> 
  custom:audio-encoder-webm-vorbis: bf7c407c2cedff20999df2af8eb42d56 -> 
  custom:framework-win-MediaFoundation: 216162199b28c13a410421893ffa2e32 -> 
  custom:container-demuxer-ogg: 62fdf1f143b41e24485cea50d1cbac27 -> 
  custom:video-decoder-webm-vp8: 9c59270c3fd7afecdb556c50c9e8de78 -> 
  custom:audio-decoder-ogg-vorbis: bf7c407c2cedff20999df2af8eb42d56 -> 
========================================================================
Received Prepare
Registering precompiled user dll's ...
Registered in 0.005086 seconds.
Begin MonoManager ReloadAssembly
Symbol file LoadedFromMemory doesn't match image C:\Users\kihara\Documents\doraemon\Koetobuster\Library\PackageCache\com.unity.visualscripting@1.8.0\Editor\VisualScripting.Core\Dependencies\YamlDotNet\Unity.VisualScripting.YamlDotNet.dll
Symbol file LoadedFromMemory doesn't match image C:\Users\kihara\Documents\doraemon\Koetobuster\Library\PackageCache\com.unity.visualscripting@1.8.0\Editor\VisualScripting.Core\Dependencies\DotNetZip\Unity.VisualScripting.IonicZip.dll
Native extension for UWP target not found
Native extension for WindowsStandalone target not found
Refreshing native plugins compatible for Editor in 0.65 ms, found 3 plugins.
Preloading 0 native plugins for Editor in 0.00 ms.
Mono: successfully reloaded assembly
- Completed reload, in  0.915 seconds
Domain Reload Profiling:
	ReloadAssembly (915ms)
		BeginReloadAssembly (131ms)
			ExecutionOrderSort (0ms)
			DisableScriptedObjects (4ms)
			BackupInstance (0ms)
			ReleaseScriptingObjects (0ms)
			CreateAndSetChildDomain (36ms)
		EndReloadAssembly (694ms)
			LoadAssemblies (76ms)
			RebuildTransferFunctionScriptingTraits (0ms)
			SetupTypeCache (267ms)
			ReleaseScriptCaches (1ms)
			RebuildScriptCaches (38ms)
			SetupLoadedEditorAssemblies (277ms)
				LogAssemblyErrors (0ms)
				InitializePlatformSupportModulesInManaged (6ms)
				SetLoadedEditorAssemblies (0ms)
				RefreshPlugins (1ms)
				BeforeProcessingInitializeOnLoad (57ms)
				ProcessInitializeOnLoadAttributes (186ms)
				ProcessInitializeOnLoadMethodAttributes (18ms)
				AfterProcessingInitializeOnLoad (8ms)
				EditorAssembliesLoaded (0ms)
			ExecutionOrderSort2 (0ms)
			AwakeInstancesAfterBackupRestoration (7ms)
Platform modules already initialized, skipping
Refreshing native plugins compatible for Editor in 2.39 ms, found 3 plugins.
Preloading 0 native plugins for Editor in 0.00 ms.
Unloading 3046 Unused Serialized files (Serialized files now loaded: 0)
Unloading 16 unused Assets / (24.7 KB). Loaded Objects now: 3517.
Memory consumption went from 107.3 MB to 107.3 MB.
Total: 2.994100 ms (FindLiveObjects: 0.313400 ms CreateObjectMapping: 0.131800 ms MarkObjects: 2.525900 ms  DeleteObjects: 0.022200 ms)

AssetImportParameters requested are different than current active one (requested -> active):
  custom:video-decoder-ogg-theora: a1e56fd34408186e4bbccfd4996cb3dc -> 
  custom:container-muxer-webm: aa71ff27fc2769a1b78a27578f13a17b -> 
  custom:container-demuxer-webm: 4f35f7cbe854078d1ac9338744f61a02 -> 
  custom:video-encoder-webm-vp8: eb34c28f22e8b96e1ab97ce403110664 -> 
  custom:video-codec-MediaFoundation-h265: 746d11721c4dcdbdad8f713fa42b33f4 -> 
  custom:audio-encoder-webm-vorbis: bf7c407c2cedff20999df2af8eb42d56 -> 
  custom:framework-win-MediaFoundation: 216162199b28c13a410421893ffa2e32 -> 
  custom:container-demuxer-ogg: 62fdf1f143b41e24485cea50d1cbac27 -> 
  custom:video-decoder-webm-vp8: 9c59270c3fd7afecdb556c50c9e8de78 -> 
  custom:audio-decoder-ogg-vorbis: bf7c407c2cedff20999df2af8eb42d56 -> 
========================================================================
Received Prepare
Registering precompiled user dll's ...
Registered in 0.004896 seconds.
Begin MonoManager ReloadAssembly
Symbol file LoadedFromMemory doesn't match image C:\Users\kihara\Documents\doraemon\Koetobuster\Library\PackageCache\com.unity.visualscripting@1.8.0\Editor\VisualScripting.Core\Dependencies\YamlDotNet\Unity.VisualScripting.YamlDotNet.dll
Symbol file LoadedFromMemory doesn't match image C:\Users\kihara\Documents\doraemon\Koetobuster\Library\PackageCache\com.unity.visualscripting@1.8.0\Editor\VisualScripting.Core\Dependencies\DotNetZip\Unity.VisualScripting.IonicZip.dll
Native extension for UWP target not found
Native extension for WindowsStandalone target not found
Refreshing native plugins compatible for Editor in 0.47 ms, found 3 plugins.
Preloading 0 native plugins for Editor in 0.00 ms.
Mono: successfully reloaded assembly
- Completed reload, in  0.818 seconds
Domain Reload Profiling:
	ReloadAssembly (818ms)
		BeginReloadAssembly (126ms)
			ExecutionOrderSort (0ms)
			DisableScriptedObjects (4ms)
			BackupInstance (0ms)
			ReleaseScriptingObjects (0ms)
			CreateAndSetChildDomain (32ms)
		EndReloadAssembly (616ms)
			LoadAssemblies (77ms)
			RebuildTransferFunctionScriptingTraits (0ms)
			SetupTypeCache (220ms)
			ReleaseScriptCaches (1ms)
			RebuildScriptCaches (35ms)
			SetupLoadedEditorAssemblies (255ms)
				LogAssemblyErrors (0ms)
				InitializePlatformSupportModulesInManaged (6ms)
				SetLoadedEditorAssemblies (0ms)
				RefreshPlugins (1ms)
				BeforeProcessingInitializeOnLoad (54ms)
				ProcessInitializeOnLoadAttributes (170ms)
				ProcessInitializeOnLoadMethodAttributes (16ms)
				AfterProcessingInitializeOnLoad (8ms)
				EditorAssembliesLoaded (0ms)
			ExecutionOrderSort2 (0ms)
			AwakeInstancesAfterBackupRestoration (6ms)
Platform modules already initialized, skipping
Refreshing native plugins compatible for Editor in 1.69 ms, found 3 plugins.
Preloading 0 native plugins for Editor in 0.00 ms.
Unloading 3046 Unused Serialized files (Serialized files now loaded: 0)
Unloading 16 unused Assets / (24.7 KB). Loaded Objects now: 3520.
Memory consumption went from 107.3 MB to 107.3 MB.
Total: 2.630900 ms (FindLiveObjects: 0.197200 ms CreateObjectMapping: 0.212800 ms MarkObjects: 2.202000 ms  DeleteObjects: 0.018100 ms)

AssetImportParameters requested are different than current active one (requested -> active):
  custom:video-decoder-ogg-theora: a1e56fd34408186e4bbccfd4996cb3dc -> 
  custom:container-muxer-webm: aa71ff27fc2769a1b78a27578f13a17b -> 
  custom:container-demuxer-webm: 4f35f7cbe854078d1ac9338744f61a02 -> 
  custom:video-encoder-webm-vp8: eb34c28f22e8b96e1ab97ce403110664 -> 
  custom:video-codec-MediaFoundation-h265: 746d11721c4dcdbdad8f713fa42b33f4 -> 
  custom:audio-encoder-webm-vorbis: bf7c407c2cedff20999df2af8eb42d56 -> 
  custom:framework-win-MediaFoundation: 216162199b28c13a410421893ffa2e32 -> 
  custom:container-demuxer-ogg: 62fdf1f143b41e24485cea50d1cbac27 -> 
  custom:video-decoder-webm-vp8: 9c59270c3fd7afecdb556c50c9e8de78 -> 
  custom:audio-decoder-ogg-vorbis: bf7c407c2cedff20999df2af8eb42d56 -> 
========================================================================
Received Import Request.
  Time since last request: 1400306.623050 seconds.
  path: Assets/Prefab/3DMoji/Prefab/プ.prefab
  artifactKey: Guid(ccbec2da6b169a14c96cfaaff575ad98) Importer(815301076,1909f56bfc062723c751e8b465ee728b)
Start importing Assets/Prefab/3DMoji/Prefab/プ.prefab using Guid(ccbec2da6b169a14c96cfaaff575ad98) Importer(815301076,1909f56bfc062723c751e8b465ee728b)  -> (artifact id: '061d1923793f06a1ce2c467024cbe925') in 0.120920 seconds 
========================================================================
Received Import Request.
  Time since last request: 0.000024 seconds.
  path: Assets/Prefab/3DMoji/Prefab/ワ.prefab
  artifactKey: Guid(3f58abd8d1e561642802895fee7211e3) Importer(815301076,1909f56bfc062723c751e8b465ee728b)
Start importing Assets/Prefab/3DMoji/Prefab/ワ.prefab using Guid(3f58abd8d1e561642802895fee7211e3) Importer(815301076,1909f56bfc062723c751e8b465ee728b)  -> (artifact id: '71f44f79070b4e318f091b06af4b0a22') in 0.010189 seconds 
========================================================================
Received Import Request.
  Time since last request: 0.000025 seconds.
  path: Assets/Prefab/3DMoji/Prefab/ヘ.prefab
  artifactKey: Guid(742350aa5d7a7d447bab12dc1315e0a1) Importer(815301076,1909f56bfc062723c751e8b465ee728b)
Start importing Assets/Prefab/3DMoji/Prefab/ヘ.prefab using Guid(742350aa5d7a7d447bab12dc1315e0a1) Importer(815301076,1909f56bfc062723c751e8b465ee728b)  -> (artifact id: '7d80bd8a8cdb2e1d9081b9ffaa443a9f') in 0.006820 seconds 
========================================================================
Received Import Request.
  Time since last request: 0.000014 seconds.
  path: Assets/Prefab/3DMoji/Prefab/ュ.prefab
  artifactKey: Guid(ad9a9b4479f6f40419150fb308fca4e4) Importer(815301076,1909f56bfc062723c751e8b465ee728b)
Start importing Assets/Prefab/3DMoji/Prefab/ュ.prefab using Guid(ad9a9b4479f6f40419150fb308fca4e4) Importer(815301076,1909f56bfc062723c751e8b465ee728b)  -> (artifact id: 'd6cdce6406c0d04ba14d903452461d51') in 0.006329 seconds 
========================================================================
Received Import Request.
  Time since last request: 0.000018 seconds.
  path: Assets/Prefab/3DMoji/Prefab/マ.prefab
  artifactKey: Guid(1c1efb0e24567dc48bf9b381f61ed786) Importer(815301076,1909f56bfc062723c751e8b465ee728b)
Start importing Assets/Prefab/3DMoji/Prefab/マ.prefab using Guid(1c1efb0e24567dc48bf9b381f61ed786) Importer(815301076,1909f56bfc062723c751e8b465ee728b)  -> (artifact id: '17004e5a2f2d3a1372d6abc8183298a4') in 0.006911 seconds 
========================================================================
Received Import Request.
  Time since last request: 0.000013 seconds.
  path: Assets/Prefab/3DMoji/Prefab/モ.prefab
  artifactKey: Guid(ead5ce75b18909448bdb516b0d75ffee) Importer(815301076,1909f56bfc062723c751e8b465ee728b)
Start importing Assets/Prefab/3DMoji/Prefab/モ.prefab using Guid(ead5ce75b18909448bdb516b0d75ffee) Importer(815301076,1909f56bfc062723c751e8b465ee728b)  -> (artifact id: '7ef9f827ff6b3611d9ab342acb50f7cf') in 0.006807 seconds 
========================================================================
Received Import Request.
  Time since last request: 0.000020 seconds.
  path: Assets/Prefab/3DMoji/Prefab/ヲ.prefab
  artifactKey: Guid(01d199c6b7da0984f8813de1b266f6f8) Importer(815301076,1909f56bfc062723c751e8b465ee728b)
Start importing Assets/Prefab/3DMoji/Prefab/ヲ.prefab using Guid(01d199c6b7da0984f8813de1b266f6f8) Importer(815301076,1909f56bfc062723c751e8b465ee728b)  -> (artifact id: '2683ad8fd61f14c6fad70974fdd8ff22') in 0.006545 seconds 
========================================================================
Received Import Request.
  Time since last request: 0.000033 seconds.
  path: Assets/Prefab/3DMoji/Prefab/リ.prefab
  artifactKey: Guid(2844f728193509b4695b61d8c253b321) Importer(815301076,1909f56bfc062723c751e8b465ee728b)
Start importing Assets/Prefab/3DMoji/Prefab/リ.prefab using Guid(2844f728193509b4695b61d8c253b321) Importer(815301076,1909f56bfc062723c751e8b465ee728b)  -> (artifact id: 'd04a08bf6571b4d5674f3a0b90260cea') in 0.007147 seconds 
========================================================================
Received Import Request.
  Time since last request: 0.000016 seconds.
  path: Assets/Prefab/3DMoji/Prefab/ミ.prefab
  artifactKey: Guid(9093ab54b2e97a74cb322c8363dc892a) Importer(815301076,1909f56bfc062723c751e8b465ee728b)
Start importing Assets/Prefab/3DMoji/Prefab/ミ.prefab using Guid(9093ab54b2e97a74cb322c8363dc892a) Importer(815301076,1909f56bfc062723c751e8b465ee728b)  -> (artifact id: '82f613702988a9455980ddfe26d90449') in 0.009578 seconds 
========================================================================
Received Import Request.
  Time since last request: 0.000018 seconds.
  path: Assets/Prefab/3DMoji/Prefab/ベ.prefab
  artifactKey: Guid(5259dbad51bb76543b1ba579ab98aa0c) Importer(815301076,1909f56bfc062723c751e8b465ee728b)
Start importing Assets/Prefab/3DMoji/Prefab/ベ.prefab using Guid(5259dbad51bb76543b1ba579ab98aa0c) Importer(815301076,1909f56bfc062723c751e8b465ee728b)  -> (artifact id: '90d770eaabc00b5321ba90a2e65ff11c') in 0.006914 seconds 
========================================================================
Received Import Request.
  Time since last request: 0.000016 seconds.
  path: Assets/Prefab/3DMoji/Prefab/ル.prefab
  artifactKey: Guid(bf97d5bf69644274b99358aa4f2c1e8c) Importer(815301076,1909f56bfc062723c751e8b465ee728b)
Start importing Assets/Prefab/3DMoji/Prefab/ル.prefab using Guid(bf97d5bf69644274b99358aa4f2c1e8c) Importer(815301076,1909f56bfc062723c751e8b465ee728b)  -> (artifact id: '1fadd903b0f113878b2b5e0ff4fa8515') in 0.006317 seconds 
========================================================================
Received Prepare
Registering precompiled user dll's ...
Registered in 0.005775 seconds.
Begin MonoManager ReloadAssembly
Symbol file LoadedFromMemory doesn't match image C:\Users\kihara\Documents\doraemon\Koetobuster\Library\PackageCache\com.unity.visualscripting@1.8.0\Editor\VisualScripting.Core\Dependencies\YamlDotNet\Unity.VisualScripting.YamlDotNet.dll
Symbol file LoadedFromMemory doesn't match image C:\Users\kihara\Documents\doraemon\Koetobuster\Library\PackageCache\com.unity.visualscripting@1.8.0\Editor\VisualScripting.Core\Dependencies\DotNetZip\Unity.VisualScripting.IonicZip.dll
Native extension for UWP target not found
Native extension for WindowsStandalone target not found
Refreshing native plugins compatible for Editor in 0.86 ms, found 3 plugins.
Preloading 0 native plugins for Editor in 0.00 ms.
Mono: successfully reloaded assembly
- Completed reload, in  0.907 seconds
Domain Reload Profiling:
	ReloadAssembly (907ms)
		BeginReloadAssembly (138ms)
			ExecutionOrderSort (0ms)
			DisableScriptedObjects (4ms)
			BackupInstance (0ms)
			ReleaseScriptingObjects (0ms)
			CreateAndSetChildDomain (33ms)
		EndReloadAssembly (679ms)
			LoadAssemblies (94ms)
			RebuildTransferFunctionScriptingTraits (0ms)
			SetupTypeCache (244ms)
			ReleaseScriptCaches (2ms)
			RebuildScriptCaches (38ms)
			SetupLoadedEditorAssemblies (278ms)
				LogAssemblyErrors (0ms)
				InitializePlatformSupportModulesInManaged (6ms)
				SetLoadedEditorAssemblies (0ms)
				RefreshPlugins (1ms)
				BeforeProcessingInitializeOnLoad (58ms)
				ProcessInitializeOnLoadAttributes (184ms)
				ProcessInitializeOnLoadMethodAttributes (20ms)
				AfterProcessingInitializeOnLoad (8ms)
				EditorAssembliesLoaded (0ms)
			ExecutionOrderSort2 (0ms)
			AwakeInstancesAfterBackupRestoration (7ms)
Platform modules already initialized, skipping
Refreshing native plugins compatible for Editor in 1.74 ms, found 3 plugins.
Preloading 0 native plugins for Editor in 0.00 ms.
Unloading 3046 Unused Serialized files (Serialized files now loaded: 0)
Unloading 16 unused Assets / (24.6 KB). Loaded Objects now: 3532.
Memory consumption went from 111.8 MB to 111.7 MB.
Total: 3.011300 ms (FindLiveObjects: 0.311900 ms CreateObjectMapping: 0.144900 ms MarkObjects: 2.532500 ms  DeleteObjects: 0.021200 ms)

AssetImportParameters requested are different than current active one (requested -> active):
  custom:video-decoder-ogg-theora: a1e56fd34408186e4bbccfd4996cb3dc -> 
  custom:container-muxer-webm: aa71ff27fc2769a1b78a27578f13a17b -> 
  custom:container-demuxer-webm: 4f35f7cbe854078d1ac9338744f61a02 -> 
  custom:video-encoder-webm-vp8: eb34c28f22e8b96e1ab97ce403110664 -> 
  custom:video-codec-MediaFoundation-h265: 746d11721c4dcdbdad8f713fa42b33f4 -> 
  custom:audio-encoder-webm-vorbis: bf7c407c2cedff20999df2af8eb42d56 -> 
  custom:framework-win-MediaFoundation: 216162199b28c13a410421893ffa2e32 -> 
  custom:container-demuxer-ogg: 62fdf1f143b41e24485cea50d1cbac27 -> 
  custom:video-decoder-webm-vp8: 9c59270c3fd7afecdb556c50c9e8de78 -> 
  custom:audio-decoder-ogg-vorbis: bf7c407c2cedff20999df2af8eb42d56 -> 
========================================================================
Received Prepare
Registering precompiled user dll's ...
Registered in 0.004375 seconds.
Begin MonoManager ReloadAssembly
Symbol file LoadedFromMemory doesn't match image C:\Users\kihara\Documents\doraemon\Koetobuster\Library\PackageCache\com.unity.visualscripting@1.8.0\Editor\VisualScripting.Core\Dependencies\YamlDotNet\Unity.VisualScripting.YamlDotNet.dll
Symbol file LoadedFromMemory doesn't match image C:\Users\kihara\Documents\doraemon\Koetobuster\Library\PackageCache\com.unity.visualscripting@1.8.0\Editor\VisualScripting.Core\Dependencies\DotNetZip\Unity.VisualScripting.IonicZip.dll
Native extension for UWP target not found
Native extension for WindowsStandalone target not found
Refreshing native plugins compatible for Editor in 0.52 ms, found 3 plugins.
Preloading 0 native plugins for Editor in 0.00 ms.
Mono: successfully reloaded assembly
- Completed reload, in  0.858 seconds
Domain Reload Profiling:
	ReloadAssembly (859ms)
		BeginReloadAssembly (136ms)
			ExecutionOrderSort (0ms)
			DisableScriptedObjects (4ms)
			BackupInstance (0ms)
			ReleaseScriptingObjects (0ms)
			CreateAndSetChildDomain (31ms)
		EndReloadAssembly (642ms)
			LoadAssemblies (82ms)
			RebuildTransferFunctionScriptingTraits (0ms)
			SetupTypeCache (233ms)
			ReleaseScriptCaches (1ms)
			RebuildScriptCaches (37ms)
			SetupLoadedEditorAssemblies (266ms)
				LogAssemblyErrors (0ms)
				InitializePlatformSupportModulesInManaged (6ms)
				SetLoadedEditorAssemblies (0ms)
				RefreshPlugins (1ms)
				BeforeProcessingInitializeOnLoad (57ms)
				ProcessInitializeOnLoadAttributes (176ms)
				ProcessInitializeOnLoadMethodAttributes (17ms)
				AfterProcessingInitializeOnLoad (8ms)
				EditorAssembliesLoaded (0ms)
			ExecutionOrderSort2 (0ms)
			AwakeInstancesAfterBackupRestoration (7ms)
Platform modules already initialized, skipping
Refreshing native plugins compatible for Editor in 2.01 ms, found 3 plugins.
Preloading 0 native plugins for Editor in 0.00 ms.
Unloading 3046 Unused Serialized files (Serialized files now loaded: 0)
Unloading 16 unused Assets / (24.7 KB). Loaded Objects now: 3535.
Memory consumption went from 111.8 MB to 111.7 MB.
Total: 2.473500 ms (FindLiveObjects: 0.206900 ms CreateObjectMapping: 0.061100 ms MarkObjects: 2.187700 ms  DeleteObjects: 0.016900 ms)

AssetImportParameters requested are different than current active one (requested -> active):
  custom:video-decoder-ogg-theora: a1e56fd34408186e4bbccfd4996cb3dc -> 
  custom:container-muxer-webm: aa71ff27fc2769a1b78a27578f13a17b -> 
  custom:container-demuxer-webm: 4f35f7cbe854078d1ac9338744f61a02 -> 
  custom:video-encoder-webm-vp8: eb34c28f22e8b96e1ab97ce403110664 -> 
  custom:video-codec-MediaFoundation-h265: 746d11721c4dcdbdad8f713fa42b33f4 -> 
  custom:audio-encoder-webm-vorbis: bf7c407c2cedff20999df2af8eb42d56 -> 
  custom:framework-win-MediaFoundation: 216162199b28c13a410421893ffa2e32 -> 
  custom:container-demuxer-ogg: 62fdf1f143b41e24485cea50d1cbac27 -> 
  custom:video-decoder-webm-vp8: 9c59270c3fd7afecdb556c50c9e8de78 -> 
  custom:audio-decoder-ogg-vorbis: bf7c407c2cedff20999df2af8eb42d56 -> 
========================================================================
Received Prepare
Registering precompiled user dll's ...
Registered in 0.004232 seconds.
Begin MonoManager ReloadAssembly
Symbol file LoadedFromMemory doesn't match image C:\Users\kihara\Documents\doraemon\Koetobuster\Library\PackageCache\com.unity.visualscripting@1.8.0\Editor\VisualScripting.Core\Dependencies\YamlDotNet\Unity.VisualScripting.YamlDotNet.dll
Symbol file LoadedFromMemory doesn't match image C:\Users\kihara\Documents\doraemon\Koetobuster\Library\PackageCache\com.unity.visualscripting@1.8.0\Editor\VisualScripting.Core\Dependencies\DotNetZip\Unity.VisualScripting.IonicZip.dll
Native extension for UWP target not found
Native extension for WindowsStandalone target not found
Refreshing native plugins compatible for Editor in 0.46 ms, found 3 plugins.
Preloading 0 native plugins for Editor in 0.00 ms.
Mono: successfully reloaded assembly
- Completed reload, in  0.785 seconds
Domain Reload Profiling:
	ReloadAssembly (786ms)
		BeginReloadAssembly (133ms)
			ExecutionOrderSort (0ms)
			DisableScriptedObjects (4ms)
			BackupInstance (0ms)
			ReleaseScriptingObjects (0ms)
			CreateAndSetChildDomain (31ms)
		EndReloadAssembly (575ms)
			LoadAssemblies (84ms)
			RebuildTransferFunctionScriptingTraits (0ms)
			SetupTypeCache (190ms)
			ReleaseScriptCaches (1ms)
			RebuildScriptCaches (31ms)
			SetupLoadedEditorAssemblies (252ms)
				LogAssemblyErrors (0ms)
				InitializePlatformSupportModulesInManaged (5ms)
				SetLoadedEditorAssemblies (0ms)
				RefreshPlugins (1ms)
				BeforeProcessingInitializeOnLoad (55ms)
				ProcessInitializeOnLoadAttributes (165ms)
				ProcessInitializeOnLoadMethodAttributes (19ms)
				AfterProcessingInitializeOnLoad (7ms)
				EditorAssembliesLoaded (0ms)
			ExecutionOrderSort2 (0ms)
			AwakeInstancesAfterBackupRestoration (6ms)
Platform modules already initialized, skipping
Refreshing native plugins compatible for Editor in 1.36 ms, found 3 plugins.
Preloading 0 native plugins for Editor in 0.00 ms.
Unloading 3046 Unused Serialized files (Serialized files now loaded: 0)
Unloading 16 unused Assets / (24.6 KB). Loaded Objects now: 3538.
Memory consumption went from 111.8 MB to 111.7 MB.
Total: 2.780300 ms (FindLiveObjects: 0.244900 ms CreateObjectMapping: 0.071500 ms MarkObjects: 2.442300 ms  DeleteObjects: 0.020800 ms)

AssetImportParameters requested are different than current active one (requested -> active):
  custom:video-decoder-ogg-theora: a1e56fd34408186e4bbccfd4996cb3dc -> 
  custom:container-muxer-webm: aa71ff27fc2769a1b78a27578f13a17b -> 
  custom:container-demuxer-webm: 4f35f7cbe854078d1ac9338744f61a02 -> 
  custom:video-encoder-webm-vp8: eb34c28f22e8b96e1ab97ce403110664 -> 
  custom:video-codec-MediaFoundation-h265: 746d11721c4dcdbdad8f713fa42b33f4 -> 
  custom:audio-encoder-webm-vorbis: bf7c407c2cedff20999df2af8eb42d56 -> 
  custom:framework-win-MediaFoundation: 216162199b28c13a410421893ffa2e32 -> 
  custom:container-demuxer-ogg: 62fdf1f143b41e24485cea50d1cbac27 -> 
  custom:video-decoder-webm-vp8: 9c59270c3fd7afecdb556c50c9e8de78 -> 
  custom:audio-decoder-ogg-vorbis: bf7c407c2cedff20999df2af8eb42d56 -> 
========================================================================
Received Prepare
Registering precompiled user dll's ...
Registered in 0.004145 seconds.
Begin MonoManager ReloadAssembly
Symbol file LoadedFromMemory doesn't match image C:\Users\kihara\Documents\doraemon\Koetobuster\Library\PackageCache\com.unity.visualscripting@1.8.0\Editor\VisualScripting.Core\Dependencies\YamlDotNet\Unity.VisualScripting.YamlDotNet.dll
Symbol file LoadedFromMemory doesn't match image C:\Users\kihara\Documents\doraemon\Koetobuster\Library\PackageCache\com.unity.visualscripting@1.8.0\Editor\VisualScripting.Core\Dependencies\DotNetZip\Unity.VisualScripting.IonicZip.dll
Native extension for UWP target not found
Native extension for WindowsStandalone target not found
Refreshing native plugins compatible for Editor in 0.65 ms, found 3 plugins.
Preloading 0 native plugins for Editor in 0.00 ms.
Mono: successfully reloaded assembly
- Completed reload, in  0.873 seconds
Domain Reload Profiling:
	ReloadAssembly (873ms)
		BeginReloadAssembly (125ms)
			ExecutionOrderSort (0ms)
			DisableScriptedObjects (4ms)
			BackupInstance (0ms)
			ReleaseScriptingObjects (0ms)
			CreateAndSetChildDomain (39ms)
		EndReloadAssembly (667ms)
			LoadAssemblies (68ms)
			RebuildTransferFunctionScriptingTraits (0ms)
			SetupTypeCache (234ms)
			ReleaseScriptCaches (1ms)
			RebuildScriptCaches (40ms)
			SetupLoadedEditorAssemblies (279ms)
				LogAssemblyErrors (0ms)
				InitializePlatformSupportModulesInManaged (7ms)
				SetLoadedEditorAssemblies (1ms)
				RefreshPlugins (1ms)
				BeforeProcessingInitializeOnLoad (64ms)
				ProcessInitializeOnLoadAttributes (179ms)
				ProcessInitializeOnLoadMethodAttributes (19ms)
				AfterProcessingInitializeOnLoad (8ms)
				EditorAssembliesLoaded (0ms)
			ExecutionOrderSort2 (0ms)
			AwakeInstancesAfterBackupRestoration (7ms)
Platform modules already initialized, skipping
Refreshing native plugins compatible for Editor in 2.44 ms, found 3 plugins.
Preloading 0 native plugins for Editor in 0.00 ms.
Unloading 3046 Unused Serialized files (Serialized files now loaded: 0)
Unloading 16 unused Assets / (24.6 KB). Loaded Objects now: 3541.
Memory consumption went from 111.8 MB to 111.8 MB.
Total: 2.665700 ms (FindLiveObjects: 0.246100 ms CreateObjectMapping: 0.079200 ms MarkObjects: 2.312000 ms  DeleteObjects: 0.027400 ms)

AssetImportParameters requested are different than current active one (requested -> active):
  custom:video-decoder-ogg-theora: a1e56fd34408186e4bbccfd4996cb3dc -> 
  custom:container-muxer-webm: aa71ff27fc2769a1b78a27578f13a17b -> 
  custom:container-demuxer-webm: 4f35f7cbe854078d1ac9338744f61a02 -> 
  custom:video-encoder-webm-vp8: eb34c28f22e8b96e1ab97ce403110664 -> 
  custom:video-codec-MediaFoundation-h265: 746d11721c4dcdbdad8f713fa42b33f4 -> 
  custom:audio-encoder-webm-vorbis: bf7c407c2cedff20999df2af8eb42d56 -> 
  custom:framework-win-MediaFoundation: 216162199b28c13a410421893ffa2e32 -> 
  custom:container-demuxer-ogg: 62fdf1f143b41e24485cea50d1cbac27 -> 
  custom:video-decoder-webm-vp8: 9c59270c3fd7afecdb556c50c9e8de78 -> 
  custom:audio-decoder-ogg-vorbis: bf7c407c2cedff20999df2af8eb42d56 -> 
========================================================================
Received Import Request.
  Time since last request: 50.118160 seconds.
  path: Assets/Prefab/3DMoji/Prefab/ェ.prefab
  artifactKey: Guid(f1c1ac3b67421034d9962098cd967e45) Importer(815301076,1909f56bfc062723c751e8b465ee728b)
Start importing Assets/Prefab/3DMoji/Prefab/ェ.prefab using Guid(f1c1ac3b67421034d9962098cd967e45) Importer(815301076,1909f56bfc062723c751e8b465ee728b)  -> (artifact id: 'c96ac1106f1734729cc53124a9c34f16') in 0.058529 seconds 
========================================================================
Received Import Request.
  Time since last request: 0.000017 seconds.
  path: Assets/Prefab/3DMoji/Prefab/ソ.prefab
  artifactKey: Guid(ae90f55164fd50a46b4cd30fe4a7717f) Importer(815301076,1909f56bfc062723c751e8b465ee728b)
Start importing Assets/Prefab/3DMoji/Prefab/ソ.prefab using Guid(ae90f55164fd50a46b4cd30fe4a7717f) Importer(815301076,1909f56bfc062723c751e8b465ee728b)  -> (artifact id: '0e7f7543aabcfffc065309dc0cba0186') in 0.006754 seconds 
========================================================================
Received Import Request.
  Time since last request: 0.000020 seconds.
  path: Assets/Prefab/3DMoji/Prefab/ヨ.prefab
  artifactKey: Guid(1c625cb01a78c5d478962ff4d814ab39) Importer(815301076,1909f56bfc062723c751e8b465ee728b)
Start importing Assets/Prefab/3DMoji/Prefab/ヨ.prefab using Guid(1c625cb01a78c5d478962ff4d814ab39) Importer(815301076,1909f56bfc062723c751e8b465ee728b)  -> (artifact id: 'accc850c545d463abe9caca9a86eb7d3') in 0.014324 seconds 
========================================================================
Received Import Request.
  Time since last request: 0.000016 seconds.
  path: Assets/Prefab/3DMoji/Prefab/チ.prefab
  artifactKey: Guid(5bdf971c4e6ae4a408d7119033c8fd60) Importer(815301076,1909f56bfc062723c751e8b465ee728b)
Start importing Assets/Prefab/3DMoji/Prefab/チ.prefab using Guid(5bdf971c4e6ae4a408d7119033c8fd60) Importer(815301076,1909f56bfc062723c751e8b465ee728b)  -> (artifact id: 'bdb96fec2b03e0ff48eee61c9fdfdb39') in 0.006666 seconds 
========================================================================
Received Import Request.
  Time since last request: 0.000017 seconds.
  path: Assets/Prefab/3DMoji/Prefab/ゴ.prefab
  artifactKey: Guid(0c14290a90f903745870be95531bf996) Importer(815301076,1909f56bfc062723c751e8b465ee728b)
Start importing Assets/Prefab/3DMoji/Prefab/ゴ.prefab using Guid(0c14290a90f903745870be95531bf996) Importer(815301076,1909f56bfc062723c751e8b465ee728b)  -> (artifact id: '4b8ea09d127c1028ad0e2b4abe8af235') in 0.008762 seconds 
========================================================================
Received Import Request.
  Time since last request: 0.000019 seconds.
  path: Assets/Prefab/3DMoji/Prefab/ニ.prefab
  artifactKey: Guid(24fa8606a2885ac45b68f3904f35541d) Importer(815301076,1909f56bfc062723c751e8b465ee728b)
Start importing Assets/Prefab/3DMoji/Prefab/ニ.prefab using Guid(24fa8606a2885ac45b68f3904f35541d) Importer(815301076,1909f56bfc062723c751e8b465ee728b)  -> (artifact id: 'eb2b6389fd81daad6ca15760110fab1a') in 0.007520 seconds 
========================================================================
Received Import Request.
  Time since last request: 0.000019 seconds.
  path: Assets/Prefab/3DMoji/Prefab/ネ.prefab
  artifactKey: Guid(b980dca41e6a10e45862ce42d4a2219f) Importer(815301076,1909f56bfc062723c751e8b465ee728b)
Start importing Assets/Prefab/3DMoji/Prefab/ネ.prefab using Guid(b980dca41e6a10e45862ce42d4a2219f) Importer(815301076,1909f56bfc062723c751e8b465ee728b)  -> (artifact id: '65aad5f38ed3bd8daf3ea5008db4f8ea') in 0.006681 seconds 
========================================================================
Received Import Request.
  Time since last request: 0.000018 seconds.
  path: Assets/Prefab/3DMoji/Prefab/ケ.prefab
  artifactKey: Guid(77d30a8167acfba4cac6fb70488b02fb) Importer(815301076,1909f56bfc062723c751e8b465ee728b)
Start importing Assets/Prefab/3DMoji/Prefab/ケ.prefab using Guid(77d30a8167acfba4cac6fb70488b02fb) Importer(815301076,1909f56bfc062723c751e8b465ee728b)  -> (artifact id: 'f9a70b7a4e83d45430d69dace486f69d') in 0.006619 seconds 
========================================================================
Received Import Request.
  Time since last request: 0.000018 seconds.
  path: Assets/Prefab/3DMoji/Prefab/ァ.prefab
  artifactKey: Guid(12f8dbc3ceb795945bbc224dd08f726c) Importer(815301076,1909f56bfc062723c751e8b465ee728b)
Start importing Assets/Prefab/3DMoji/Prefab/ァ.prefab using Guid(12f8dbc3ceb795945bbc224dd08f726c) Importer(815301076,1909f56bfc062723c751e8b465ee728b)  -> (artifact id: '0161ee8fe16286d3885a8667f0957ccd') in 0.006392 seconds 
========================================================================
Received Import Request.
  Time since last request: 0.000018 seconds.
  path: Assets/Prefab/3DMoji/Prefab/ヂ.prefab
  artifactKey: Guid(6a041160b5d3a7043a06cfa2762a1906) Importer(815301076,1909f56bfc062723c751e8b465ee728b)
Start importing Assets/Prefab/3DMoji/Prefab/ヂ.prefab using Guid(6a041160b5d3a7043a06cfa2762a1906) Importer(815301076,1909f56bfc062723c751e8b465ee728b)  -> (artifact id: 'b3f6bee346075950363ce093bdc895c3') in 0.011378 seconds 
========================================================================
Received Import Request.
  Time since last request: 0.000016 seconds.
  path: Assets/Prefab/3DMoji/Prefab/ッ.prefab
  artifactKey: Guid(0ff598b1266c3a64eac80131e26ea010) Importer(815301076,1909f56bfc062723c751e8b465ee728b)
Start importing Assets/Prefab/3DMoji/Prefab/ッ.prefab using Guid(0ff598b1266c3a64eac80131e26ea010) Importer(815301076,1909f56bfc062723c751e8b465ee728b)  -> (artifact id: '9b65c63ce1cda21c93b81e26e465ce30') in 0.012086 seconds 
========================================================================
Received Import Request.
  Time since last request: 0.000019 seconds.
  path: Assets/Prefab/3DMoji/Prefab/プ.prefab
  artifactKey: Guid(ccbec2da6b169a14c96cfaaff575ad98) Importer(815301076,1909f56bfc062723c751e8b465ee728b)
Start importing Assets/Prefab/3DMoji/Prefab/プ.prefab using Guid(ccbec2da6b169a14c96cfaaff575ad98) Importer(815301076,1909f56bfc062723c751e8b465ee728b)  -> (artifact id: '24d3d9498b326b0153105d53ee9c49f1') in 0.010667 seconds 
========================================================================
Received Import Request.
  Time since last request: 0.000017 seconds.
  path: Assets/Prefab/3DMoji/Prefab/ピ.prefab
  artifactKey: Guid(ef5970a2b89d1b343a5b87bbac4a97bc) Importer(815301076,1909f56bfc062723c751e8b465ee728b)
Start importing Assets/Prefab/3DMoji/Prefab/ピ.prefab using Guid(ef5970a2b89d1b343a5b87bbac4a97bc) Importer(815301076,1909f56bfc062723c751e8b465ee728b)  -> (artifact id: '7815add326097d535c8b2b2439baacbf') in 0.006937 seconds 
========================================================================
Received Import Request.
  Time since last request: 0.000028 seconds.
  path: Assets/Prefab/3DMoji/Prefab/ホ.prefab
  artifactKey: Guid(c5acb6546f33e414fb5ab90f51786c80) Importer(815301076,1909f56bfc062723c751e8b465ee728b)
Start importing Assets/Prefab/3DMoji/Prefab/ホ.prefab using Guid(c5acb6546f33e414fb5ab90f51786c80) Importer(815301076,1909f56bfc062723c751e8b465ee728b)  -> (artifact id: '9112231afc1767638556093d0ce274b2') in 0.006798 seconds 
========================================================================
Received Import Request.
  Time since last request: 0.000019 seconds.
  path: Assets/Prefab/3DMoji/Prefab/ョ.prefab
  artifactKey: Guid(2f4ee1469e4c05e4b828e5c38ed5eae2) Importer(815301076,1909f56bfc062723c751e8b465ee728b)
Start importing Assets/Prefab/3DMoji/Prefab/ョ.prefab using Guid(2f4ee1469e4c05e4b828e5c38ed5eae2) Importer(815301076,1909f56bfc062723c751e8b465ee728b)  -> (artifact id: 'bd496d04bc738909ac757990028c1b00') in 0.011238 seconds 
========================================================================
Received Import Request.
  Time since last request: 0.000017 seconds.
  path: Assets/Prefab/3DMoji/Prefab/タ.prefab
  artifactKey: Guid(05ff34197b0736e4fbd336d1626e97fa) Importer(815301076,1909f56bfc062723c751e8b465ee728b)
Start importing Assets/Prefab/3DMoji/Prefab/タ.prefab using Guid(05ff34197b0736e4fbd336d1626e97fa) Importer(815301076,1909f56bfc062723c751e8b465ee728b)  -> (artifact id: '535afa068d1ac0b96130e8dc86da96a2') in 0.006262 seconds 
========================================================================
Received Import Request.
  Time since last request: 0.000018 seconds.
  path: Assets/Prefab/3DMoji/Prefab/ビ.prefab
  artifactKey: Guid(24483fbcfe66f9c498db13709d4aaad9) Importer(815301076,1909f56bfc062723c751e8b465ee728b)
Start importing Assets/Prefab/3DMoji/Prefab/ビ.prefab using Guid(24483fbcfe66f9c498db13709d4aaad9) Importer(815301076,1909f56bfc062723c751e8b465ee728b)  -> (artifact id: 'b8b779ff1a1730528bd64ae83764df26') in 0.006873 seconds 
========================================================================
Received Import Request.
  Time since last request: 0.000016 seconds.
  path: Assets/Prefab/3DMoji/Prefab/テ.prefab
  artifactKey: Guid(b012e59945151354f8ca002255ea2685) Importer(815301076,1909f56bfc062723c751e8b465ee728b)
Start importing Assets/Prefab/3DMoji/Prefab/テ.prefab using Guid(b012e59945151354f8ca002255ea2685) Importer(815301076,1909f56bfc062723c751e8b465ee728b)  -> (artifact id: '80eeff21e10ea137aa5d4708d5183041') in 0.010021 seconds 
========================================================================
Received Import Request.
  Time since last request: 0.000016 seconds.
  path: Assets/Prefab/3DMoji/Prefab/リ.prefab
  artifactKey: Guid(2844f728193509b4695b61d8c253b321) Importer(815301076,1909f56bfc062723c751e8b465ee728b)
Start importing Assets/Prefab/3DMoji/Prefab/リ.prefab using Guid(2844f728193509b4695b61d8c253b321) Importer(815301076,1909f56bfc062723c751e8b465ee728b)  -> (artifact id: '6fd11a5c155a7fc004017cef5cba7b78') in 0.006327 seconds 
========================================================================
Received Import Request.
  Time since last request: 0.000013 seconds.
  path: Assets/Prefab/3DMoji/Prefab/カ.prefab
  artifactKey: Guid(a49586f924a80e141b228670fae4cc5a) Importer(815301076,1909f56bfc062723c751e8b465ee728b)
Start importing Assets/Prefab/3DMoji/Prefab/カ.prefab using Guid(a49586f924a80e141b228670fae4cc5a) Importer(815301076,1909f56bfc062723c751e8b465ee728b)  -> (artifact id: 'f643f9c12a2a13709961cd98818a5bb2') in 0.009723 seconds 
========================================================================
Received Import Request.
  Time since last request: 0.000021 seconds.
  path: Assets/Prefab/3DMoji/Prefab/ユ.prefab
  artifactKey: Guid(c3fc59a64c0c3ba41ab81ee358fa854d) Importer(815301076,1909f56bfc062723c751e8b465ee728b)
Start importing Assets/Prefab/3DMoji/Prefab/ユ.prefab using Guid(c3fc59a64c0c3ba41ab81ee358fa854d) Importer(815301076,1909f56bfc062723c751e8b465ee728b)  -> (artifact id: '9b0e0e742b149d2beb7f3baf885a63ea') in 0.010547 seconds 
========================================================================
Received Import Request.
  Time since last request: 0.000021 seconds.
  path: Assets/Prefab/3DMoji/Prefab/ミ.prefab
  artifactKey: Guid(9093ab54b2e97a74cb322c8363dc892a) Importer(815301076,1909f56bfc062723c751e8b465ee728b)
Start importing Assets/Prefab/3DMoji/Prefab/ミ.prefab using Guid(9093ab54b2e97a74cb322c8363dc892a) Importer(815301076,1909f56bfc062723c751e8b465ee728b)  -> (artifact id: '97bf15a633d4b35e4993ea3ec4c136aa') in 0.010217 seconds 
========================================================================
Received Import Request.
  Time since last request: 0.000018 seconds.
  path: Assets/Prefab/3DMoji/Prefab/ヅ.prefab
  artifactKey: Guid(1422c3682dc6cb94ab5d3b162d9ea170) Importer(815301076,1909f56bfc062723c751e8b465ee728b)
Start importing Assets/Prefab/3DMoji/Prefab/ヅ.prefab using Guid(1422c3682dc6cb94ab5d3b162d9ea170) Importer(815301076,1909f56bfc062723c751e8b465ee728b)  -> (artifact id: '44f2c6b5f422bfb410e414199810769e') in 0.007325 seconds 
========================================================================
Received Import Request.
  Time since last request: 0.000019 seconds.
  path: Assets/Prefab/3DMoji/Prefab/ガ.prefab
  artifactKey: Guid(2df583d77c038f14698c1b3f5e1dc4c1) Importer(815301076,1909f56bfc062723c751e8b465ee728b)
Start importing Assets/Prefab/3DMoji/Prefab/ガ.prefab using Guid(2df583d77c038f14698c1b3f5e1dc4c1) Importer(815301076,1909f56bfc062723c751e8b465ee728b)  -> (artifact id: 'db8efa96ebc50530521430e89f01fc6b') in 0.007144 seconds 
========================================================================
Received Import Request.
  Time since last request: 12.573569 seconds.
  path: Assets/Prefab/3DMoji/Prefab/ィ.prefab
  artifactKey: Guid(3d1b0410607d8754fb9189f46a321b7a) Importer(815301076,1909f56bfc062723c751e8b465ee728b)
Start importing Assets/Prefab/3DMoji/Prefab/ィ.prefab using Guid(3d1b0410607d8754fb9189f46a321b7a) Importer(815301076,1909f56bfc062723c751e8b465ee728b)  -> (artifact id: 'd051d2857522782d00b5c5cb0c0c98e0') in 0.009250 seconds 
========================================================================
Received Import Request.
  Time since last request: 0.000021 seconds.
  path: Assets/Prefab/3DMoji/Prefab/シ.prefab
  artifactKey: Guid(ca16f2ae079991d499bd9cff8aeaa936) Importer(815301076,1909f56bfc062723c751e8b465ee728b)
Start importing Assets/Prefab/3DMoji/Prefab/シ.prefab using Guid(ca16f2ae079991d499bd9cff8aeaa936) Importer(815301076,1909f56bfc062723c751e8b465ee728b)  -> (artifact id: '58a7dacda68c39a9a49932ede109351c') in 0.012341 seconds 
========================================================================
Received Import Request.
  Time since last request: 0.000019 seconds.
  path: Assets/Prefab/3DMoji/Prefab/ム.prefab
  artifactKey: Guid(09da11437032abf4594c011f03bcd71e) Importer(815301076,1909f56bfc062723c751e8b465ee728b)
Start importing Assets/Prefab/3DMoji/Prefab/ム.prefab using Guid(09da11437032abf4594c011f03bcd71e) Importer(815301076,1909f56bfc062723c751e8b465ee728b)  -> (artifact id: '4b9d89c63f8a033d9cb0bbf695cbb29e') in 0.010144 seconds 
========================================================================
Received Import Request.
  Time since last request: 0.000042 seconds.
  path: Assets/Prefab/3DMoji/Prefab/ソ.prefab
  artifactKey: Guid(ae90f55164fd50a46b4cd30fe4a7717f) Importer(815301076,1909f56bfc062723c751e8b465ee728b)
Start importing Assets/Prefab/3DMoji/Prefab/ソ.prefab using Guid(ae90f55164fd50a46b4cd30fe4a7717f) Importer(815301076,1909f56bfc062723c751e8b465ee728b)  -> (artifact id: 'c928ae60765a0fb74c454e6a6f3b9dae') in 0.006920 seconds 
========================================================================
Received Import Request.
  Time since last request: 0.000019 seconds.
  path: Assets/Prefab/3DMoji/Prefab/ヨ.prefab
  artifactKey: Guid(1c625cb01a78c5d478962ff4d814ab39) Importer(815301076,1909f56bfc062723c751e8b465ee728b)
Start importing Assets/Prefab/3DMoji/Prefab/ヨ.prefab using Guid(1c625cb01a78c5d478962ff4d814ab39) Importer(815301076,1909f56bfc062723c751e8b465ee728b)  -> (artifact id: '6d70df969be2a5432bc0e82b425cc7f3') in 0.010307 seconds 
========================================================================
Received Import Request.
  Time since last request: 0.000019 seconds.
  path: Assets/Prefab/3DMoji/Prefab/チ.prefab
  artifactKey: Guid(5bdf971c4e6ae4a408d7119033c8fd60) Importer(815301076,1909f56bfc062723c751e8b465ee728b)
Start importing Assets/Prefab/3DMoji/Prefab/チ.prefab using Guid(5bdf971c4e6ae4a408d7119033c8fd60) Importer(815301076,1909f56bfc062723c751e8b465ee728b)  -> (artifact id: 'd79d1f25a541b64bc4cd8fbcf4891fad') in 0.007625 seconds 
========================================================================
Received Import Request.
  Time since last request: 0.000026 seconds.
  path: Assets/Prefab/3DMoji/Prefab/ゴ.prefab
  artifactKey: Guid(0c14290a90f903745870be95531bf996) Importer(815301076,1909f56bfc062723c751e8b465ee728b)
Start importing Assets/Prefab/3DMoji/Prefab/ゴ.prefab using Guid(0c14290a90f903745870be95531bf996) Importer(815301076,1909f56bfc062723c751e8b465ee728b)  -> (artifact id: 'b241acd4cdb0a04b7a7c09df69efb249') in 0.008490 seconds 
========================================================================
Received Import Request.
  Time since last request: 0.000018 seconds.
  path: Assets/Prefab/3DMoji/Prefab/セ.prefab
  artifactKey: Guid(b738a4dc6bf544f4b9a4ee041c4c1b9f) Importer(815301076,1909f56bfc062723c751e8b465ee728b)
Start importing Assets/Prefab/3DMoji/Prefab/セ.prefab using Guid(b738a4dc6bf544f4b9a4ee041c4c1b9f) Importer(815301076,1909f56bfc062723c751e8b465ee728b)  -> (artifact id: '4f5e31958f0a2d6dc0a9afabb30209a0') in 0.008960 seconds 
========================================================================
Received Import Request.
  Time since last request: 0.000023 seconds.
  path: Assets/Prefab/3DMoji/Prefab/ブ.prefab
  artifactKey: Guid(1b246dce2606bbd4f815a87bc0c8229e) Importer(815301076,1909f56bfc062723c751e8b465ee728b)
Start importing Assets/Prefab/3DMoji/Prefab/ブ.prefab using Guid(1b246dce2606bbd4f815a87bc0c8229e) Importer(815301076,1909f56bfc062723c751e8b465ee728b)  -> (artifact id: '92be256aa7f28123ab9d697895c8051e') in 0.006609 seconds 
========================================================================
Received Import Request.
  Time since last request: 0.000015 seconds.
  path: Assets/Prefab/3DMoji/Prefab/ダ.prefab
  artifactKey: Guid(3debddd0f20ea894eb6473d2a1f683e4) Importer(815301076,1909f56bfc062723c751e8b465ee728b)
Start importing Assets/Prefab/3DMoji/Prefab/ダ.prefab using Guid(3debddd0f20ea894eb6473d2a1f683e4) Importer(815301076,1909f56bfc062723c751e8b465ee728b)  -> (artifact id: '99a7793b28a5bbd9a6a64cce92ec9998') in 0.007151 seconds 
========================================================================
Received Import Request.
  Time since last request: 0.000018 seconds.
  path: Assets/Prefab/3DMoji/Prefab/ゥ.prefab
  artifactKey: Guid(d05e053ec320e0b4599a07a472da213c) Importer(815301076,1909f56bfc062723c751e8b465ee728b)
Start importing Assets/Prefab/3DMoji/Prefab/ゥ.prefab using Guid(d05e053ec320e0b4599a07a472da213c) Importer(815301076,1909f56bfc062723c751e8b465ee728b)  -> (artifact id: '4e586e4f86219e40f035caefa70fe2bf') in 0.010512 seconds 
========================================================================
Received Import Request.
  Time since last request: 0.000021 seconds.
  path: Assets/Prefab/3DMoji/Prefab/ゾ.prefab
  artifactKey: Guid(8a040ad67b2ffe943957508c52db4666) Importer(815301076,1909f56bfc062723c751e8b465ee728b)
Start importing Assets/Prefab/3DMoji/Prefab/ゾ.prefab using Guid(8a040ad67b2ffe943957508c52db4666) Importer(815301076,1909f56bfc062723c751e8b465ee728b)  -> (artifact id: '31508024ddfc65bbe31aeb6bf91d942e') in 0.009304 seconds 
========================================================================
Received Import Request.
  Time since last request: 0.000013 seconds.
  path: Assets/Prefab/3DMoji/Prefab/プ.prefab
  artifactKey: Guid(ccbec2da6b169a14c96cfaaff575ad98) Importer(815301076,1909f56bfc062723c751e8b465ee728b)
Start importing Assets/Prefab/3DMoji/Prefab/プ.prefab using Guid(ccbec2da6b169a14c96cfaaff575ad98) Importer(815301076,1909f56bfc062723c751e8b465ee728b)  -> (artifact id: '24471f10ac275e932ad31681b4412bd3') in 0.009520 seconds 
========================================================================
Received Import Request.
  Time since last request: 0.000016 seconds.
  path: Assets/Prefab/3DMoji/Prefab/ン.prefab
  artifactKey: Guid(7b375c92386f09b4f9de5a8e67aeb901) Importer(815301076,1909f56bfc062723c751e8b465ee728b)
Start importing Assets/Prefab/3DMoji/Prefab/ン.prefab using Guid(7b375c92386f09b4f9de5a8e67aeb901) Importer(815301076,1909f56bfc062723c751e8b465ee728b)  -> (artifact id: '22884e0013d0dda73b2ffd735d919b50') in 0.006268 seconds 
========================================================================
Received Import Request.
  Time since last request: 0.000023 seconds.
  path: Assets/Prefab/3DMoji/Prefab/ピ.prefab
  artifactKey: Guid(ef5970a2b89d1b343a5b87bbac4a97bc) Importer(815301076,1909f56bfc062723c751e8b465ee728b)
Start importing Assets/Prefab/3DMoji/Prefab/ピ.prefab using Guid(ef5970a2b89d1b343a5b87bbac4a97bc) Importer(815301076,1909f56bfc062723c751e8b465ee728b)  -> (artifact id: '3e748c6a5aab705faf745f44634e47da') in 0.006197 seconds 
========================================================================
Received Import Request.
  Time since last request: 0.000015 seconds.
  path: Assets/Prefab/3DMoji/Prefab/ズ.prefab
  artifactKey: Guid(33b484fe9772c254b8d8bc8195c014fe) Importer(815301076,1909f56bfc062723c751e8b465ee728b)
Start importing Assets/Prefab/3DMoji/Prefab/ズ.prefab using Guid(33b484fe9772c254b8d8bc8195c014fe) Importer(815301076,1909f56bfc062723c751e8b465ee728b)  -> (artifact id: '8aaf0a7de6a3ebed47eb569ad19d84d7') in 0.006229 seconds 
========================================================================
Received Import Request.
  Time since last request: 0.000021 seconds.
  path: Assets/Prefab/3DMoji/Prefab/ジ.prefab
  artifactKey: Guid(d416e501b7165e142a388474ce535db2) Importer(815301076,1909f56bfc062723c751e8b465ee728b)
Start importing Assets/Prefab/3DMoji/Prefab/ジ.prefab using Guid(d416e501b7165e142a388474ce535db2) Importer(815301076,1909f56bfc062723c751e8b465ee728b)  -> (artifact id: '577f472f6ff7162b48dc5a54df4d2245') in 0.010028 seconds 
========================================================================
Received Import Request.
  Time since last request: 0.000026 seconds.
  path: Assets/Prefab/3DMoji/Prefab/タ.prefab
  artifactKey: Guid(05ff34197b0736e4fbd336d1626e97fa) Importer(815301076,1909f56bfc062723c751e8b465ee728b)
Start importing Assets/Prefab/3DMoji/Prefab/タ.prefab using Guid(05ff34197b0736e4fbd336d1626e97fa) Importer(815301076,1909f56bfc062723c751e8b465ee728b)  -> (artifact id: '7727af03a8509caa6251d0e6afb8c2d0') in 0.007082 seconds 
========================================================================
Received Import Request.
  Time since last request: 0.000020 seconds.
  path: Assets/Prefab/3DMoji/Prefab/ト.prefab
  artifactKey: Guid(9ec0052254716aa4fad19d098690aa85) Importer(815301076,1909f56bfc062723c751e8b465ee728b)
Start importing Assets/Prefab/3DMoji/Prefab/ト.prefab using Guid(9ec0052254716aa4fad19d098690aa85) Importer(815301076,1909f56bfc062723c751e8b465ee728b)  -> (artifact id: '9853348e39bcf6963f0a5b67471ab2d6') in 0.010943 seconds 
========================================================================
Received Import Request.
  Time since last request: 0.000019 seconds.
  path: Assets/Prefab/3DMoji/Prefab/ャ.prefab
  artifactKey: Guid(d9b22480a34dccc459cd2ba06d8580d8) Importer(815301076,1909f56bfc062723c751e8b465ee728b)
Start importing Assets/Prefab/3DMoji/Prefab/ャ.prefab using Guid(d9b22480a34dccc459cd2ba06d8580d8) Importer(815301076,1909f56bfc062723c751e8b465ee728b)  -> (artifact id: '5c84d745048503e5f7176180ee2584de') in 0.005573 seconds 
========================================================================
Received Import Request.
  Time since last request: 0.000023 seconds.
  path: Assets/Prefab/3DMoji/Prefab/リ.prefab
  artifactKey: Guid(2844f728193509b4695b61d8c253b321) Importer(815301076,1909f56bfc062723c751e8b465ee728b)
Start importing Assets/Prefab/3DMoji/Prefab/リ.prefab using Guid(2844f728193509b4695b61d8c253b321) Importer(815301076,1909f56bfc062723c751e8b465ee728b)  -> (artifact id: '9e733d5a9bc8ef216d420c8b81e372da') in 0.006896 seconds 
========================================================================
Received Import Request.
  Time since last request: 0.000027 seconds.
  path: Assets/Prefab/3DMoji/Prefab/ツ.prefab
  artifactKey: Guid(08f43170162043047aef7526698cff53) Importer(815301076,1909f56bfc062723c751e8b465ee728b)
Start importing Assets/Prefab/3DMoji/Prefab/ツ.prefab using Guid(08f43170162043047aef7526698cff53) Importer(815301076,1909f56bfc062723c751e8b465ee728b)  -> (artifact id: '6790e3b2f49e79ef0e333cf849fb822f') in 0.011783 seconds 
========================================================================
Received Import Request.
  Time since last request: 0.000019 seconds.
  path: Assets/Prefab/3DMoji/Prefab/ス.prefab
  artifactKey: Guid(874376dae36c1344ba8a8c38ebd477f5) Importer(815301076,1909f56bfc062723c751e8b465ee728b)
Start importing Assets/Prefab/3DMoji/Prefab/ス.prefab using Guid(874376dae36c1344ba8a8c38ebd477f5) Importer(815301076,1909f56bfc062723c751e8b465ee728b)  -> (artifact id: 'e35e6ae689c6e1983913e075de5867a5') in 0.006259 seconds 
========================================================================
Received Import Request.
  Time since last request: 0.000059 seconds.
  path: Assets/Prefab/3DMoji/Prefab/ベ.prefab
  artifactKey: Guid(5259dbad51bb76543b1ba579ab98aa0c) Importer(815301076,1909f56bfc062723c751e8b465ee728b)
Start importing Assets/Prefab/3DMoji/Prefab/ベ.prefab using Guid(5259dbad51bb76543b1ba579ab98aa0c) Importer(815301076,1909f56bfc062723c751e8b465ee728b)  -> (artifact id: '796fcbcfd4f2ad8f3c231dc252b7297e') in 0.009977 seconds 
========================================================================
Received Import Request.
  Time since last request: 0.000018 seconds.
  path: Assets/Prefab/3DMoji/Prefab/ル.prefab
  artifactKey: Guid(bf97d5bf69644274b99358aa4f2c1e8c) Importer(815301076,1909f56bfc062723c751e8b465ee728b)
Start importing Assets/Prefab/3DMoji/Prefab/ル.prefab using Guid(bf97d5bf69644274b99358aa4f2c1e8c) Importer(815301076,1909f56bfc062723c751e8b465ee728b)  -> (artifact id: 'f4bcab40143f59785a8aaf03c5cdcdb8') in 0.012243 seconds 
========================================================================
Received Import Request.
  Time since last request: 0.000017 seconds.
  path: Assets/Prefab/3DMoji/Prefab/ー.prefab
  artifactKey: Guid(b20bff28170504748ab0deac6595f169) Importer(815301076,1909f56bfc062723c751e8b465ee728b)
Start importing Assets/Prefab/3DMoji/Prefab/ー.prefab using Guid(b20bff28170504748ab0deac6595f169) Importer(815301076,1909f56bfc062723c751e8b465ee728b)  -> (artifact id: '45242acc377fbbc29c1309e45aedaaed') in 0.008139 seconds 
========================================================================
Received Import Request.
  Time since last request: 2.747901 seconds.
  path: Assets/Prefab/3DMoji/Prefab/イ.prefab
  artifactKey: Guid(36915910877943242b0ff22341c725da) Importer(815301076,1909f56bfc062723c751e8b465ee728b)
Start importing Assets/Prefab/3DMoji/Prefab/イ.prefab using Guid(36915910877943242b0ff22341c725da) Importer(815301076,1909f56bfc062723c751e8b465ee728b)  -> (artifact id: '65d03cfe98d981e8333516f26b8cf528') in 0.011735 seconds 
========================================================================
Received Import Request.
  Time since last request: 0.000020 seconds.
  path: Assets/Prefab/3DMoji/Prefab/ェ.prefab
  artifactKey: Guid(f1c1ac3b67421034d9962098cd967e45) Importer(815301076,1909f56bfc062723c751e8b465ee728b)
Start importing Assets/Prefab/3DMoji/Prefab/ェ.prefab using Guid(f1c1ac3b67421034d9962098cd967e45) Importer(815301076,1909f56bfc062723c751e8b465ee728b)  -> (artifact id: 'afbc419a57893336adc62ee4dca2d94c') in 0.006264 seconds 
========================================================================
Received Import Request.
  Time since last request: 0.000015 seconds.
  path: Assets/Prefab/3DMoji/Prefab/ペ.prefab
  artifactKey: Guid(b53ef64ff26776c4eab2acecdf47b285) Importer(815301076,1909f56bfc062723c751e8b465ee728b)
Start importing Assets/Prefab/3DMoji/Prefab/ペ.prefab using Guid(b53ef64ff26776c4eab2acecdf47b285) Importer(815301076,1909f56bfc062723c751e8b465ee728b)  -> (artifact id: 'b86003595be87e2c33f5ffce4d0966f4') in 0.005883 seconds 
========================================================================
Received Import Request.
  Time since last request: 0.000021 seconds.
  path: Assets/Prefab/3DMoji/Prefab/レ.prefab
  artifactKey: Guid(b015054905976704d94f80f6098e1f87) Importer(815301076,1909f56bfc062723c751e8b465ee728b)
Start importing Assets/Prefab/3DMoji/Prefab/レ.prefab using Guid(b015054905976704d94f80f6098e1f87) Importer(815301076,1909f56bfc062723c751e8b465ee728b)  -> (artifact id: 'd8a6c13a8f96b1521db6ef238165d8ab') in 0.010451 seconds 
========================================================================
Received Import Request.
  Time since last request: 0.000022 seconds.
  path: Assets/Prefab/3DMoji/Prefab/ヨ.prefab
  artifactKey: Guid(1c625cb01a78c5d478962ff4d814ab39) Importer(815301076,1909f56bfc062723c751e8b465ee728b)
Start importing Assets/Prefab/3DMoji/Prefab/ヨ.prefab using Guid(1c625cb01a78c5d478962ff4d814ab39) Importer(815301076,1909f56bfc062723c751e8b465ee728b)  -> (artifact id: 'aa3a2a9a75d4f5ec214a6f5b36a6a5c8') in 0.006919 seconds 
========================================================================
Received Import Request.
  Time since last request: 0.000017 seconds.
  path: Assets/Prefab/3DMoji/Prefab/ボ.prefab
  artifactKey: Guid(4ebd1c2e79c0a6249b93311c3c2376ea) Importer(815301076,1909f56bfc062723c751e8b465ee728b)
Start importing Assets/Prefab/3DMoji/Prefab/ボ.prefab using Guid(4ebd1c2e79c0a6249b93311c3c2376ea) Importer(815301076,1909f56bfc062723c751e8b465ee728b)  -> (artifact id: '447ecaf9baa682505eefb55a118d0f2c') in 0.011001 seconds 
========================================================================
Received Import Request.
  Time since last request: 0.000015 seconds.
  path: Assets/Prefab/3DMoji/Prefab/ヒ.prefab
  artifactKey: Guid(ba4b341352cc9d44da04f26a450f4f0a) Importer(815301076,1909f56bfc062723c751e8b465ee728b)
Start importing Assets/Prefab/3DMoji/Prefab/ヒ.prefab using Guid(ba4b341352cc9d44da04f26a450f4f0a) Importer(815301076,1909f56bfc062723c751e8b465ee728b)  -> (artifact id: '97e12012e74ee2198b6cd3f510282339') in 0.008318 seconds 
========================================================================
Received Import Request.
  Time since last request: 0.000015 seconds.
  path: Assets/Prefab/3DMoji/Prefab/ハ.prefab
  artifactKey: Guid(303898af6dd6bca48859d3134931ca00) Importer(815301076,1909f56bfc062723c751e8b465ee728b)
Start importing Assets/Prefab/3DMoji/Prefab/ハ.prefab using Guid(303898af6dd6bca48859d3134931ca00) Importer(815301076,1909f56bfc062723c751e8b465ee728b)  -> (artifact id: 'ed8154f5981db0bcd4e42fa2343b8fa3') in 0.006620 seconds 
========================================================================
Received Import Request.
  Time since last request: 0.000016 seconds.
  path: Assets/Prefab/3DMoji/Prefab/セ.prefab
  artifactKey: Guid(b738a4dc6bf544f4b9a4ee041c4c1b9f) Importer(815301076,1909f56bfc062723c751e8b465ee728b)
Start importing Assets/Prefab/3DMoji/Prefab/セ.prefab using Guid(b738a4dc6bf544f4b9a4ee041c4c1b9f) Importer(815301076,1909f56bfc062723c751e8b465ee728b)  -> (artifact id: 'e673d447b0c0f13649477657baaf6a08') in 0.010075 seconds 
========================================================================
Received Import Request.
  Time since last request: 0.000017 seconds.
  path: Assets/Prefab/3DMoji/Prefab/ワ.prefab
  artifactKey: Guid(3f58abd8d1e561642802895fee7211e3) Importer(815301076,1909f56bfc062723c751e8b465ee728b)
Start importing Assets/Prefab/3DMoji/Prefab/ワ.prefab using Guid(3f58abd8d1e561642802895fee7211e3) Importer(815301076,1909f56bfc062723c751e8b465ee728b)  -> (artifact id: 'a23828a4f37f0c41efc0b9b223025b06') in 0.009643 seconds 
========================================================================
Received Import Request.
  Time since last request: 0.000016 seconds.
  path: Assets/Prefab/3DMoji/Prefab/ロ.prefab
  artifactKey: Guid(29d66ef3658f38140be9f2476aa99d35) Importer(815301076,1909f56bfc062723c751e8b465ee728b)
Start importing Assets/Prefab/3DMoji/Prefab/ロ.prefab using Guid(29d66ef3658f38140be9f2476aa99d35) Importer(815301076,1909f56bfc062723c751e8b465ee728b)  -> (artifact id: '90172f39077113280a00f98806a7ba6d') in 0.006546 seconds 
========================================================================
Received Import Request.
  Time since last request: 0.000017 seconds.
  path: Assets/Prefab/3DMoji/Prefab/ヘ.prefab
  artifactKey: Guid(742350aa5d7a7d447bab12dc1315e0a1) Importer(815301076,1909f56bfc062723c751e8b465ee728b)
Start importing Assets/Prefab/3DMoji/Prefab/ヘ.prefab using Guid(742350aa5d7a7d447bab12dc1315e0a1) Importer(815301076,1909f56bfc062723c751e8b465ee728b)  -> (artifact id: '5739f01476f208ec8ff089ac5d0b325a') in 0.007148 seconds 
========================================================================
Received Import Request.
  Time since last request: 0.000013 seconds.
  path: Assets/Prefab/3DMoji/Prefab/ッ.prefab
  artifactKey: Guid(0ff598b1266c3a64eac80131e26ea010) Importer(815301076,1909f56bfc062723c751e8b465ee728b)
Start importing Assets/Prefab/3DMoji/Prefab/ッ.prefab using Guid(0ff598b1266c3a64eac80131e26ea010) Importer(815301076,1909f56bfc062723c751e8b465ee728b)  -> (artifact id: '5f77d704ce3216ae6677cbd0ab1224eb') in 0.009460 seconds 
========================================================================
Received Import Request.
  Time since last request: 0.000015 seconds.
  path: Assets/Prefab/3DMoji/Prefab/プ.prefab
  artifactKey: Guid(ccbec2da6b169a14c96cfaaff575ad98) Importer(815301076,1909f56bfc062723c751e8b465ee728b)
Start importing Assets/Prefab/3DMoji/Prefab/プ.prefab using Guid(ccbec2da6b169a14c96cfaaff575ad98) Importer(815301076,1909f56bfc062723c751e8b465ee728b)  -> (artifact id: '1e12b2ed767831debb699a2010f0517f') in 0.009744 seconds 
========================================================================
Received Import Request.
  Time since last request: 0.000021 seconds.
  path: Assets/Prefab/3DMoji/Prefab/グ.prefab
  artifactKey: Guid(2521411ed5a97644aa98af0639a354db) Importer(815301076,1909f56bfc062723c751e8b465ee728b)
Start importing Assets/Prefab/3DMoji/Prefab/グ.prefab using Guid(2521411ed5a97644aa98af0639a354db) Importer(815301076,1909f56bfc062723c751e8b465ee728b)  -> (artifact id: '2e696334cedad8916532a67d758525b8') in 0.010602 seconds 
========================================================================
Received Import Request.
  Time since last request: 0.000032 seconds.
  path: Assets/Prefab/3DMoji/Prefab/ホ.prefab
  artifactKey: Guid(c5acb6546f33e414fb5ab90f51786c80) Importer(815301076,1909f56bfc062723c751e8b465ee728b)
Start importing Assets/Prefab/3DMoji/Prefab/ホ.prefab using Guid(c5acb6546f33e414fb5ab90f51786c80) Importer(815301076,1909f56bfc062723c751e8b465ee728b)  -> (artifact id: '5d6ea6c14e3acde06a735aaf994e2ac0') in 0.006811 seconds 
========================================================================
Received Import Request.
  Time since last request: 0.000019 seconds.
  path: Assets/Prefab/3DMoji/Prefab/ウ.prefab
  artifactKey: Guid(6e95fea6cf249b845b3280433d8f3ca4) Importer(815301076,1909f56bfc062723c751e8b465ee728b)
Start importing Assets/Prefab/3DMoji/Prefab/ウ.prefab using Guid(6e95fea6cf249b845b3280433d8f3ca4) Importer(815301076,1909f56bfc062723c751e8b465ee728b)  -> (artifact id: 'd20ab81203c7fe13f1af72c3f9c4f3cb') in 0.006289 seconds 
========================================================================
Received Import Request.
  Time since last request: 0.000016 seconds.
  path: Assets/Prefab/3DMoji/Prefab/タ.prefab
  artifactKey: Guid(05ff34197b0736e4fbd336d1626e97fa) Importer(815301076,1909f56bfc062723c751e8b465ee728b)
Start importing Assets/Prefab/3DMoji/Prefab/タ.prefab using Guid(05ff34197b0736e4fbd336d1626e97fa) Importer(815301076,1909f56bfc062723c751e8b465ee728b)  -> (artifact id: '123647b9f14a8661dd64ecd652ae4402') in 0.009088 seconds 
========================================================================
Received Import Request.
  Time since last request: 0.000017 seconds.
  path: Assets/Prefab/3DMoji/Prefab/ト.prefab
  artifactKey: Guid(9ec0052254716aa4fad19d098690aa85) Importer(815301076,1909f56bfc062723c751e8b465ee728b)
Start importing Assets/Prefab/3DMoji/Prefab/ト.prefab using Guid(9ec0052254716aa4fad19d098690aa85) Importer(815301076,1909f56bfc062723c751e8b465ee728b)  -> (artifact id: 'a8f5418576ea8702a6d093ca0820e819') in 0.006149 seconds 
========================================================================
Received Import Request.
  Time since last request: 0.000015 seconds.
  path: Assets/Prefab/3DMoji/Prefab/コ.prefab
  artifactKey: Guid(c3c4016461ccc9244acf79b7cc25c03f) Importer(815301076,1909f56bfc062723c751e8b465ee728b)
Start importing Assets/Prefab/3DMoji/Prefab/コ.prefab using Guid(c3c4016461ccc9244acf79b7cc25c03f) Importer(815301076,1909f56bfc062723c751e8b465ee728b)  -> (artifact id: 'a63cac8351ea0dcedce6db20a3aa47bc') in 0.010136 seconds 
========================================================================
Received Import Request.
  Time since last request: 0.000014 seconds.
  path: Assets/Prefab/3DMoji/Prefab/リ.prefab
  artifactKey: Guid(2844f728193509b4695b61d8c253b321) Importer(815301076,1909f56bfc062723c751e8b465ee728b)
Start importing Assets/Prefab/3DMoji/Prefab/リ.prefab using Guid(2844f728193509b4695b61d8c253b321) Importer(815301076,1909f56bfc062723c751e8b465ee728b)  -> (artifact id: '2e5e796198bc2cc79be1b8a9cd2be9d0') in 0.005923 seconds 
========================================================================
Received Import Request.
  Time since last request: 0.000017 seconds.
  path: Assets/Prefab/3DMoji/Prefab/カ.prefab
  artifactKey: Guid(a49586f924a80e141b228670fae4cc5a) Importer(815301076,1909f56bfc062723c751e8b465ee728b)
Start importing Assets/Prefab/3DMoji/Prefab/カ.prefab using Guid(a49586f924a80e141b228670fae4cc5a) Importer(815301076,1909f56bfc062723c751e8b465ee728b)  -> (artifact id: 'b925411d7d9eeb468dbe3801ea545c0c') in 0.008627 seconds 
========================================================================
Received Import Request.
  Time since last request: 0.000022 seconds.
  path: Assets/Prefab/3DMoji/Prefab/ユ.prefab
  artifactKey: Guid(c3fc59a64c0c3ba41ab81ee358fa854d) Importer(815301076,1909f56bfc062723c751e8b465ee728b)
Start importing Assets/Prefab/3DMoji/Prefab/ユ.prefab using Guid(c3fc59a64c0c3ba41ab81ee358fa854d) Importer(815301076,1909f56bfc062723c751e8b465ee728b)  -> (artifact id: '227edb5d6b014fe0d1298520ee2a5ee0') in 0.006893 seconds 
========================================================================
Received Import Request.
  Time since last request: 0.000033 seconds.
  path: Assets/Prefab/3DMoji/Prefab/ド.prefab
  artifactKey: Guid(698fa0d2e025f4c468d7ecd2c32dd880) Importer(815301076,1909f56bfc062723c751e8b465ee728b)
Start importing Assets/Prefab/3DMoji/Prefab/ド.prefab using Guid(698fa0d2e025f4c468d7ecd2c32dd880) Importer(815301076,1909f56bfc062723c751e8b465ee728b)  -> (artifact id: '17aaa2f3cc9cc2acf6042296f18ac617') in 0.009362 seconds 
========================================================================
Received Import Request.
  Time since last request: 0.000017 seconds.
  path: Assets/Prefab/3DMoji/Prefab/ヅ.prefab
  artifactKey: Guid(1422c3682dc6cb94ab5d3b162d9ea170) Importer(815301076,1909f56bfc062723c751e8b465ee728b)
Start importing Assets/Prefab/3DMoji/Prefab/ヅ.prefab using Guid(1422c3682dc6cb94ab5d3b162d9ea170) Importer(815301076,1909f56bfc062723c751e8b465ee728b)  -> (artifact id: 'd18710d88b4723eefc123ed97a63505f') in 0.007222 seconds 
========================================================================
Received Import Request.
  Time since last request: 0.000017 seconds.
  path: Assets/Prefab/3DMoji/Prefab/ガ.prefab
  artifactKey: Guid(2df583d77c038f14698c1b3f5e1dc4c1) Importer(815301076,1909f56bfc062723c751e8b465ee728b)
Start importing Assets/Prefab/3DMoji/Prefab/ガ.prefab using Guid(2df583d77c038f14698c1b3f5e1dc4c1) Importer(815301076,1909f56bfc062723c751e8b465ee728b)  -> (artifact id: '3eb28fb7cff6d3a778ba766b0c2619b0') in 0.005845 seconds 
========================================================================
Received Import Request.
  Time since last request: 0.000017 seconds.
  path: Assets/Prefab/3DMoji/Prefab/ー.prefab
  artifactKey: Guid(b20bff28170504748ab0deac6595f169) Importer(815301076,1909f56bfc062723c751e8b465ee728b)
Start importing Assets/Prefab/3DMoji/Prefab/ー.prefab using Guid(b20bff28170504748ab0deac6595f169) Importer(815301076,1909f56bfc062723c751e8b465ee728b)  -> (artifact id: '2539dc2d5725178406aa9e0e1e4cce72') in 0.008596 seconds 
========================================================================
Received Prepare
Registering precompiled user dll's ...
Registered in 0.004548 seconds.
Begin MonoManager ReloadAssembly
Symbol file LoadedFromMemory doesn't match image C:\Users\kihara\Documents\doraemon\Koetobuster\Library\PackageCache\com.unity.visualscripting@1.8.0\Editor\VisualScripting.Core\Dependencies\YamlDotNet\Unity.VisualScripting.YamlDotNet.dll
Symbol file LoadedFromMemory doesn't match image C:\Users\kihara\Documents\doraemon\Koetobuster\Library\PackageCache\com.unity.visualscripting@1.8.0\Editor\VisualScripting.Core\Dependencies\DotNetZip\Unity.VisualScripting.IonicZip.dll
Native extension for UWP target not found
Native extension for WindowsStandalone target not found
Refreshing native plugins compatible for Editor in 0.71 ms, found 3 plugins.
Preloading 0 native plugins for Editor in 0.00 ms.
Mono: successfully reloaded assembly
- Completed reload, in  0.890 seconds
Domain Reload Profiling:
	ReloadAssembly (891ms)
		BeginReloadAssembly (133ms)
			ExecutionOrderSort (0ms)
			DisableScriptedObjects (3ms)
			BackupInstance (0ms)
			ReleaseScriptingObjects (0ms)
			CreateAndSetChildDomain (38ms)
		EndReloadAssembly (674ms)
			LoadAssemblies (83ms)
			RebuildTransferFunctionScriptingTraits (0ms)
			SetupTypeCache (238ms)
			ReleaseScriptCaches (1ms)
			RebuildScriptCaches (39ms)
			SetupLoadedEditorAssemblies (277ms)
				LogAssemblyErrors (0ms)
				InitializePlatformSupportModulesInManaged (6ms)
				SetLoadedEditorAssemblies (1ms)
				RefreshPlugins (1ms)
				BeforeProcessingInitializeOnLoad (60ms)
				ProcessInitializeOnLoadAttributes (184ms)
				ProcessInitializeOnLoadMethodAttributes (19ms)
				AfterProcessingInitializeOnLoad (8ms)
				EditorAssembliesLoaded (0ms)
			ExecutionOrderSort2 (0ms)
			AwakeInstancesAfterBackupRestoration (7ms)
Platform modules already initialized, skipping
Refreshing native plugins compatible for Editor in 1.86 ms, found 3 plugins.
Preloading 0 native plugins for Editor in 0.00 ms.
Unloading 3046 Unused Serialized files (Serialized files now loaded: 0)
Unloading 16 unused Assets / (24.6 KB). Loaded Objects now: 3544.
Memory consumption went from 111.9 MB to 111.9 MB.
Total: 2.756700 ms (FindLiveObjects: 0.414200 ms CreateObjectMapping: 0.085700 ms MarkObjects: 2.233200 ms  DeleteObjects: 0.022300 ms)

AssetImportParameters requested are different than current active one (requested -> active):
  custom:video-decoder-ogg-theora: a1e56fd34408186e4bbccfd4996cb3dc -> 
  custom:container-muxer-webm: aa71ff27fc2769a1b78a27578f13a17b -> 
  custom:container-demuxer-webm: 4f35f7cbe854078d1ac9338744f61a02 -> 
  custom:video-encoder-webm-vp8: eb34c28f22e8b96e1ab97ce403110664 -> 
  custom:video-codec-MediaFoundation-h265: 746d11721c4dcdbdad8f713fa42b33f4 -> 
  custom:audio-encoder-webm-vorbis: bf7c407c2cedff20999df2af8eb42d56 -> 
  custom:framework-win-MediaFoundation: 216162199b28c13a410421893ffa2e32 -> 
  custom:container-demuxer-ogg: 62fdf1f143b41e24485cea50d1cbac27 -> 
  custom:video-decoder-webm-vp8: 9c59270c3fd7afecdb556c50c9e8de78 -> 
  custom:audio-decoder-ogg-vorbis: bf7c407c2cedff20999df2af8eb42d56 -> 
========================================================================
Received Prepare
Registering precompiled user dll's ...
Registered in 0.004516 seconds.
Begin MonoManager ReloadAssembly
Symbol file LoadedFromMemory doesn't match image C:\Users\kihara\Documents\doraemon\Koetobuster\Library\PackageCache\com.unity.visualscripting@1.8.0\Editor\VisualScripting.Core\Dependencies\YamlDotNet\Unity.VisualScripting.YamlDotNet.dll
Symbol file LoadedFromMemory doesn't match image C:\Users\kihara\Documents\doraemon\Koetobuster\Library\PackageCache\com.unity.visualscripting@1.8.0\Editor\VisualScripting.Core\Dependencies\DotNetZip\Unity.VisualScripting.IonicZip.dll
Native extension for UWP target not found
Native extension for WindowsStandalone target not found
Refreshing native plugins compatible for Editor in 0.45 ms, found 3 plugins.
Preloading 0 native plugins for Editor in 0.00 ms.
Mono: successfully reloaded assembly
- Completed reload, in  0.851 seconds
Domain Reload Profiling:
	ReloadAssembly (852ms)
		BeginReloadAssembly (129ms)
			ExecutionOrderSort (0ms)
			DisableScriptedObjects (4ms)
			BackupInstance (0ms)
			ReleaseScriptingObjects (0ms)
			CreateAndSetChildDomain (35ms)
		EndReloadAssembly (647ms)
			LoadAssemblies (77ms)
			RebuildTransferFunctionScriptingTraits (0ms)
			SetupTypeCache (229ms)
			ReleaseScriptCaches (1ms)
			RebuildScriptCaches (38ms)
			SetupLoadedEditorAssemblies (271ms)
				LogAssemblyErrors (0ms)
				InitializePlatformSupportModulesInManaged (6ms)
				SetLoadedEditorAssemblies (0ms)
				RefreshPlugins (0ms)
				BeforeProcessingInitializeOnLoad (56ms)
				ProcessInitializeOnLoadAttributes (182ms)
				ProcessInitializeOnLoadMethodAttributes (18ms)
				AfterProcessingInitializeOnLoad (8ms)
				EditorAssembliesLoaded (0ms)
			ExecutionOrderSort2 (0ms)
			AwakeInstancesAfterBackupRestoration (7ms)
Platform modules already initialized, skipping
Refreshing native plugins compatible for Editor in 2.18 ms, found 3 plugins.
Preloading 0 native plugins for Editor in 0.00 ms.
Unloading 3046 Unused Serialized files (Serialized files now loaded: 0)
Unloading 16 unused Assets / (24.7 KB). Loaded Objects now: 3547.
Memory consumption went from 111.9 MB to 111.9 MB.
Total: 2.863500 ms (FindLiveObjects: 0.240400 ms CreateObjectMapping: 0.069500 ms MarkObjects: 2.534200 ms  DeleteObjects: 0.018700 ms)

AssetImportParameters requested are different than current active one (requested -> active):
  custom:video-decoder-ogg-theora: a1e56fd34408186e4bbccfd4996cb3dc -> 
  custom:container-muxer-webm: aa71ff27fc2769a1b78a27578f13a17b -> 
  custom:container-demuxer-webm: 4f35f7cbe854078d1ac9338744f61a02 -> 
  custom:video-encoder-webm-vp8: eb34c28f22e8b96e1ab97ce403110664 -> 
  custom:video-codec-MediaFoundation-h265: 746d11721c4dcdbdad8f713fa42b33f4 -> 
  custom:audio-encoder-webm-vorbis: bf7c407c2cedff20999df2af8eb42d56 -> 
  custom:framework-win-MediaFoundation: 216162199b28c13a410421893ffa2e32 -> 
  custom:container-demuxer-ogg: 62fdf1f143b41e24485cea50d1cbac27 -> 
  custom:video-decoder-webm-vp8: 9c59270c3fd7afecdb556c50c9e8de78 -> 
  custom:audio-decoder-ogg-vorbis: bf7c407c2cedff20999df2af8eb42d56 -> 
========================================================================
Received Import Request.
  Time since last request: 25.046262 seconds.
  path: Assets/Prefab/3DMoji/Prefab/ア.prefab
  artifactKey: Guid(d0e9ee0da4921f543bc74b0692313117) Importer(815301076,1909f56bfc062723c751e8b465ee728b)
Start importing Assets/Prefab/3DMoji/Prefab/ア.prefab using Guid(d0e9ee0da4921f543bc74b0692313117) Importer(815301076,1909f56bfc062723c751e8b465ee728b)  -> (artifact id: '7329fd3c9f887b1f6471cd6a706ef3b8') in 0.052589 seconds 
========================================================================
Received Prepare
Registering precompiled user dll's ...
Registered in 0.004406 seconds.
Begin MonoManager ReloadAssembly
Symbol file LoadedFromMemory doesn't match image C:\Users\kihara\Documents\doraemon\Koetobuster\Library\PackageCache\com.unity.visualscripting@1.8.0\Editor\VisualScripting.Core\Dependencies\YamlDotNet\Unity.VisualScripting.YamlDotNet.dll
Symbol file LoadedFromMemory doesn't match image C:\Users\kihara\Documents\doraemon\Koetobuster\Library\PackageCache\com.unity.visualscripting@1.8.0\Editor\VisualScripting.Core\Dependencies\DotNetZip\Unity.VisualScripting.IonicZip.dll
Native extension for UWP target not found
Native extension for WindowsStandalone target not found
Refreshing native plugins compatible for Editor in 0.59 ms, found 3 plugins.
Preloading 0 native plugins for Editor in 0.00 ms.
Mono: successfully reloaded assembly
- Completed reload, in  0.764 seconds
Domain Reload Profiling:
	ReloadAssembly (765ms)
		BeginReloadAssembly (119ms)
			ExecutionOrderSort (0ms)
			DisableScriptedObjects (4ms)
			BackupInstance (0ms)
			ReleaseScriptingObjects (0ms)
			CreateAndSetChildDomain (31ms)
		EndReloadAssembly (562ms)
			LoadAssemblies (73ms)
			RebuildTransferFunctionScriptingTraits (0ms)
			SetupTypeCache (198ms)
			ReleaseScriptCaches (1ms)
			RebuildScriptCaches (28ms)
			SetupLoadedEditorAssemblies (243ms)
				LogAssemblyErrors (0ms)
				InitializePlatformSupportModulesInManaged (5ms)
				SetLoadedEditorAssemblies (0ms)
				RefreshPlugins (1ms)
				BeforeProcessingInitializeOnLoad (50ms)
				ProcessInitializeOnLoadAttributes (155ms)
				ProcessInitializeOnLoadMethodAttributes (21ms)
				AfterProcessingInitializeOnLoad (11ms)
				EditorAssembliesLoaded (0ms)
			ExecutionOrderSort2 (0ms)
			AwakeInstancesAfterBackupRestoration (5ms)
Platform modules already initialized, skipping
Refreshing native plugins compatible for Editor in 2.07 ms, found 3 plugins.
Preloading 0 native plugins for Editor in 0.00 ms.
Unloading 3046 Unused Serialized files (Serialized files now loaded: 0)
Unloading 16 unused Assets / (24.7 KB). Loaded Objects now: 3550.
Memory consumption went from 112.0 MB to 111.9 MB.
Total: 2.982800 ms (FindLiveObjects: 0.230000 ms CreateObjectMapping: 0.111100 ms MarkObjects: 2.613700 ms  DeleteObjects: 0.026700 ms)

AssetImportParameters requested are different than current active one (requested -> active):
  custom:video-decoder-ogg-theora: a1e56fd34408186e4bbccfd4996cb3dc -> 
  custom:container-muxer-webm: aa71ff27fc2769a1b78a27578f13a17b -> 
  custom:container-demuxer-webm: 4f35f7cbe854078d1ac9338744f61a02 -> 
  custom:video-encoder-webm-vp8: eb34c28f22e8b96e1ab97ce403110664 -> 
  custom:video-codec-MediaFoundation-h265: 746d11721c4dcdbdad8f713fa42b33f4 -> 
  custom:audio-encoder-webm-vorbis: bf7c407c2cedff20999df2af8eb42d56 -> 
  custom:framework-win-MediaFoundation: 216162199b28c13a410421893ffa2e32 -> 
  custom:container-demuxer-ogg: 62fdf1f143b41e24485cea50d1cbac27 -> 
  custom:video-decoder-webm-vp8: 9c59270c3fd7afecdb556c50c9e8de78 -> 
  custom:audio-decoder-ogg-vorbis: bf7c407c2cedff20999df2af8eb42d56 -> 
========================================================================
Received Prepare
Registering precompiled user dll's ...
Registered in 0.004309 seconds.
Begin MonoManager ReloadAssembly
Symbol file LoadedFromMemory doesn't match image C:\Users\kihara\Documents\doraemon\Koetobuster\Library\PackageCache\com.unity.visualscripting@1.8.0\Editor\VisualScripting.Core\Dependencies\YamlDotNet\Unity.VisualScripting.YamlDotNet.dll
Symbol file LoadedFromMemory doesn't match image C:\Users\kihara\Documents\doraemon\Koetobuster\Library\PackageCache\com.unity.visualscripting@1.8.0\Editor\VisualScripting.Core\Dependencies\DotNetZip\Unity.VisualScripting.IonicZip.dll
Native extension for UWP target not found
Native extension for WindowsStandalone target not found
Refreshing native plugins compatible for Editor in 0.69 ms, found 3 plugins.
Preloading 0 native plugins for Editor in 0.00 ms.
Mono: successfully reloaded assembly
- Completed reload, in  0.881 seconds
Domain Reload Profiling:
	ReloadAssembly (882ms)
		BeginReloadAssembly (128ms)
			ExecutionOrderSort (0ms)
			DisableScriptedObjects (4ms)
			BackupInstance (0ms)
			ReleaseScriptingObjects (0ms)
			CreateAndSetChildDomain (36ms)
		EndReloadAssembly (672ms)
			LoadAssemblies (77ms)
			RebuildTransferFunctionScriptingTraits (0ms)
			SetupTypeCache (238ms)
			ReleaseScriptCaches (1ms)
			RebuildScriptCaches (39ms)
			SetupLoadedEditorAssemblies (281ms)
				LogAssemblyErrors (0ms)
				InitializePlatformSupportModulesInManaged (7ms)
				SetLoadedEditorAssemblies (1ms)
				RefreshPlugins (1ms)
				BeforeProcessingInitializeOnLoad (61ms)
				ProcessInitializeOnLoadAttributes (185ms)
				ProcessInitializeOnLoadMethodAttributes (19ms)
				AfterProcessingInitializeOnLoad (8ms)
				EditorAssembliesLoaded (0ms)
			ExecutionOrderSort2 (0ms)
			AwakeInstancesAfterBackupRestoration (7ms)
Platform modules already initialized, skipping
Refreshing native plugins compatible for Editor in 2.29 ms, found 3 plugins.
Preloading 0 native plugins for Editor in 0.00 ms.
Unloading 3046 Unused Serialized files (Serialized files now loaded: 0)
Unloading 16 unused Assets / (24.7 KB). Loaded Objects now: 3553.
Memory consumption went from 112.0 MB to 111.9 MB.
Total: 3.197200 ms (FindLiveObjects: 0.259100 ms CreateObjectMapping: 0.161100 ms MarkObjects: 2.757800 ms  DeleteObjects: 0.018500 ms)

AssetImportParameters requested are different than current active one (requested -> active):
  custom:video-decoder-ogg-theora: a1e56fd34408186e4bbccfd4996cb3dc -> 
  custom:container-muxer-webm: aa71ff27fc2769a1b78a27578f13a17b -> 
  custom:container-demuxer-webm: 4f35f7cbe854078d1ac9338744f61a02 -> 
  custom:video-encoder-webm-vp8: eb34c28f22e8b96e1ab97ce403110664 -> 
  custom:video-codec-MediaFoundation-h265: 746d11721c4dcdbdad8f713fa42b33f4 -> 
  custom:audio-encoder-webm-vorbis: bf7c407c2cedff20999df2af8eb42d56 -> 
  custom:framework-win-MediaFoundation: 216162199b28c13a410421893ffa2e32 -> 
  custom:container-demuxer-ogg: 62fdf1f143b41e24485cea50d1cbac27 -> 
  custom:video-decoder-webm-vp8: 9c59270c3fd7afecdb556c50c9e8de78 -> 
  custom:audio-decoder-ogg-vorbis: bf7c407c2cedff20999df2af8eb42d56 -> 
========================================================================
Received Import Request.
  Time since last request: 18.696125 seconds.
  path: Assets/Prefab/3DMoji/Prefab/ゲ.prefab
  artifactKey: Guid(bf5b9098c1068f44a8d4186fd4f32a9d) Importer(815301076,1909f56bfc062723c751e8b465ee728b)
Start importing Assets/Prefab/3DMoji/Prefab/ゲ.prefab using Guid(bf5b9098c1068f44a8d4186fd4f32a9d) Importer(815301076,1909f56bfc062723c751e8b465ee728b)  -> (artifact id: 'f664f7017e840c5a724212c8001c5cfb') in 0.056192 seconds 
========================================================================
Received Import Request.
  Time since last request: 0.000023 seconds.
  path: Assets/Prefab/3DMoji/Prefab/バ.prefab
  artifactKey: Guid(4f3c9221465762846a49a5c090789629) Importer(815301076,1909f56bfc062723c751e8b465ee728b)
Start importing Assets/Prefab/3DMoji/Prefab/バ.prefab using Guid(4f3c9221465762846a49a5c090789629) Importer(815301076,1909f56bfc062723c751e8b465ee728b)  -> (artifact id: 'e8df276c422d1d739043e5e6443ca856') in 0.010668 seconds 
========================================================================
Received Import Request.
  Time since last request: 0.000017 seconds.
  path: Assets/Prefab/3DMoji/Prefab/ソ.prefab
  artifactKey: Guid(ae90f55164fd50a46b4cd30fe4a7717f) Importer(815301076,1909f56bfc062723c751e8b465ee728b)
Start importing Assets/Prefab/3DMoji/Prefab/ソ.prefab using Guid(ae90f55164fd50a46b4cd30fe4a7717f) Importer(815301076,1909f56bfc062723c751e8b465ee728b)  -> (artifact id: 'f2cc0e935d3c54e6aa6477e2a30152c8') in 0.007161 seconds 
========================================================================
Received Import Request.
  Time since last request: 0.000016 seconds.
  path: Assets/Prefab/3DMoji/Prefab/エ.prefab
  artifactKey: Guid(5cb810af4fda4444b84194cf0176e988) Importer(815301076,1909f56bfc062723c751e8b465ee728b)
Start importing Assets/Prefab/3DMoji/Prefab/エ.prefab using Guid(5cb810af4fda4444b84194cf0176e988) Importer(815301076,1909f56bfc062723c751e8b465ee728b)  -> (artifact id: '00871709b89e8a7672295223263f472c') in 0.006975 seconds 
========================================================================
Received Import Request.
  Time since last request: 0.000028 seconds.
  path: Assets/Prefab/3DMoji/Prefab/ア.prefab
  artifactKey: Guid(d0e9ee0da4921f543bc74b0692313117) Importer(815301076,1909f56bfc062723c751e8b465ee728b)
Start importing Assets/Prefab/3DMoji/Prefab/ア.prefab using Guid(d0e9ee0da4921f543bc74b0692313117) Importer(815301076,1909f56bfc062723c751e8b465ee728b)  -> (artifact id: 'b73753467c807dff1c19dfdd4a81b398') in 0.006165 seconds 
========================================================================
Received Import Request.
  Time since last request: 0.000018 seconds.
  path: Assets/Prefab/3DMoji/Prefab/ハ.prefab
  artifactKey: Guid(303898af6dd6bca48859d3134931ca00) Importer(815301076,1909f56bfc062723c751e8b465ee728b)
Start importing Assets/Prefab/3DMoji/Prefab/ハ.prefab using Guid(303898af6dd6bca48859d3134931ca00) Importer(815301076,1909f56bfc062723c751e8b465ee728b)  -> (artifact id: 'e8e43e9e928faa0add0d34a7f23bf919') in 0.006550 seconds 
========================================================================
Received Import Request.
  Time since last request: 0.000014 seconds.
  path: Assets/Prefab/3DMoji/Prefab/パ.prefab
  artifactKey: Guid(940c0653d6e0f184c9434f3967f85604) Importer(815301076,1909f56bfc062723c751e8b465ee728b)
Start importing Assets/Prefab/3DMoji/Prefab/パ.prefab using Guid(940c0653d6e0f184c9434f3967f85604) Importer(815301076,1909f56bfc062723c751e8b465ee728b)  -> (artifact id: '01c6b858d83c4811e1530376ed7f690d') in 0.008512 seconds 
========================================================================
Received Import Request.
  Time since last request: 0.000015 seconds.
  path: Assets/Prefab/3DMoji/Prefab/ケ.prefab
  artifactKey: Guid(77d30a8167acfba4cac6fb70488b02fb) Importer(815301076,1909f56bfc062723c751e8b465ee728b)
Start importing Assets/Prefab/3DMoji/Prefab/ケ.prefab using Guid(77d30a8167acfba4cac6fb70488b02fb) Importer(815301076,1909f56bfc062723c751e8b465ee728b)  -> (artifact id: '3f156ca34bf20c13cb6426962bc3bafd') in 0.005994 seconds 
========================================================================
Received Import Request.
  Time since last request: 0.000018 seconds.
  path: Assets/Prefab/3DMoji/Prefab/ダ.prefab
  artifactKey: Guid(3debddd0f20ea894eb6473d2a1f683e4) Importer(815301076,1909f56bfc062723c751e8b465ee728b)
Start importing Assets/Prefab/3DMoji/Prefab/ダ.prefab using Guid(3debddd0f20ea894eb6473d2a1f683e4) Importer(815301076,1909f56bfc062723c751e8b465ee728b)  -> (artifact id: '188b21e1a2044a357e537e9f9b29c153') in 0.006097 seconds 
========================================================================
Received Import Request.
  Time since last request: 0.000013 seconds.
  path: Assets/Prefab/3DMoji/Prefab/ヘ.prefab
  artifactKey: Guid(742350aa5d7a7d447bab12dc1315e0a1) Importer(815301076,1909f56bfc062723c751e8b465ee728b)
Start importing Assets/Prefab/3DMoji/Prefab/ヘ.prefab using Guid(742350aa5d7a7d447bab12dc1315e0a1) Importer(815301076,1909f56bfc062723c751e8b465ee728b)  -> (artifact id: '50957ead808f0c87573a48b145cdc3d3') in 0.006711 seconds 
========================================================================
Received Import Request.
  Time since last request: 0.000018 seconds.
  path: Assets/Prefab/3DMoji/Prefab/ッ.prefab
  artifactKey: Guid(0ff598b1266c3a64eac80131e26ea010) Importer(815301076,1909f56bfc062723c751e8b465ee728b)
Start importing Assets/Prefab/3DMoji/Prefab/ッ.prefab using Guid(0ff598b1266c3a64eac80131e26ea010) Importer(815301076,1909f56bfc062723c751e8b465ee728b)  -> (artifact id: 'f4434ec713c64bf50ee085eccad565f0') in 0.010212 seconds 
========================================================================
Received Import Request.
  Time since last request: 0.000018 seconds.
  path: Assets/Prefab/3DMoji/Prefab/ギ.prefab
  artifactKey: Guid(c2c2615df15339f4989c56e06ab8e578) Importer(815301076,1909f56bfc062723c751e8b465ee728b)
Start importing Assets/Prefab/3DMoji/Prefab/ギ.prefab using Guid(c2c2615df15339f4989c56e06ab8e578) Importer(815301076,1909f56bfc062723c751e8b465ee728b)  -> (artifact id: '5fb64365f4766cf0ae666c739d1092cc') in 0.007066 seconds 
========================================================================
Received Import Request.
  Time since last request: 0.000019 seconds.
  path: Assets/Prefab/3DMoji/Prefab/ィ.prefab
  artifactKey: Guid(3d1b0410607d8754fb9189f46a321b7a) Importer(815301076,1909f56bfc062723c751e8b465ee728b)
Start importing Assets/Prefab/3DMoji/Prefab/ィ.prefab using Guid(3d1b0410607d8754fb9189f46a321b7a) Importer(815301076,1909f56bfc062723c751e8b465ee728b)  -> (artifact id: '4e1d76abdca138a9812afa4a4ff640d5') in 0.006717 seconds 
========================================================================
Received Import Request.
  Time since last request: 0.000016 seconds.
  path: Assets/Prefab/3DMoji/Prefab/ウ.prefab
  artifactKey: Guid(6e95fea6cf249b845b3280433d8f3ca4) Importer(815301076,1909f56bfc062723c751e8b465ee728b)
Start importing Assets/Prefab/3DMoji/Prefab/ウ.prefab using Guid(6e95fea6cf249b845b3280433d8f3ca4) Importer(815301076,1909f56bfc062723c751e8b465ee728b)  -> (artifact id: 'de86d2d91baa05fb9e27b79fdcd07741') in 0.006610 seconds 
========================================================================
Received Import Request.
  Time since last request: 0.000017 seconds.
  path: Assets/Prefab/3DMoji/Prefab/デ.prefab
  artifactKey: Guid(efa53e9df93f58c4683e302c9743ec01) Importer(815301076,1909f56bfc062723c751e8b465ee728b)
Start importing Assets/Prefab/3DMoji/Prefab/デ.prefab using Guid(efa53e9df93f58c4683e302c9743ec01) Importer(815301076,1909f56bfc062723c751e8b465ee728b)  -> (artifact id: '8792e8a2442245cc2b3e6b9a1f262601') in 0.006097 seconds 
========================================================================
Received Import Request.
  Time since last request: 0.000025 seconds.
  path: Assets/Prefab/3DMoji/Prefab/ト.prefab
  artifactKey: Guid(9ec0052254716aa4fad19d098690aa85) Importer(815301076,1909f56bfc062723c751e8b465ee728b)
Start importing Assets/Prefab/3DMoji/Prefab/ト.prefab using Guid(9ec0052254716aa4fad19d098690aa85) Importer(815301076,1909f56bfc062723c751e8b465ee728b)  -> (artifact id: '69aec881a645bd24a6e6e7f907772141') in 0.007691 seconds 
========================================================================
Received Import Request.
  Time since last request: 0.000018 seconds.
  path: Assets/Prefab/3DMoji/Prefab/コ.prefab
  artifactKey: Guid(c3c4016461ccc9244acf79b7cc25c03f) Importer(815301076,1909f56bfc062723c751e8b465ee728b)
Start importing Assets/Prefab/3DMoji/Prefab/コ.prefab using Guid(c3c4016461ccc9244acf79b7cc25c03f) Importer(815301076,1909f56bfc062723c751e8b465ee728b)  -> (artifact id: '48e2cc6f03415a8517e210ec08290b95') in 0.010690 seconds 
========================================================================
Received Import Request.
  Time since last request: 0.000019 seconds.
  path: Assets/Prefab/3DMoji/Prefab/ナ.prefab
  artifactKey: Guid(8a73f925c4987d141b9f4a0674f89c4c) Importer(815301076,1909f56bfc062723c751e8b465ee728b)
Start importing Assets/Prefab/3DMoji/Prefab/ナ.prefab using Guid(8a73f925c4987d141b9f4a0674f89c4c) Importer(815301076,1909f56bfc062723c751e8b465ee728b)  -> (artifact id: 'd08e63917a542f701c9af10e2f96b6d1') in 0.007169 seconds 
========================================================================
Received Import Request.
  Time since last request: 0.000019 seconds.
  path: Assets/Prefab/3DMoji/Prefab/ス.prefab
  artifactKey: Guid(874376dae36c1344ba8a8c38ebd477f5) Importer(815301076,1909f56bfc062723c751e8b465ee728b)
Start importing Assets/Prefab/3DMoji/Prefab/ス.prefab using Guid(874376dae36c1344ba8a8c38ebd477f5) Importer(815301076,1909f56bfc062723c751e8b465ee728b)  -> (artifact id: '8bd5ea883d24c3514a046be87cbbae58') in 0.007103 seconds 
========================================================================
Received Import Request.
  Time since last request: 0.000019 seconds.
  path: Assets/Prefab/3DMoji/Prefab/ヅ.prefab
  artifactKey: Guid(1422c3682dc6cb94ab5d3b162d9ea170) Importer(815301076,1909f56bfc062723c751e8b465ee728b)
Start importing Assets/Prefab/3DMoji/Prefab/ヅ.prefab using Guid(1422c3682dc6cb94ab5d3b162d9ea170) Importer(815301076,1909f56bfc062723c751e8b465ee728b)  -> (artifact id: 'f67130b3d5a82d057291fae322dbd5aa') in 0.007060 seconds 
Editor requested this worker to shutdown with reason: Scaling down because of idle timeout
AssetImportWorker is now disconnected from the server
Process exiting
Exiting without the bug reporter. Application will terminate with return code 0