Using pre-set license
Built from '2021.3/staging' branch; Version is '2021.3.21f1 (1b156197d683) revision 1774945'; Using compiler version '192829333'; Build Type 'Release'
OS: 'Windows 11  (10.0.22621) 64bit Core' Language: 'ja' Physical Memory: 16310 MB
BatchMode: 1, IsHumanControllingUs: 0, StartBugReporterOnCrash: 0, Is64bit: 1, IsPro: 1

COMMAND LINE ARGUMENTS:
C:\Program Files\Unity\Hub\Editor\2021.3.21f1\Editor\Unity.exe
-adb2
-batchMode
-noUpm
-name
AssetImportWorker20
-projectPath
C:/Users/kihara/Documents/doraemon/Koetobuster
-logFile
Logs/AssetImportWorker20.log
-srvPort
61903
Successfully changed project path to: C:/Users/kihara/Documents/doraemon/Koetobuster
C:/Users/kihara/Documents/doraemon/Koetobuster
[UnityMemory] Configuration Parameters - Can be set up in boot.config
    "memorysetup-bucket-allocator-granularity=16"
    "memorysetup-bucket-allocator-bucket-count=8"
    "memorysetup-bucket-allocator-block-size=33554432"
    "memorysetup-bucket-allocator-block-count=8"
    "memorysetup-main-allocator-block-size=16777216"
    "memorysetup-thread-allocator-block-size=16777216"
    "memorysetup-gfx-main-allocator-block-size=16777216"
    "memorysetup-gfx-thread-allocator-block-size=16777216"
    "memorysetup-cache-allocator-block-size=4194304"
    "memorysetup-typetree-allocator-block-size=2097152"
    "memorysetup-profiler-bucket-allocator-granularity=16"
    "memorysetup-profiler-bucket-allocator-bucket-count=8"
    "memorysetup-profiler-bucket-allocator-block-size=33554432"
    "memorysetup-profiler-bucket-allocator-block-count=8"
    "memorysetup-profiler-allocator-block-size=16777216"
    "memorysetup-profiler-editor-allocator-block-size=1048576"
    "memorysetup-temp-allocator-size-main=16777216"
    "memorysetup-job-temp-allocator-block-size=2097152"
    "memorysetup-job-temp-allocator-block-size-background=1048576"
    "memorysetup-job-temp-allocator-reduction-small-platforms=262144"
    "memorysetup-temp-allocator-size-background-worker=32768"
    "memorysetup-temp-allocator-size-job-worker=262144"
    "memorysetup-temp-allocator-size-preload-manager=33554432"
    "memorysetup-temp-allocator-size-nav-mesh-worker=65536"
    "memorysetup-temp-allocator-size-audio-worker=65536"
    "memorysetup-temp-allocator-size-cloud-worker=32768"
    "memorysetup-temp-allocator-size-gi-baking-worker=262144"
    "memorysetup-temp-allocator-size-gfx=262144"
Player connection [33248] Host "[IP] 192.168.3.40 [Port] 0 [Flags] 2 [Guid] 1821625432 [EditorId] 1821625432 [Version] 1048832 [Id] WindowsEditor(7,K) [Debug] 1 [PackageName] WindowsEditor [ProjectName] Editor" joined multi-casting on [225.0.0.222:54997]...

Player connection [33248] Host "[IP] 192.168.3.40 [Port] 0 [Flags] 2 [Guid] 1821625432 [EditorId] 1821625432 [Version] 1048832 [Id] WindowsEditor(7,K) [Debug] 1 [PackageName] WindowsEditor [ProjectName] Editor" joined alternative multi-casting on [225.0.0.222:34997]...

Refreshing native plugins compatible for Editor in 73.77 ms, found 3 plugins.
Preloading 0 native plugins for Editor in 0.00 ms.
Initialize engine version: 2021.3.21f1 (1b156197d683)
[Subsystems] Discovering subsystems at path C:/Program Files/Unity/Hub/Editor/2021.3.21f1/Editor/Data/Resources/UnitySubsystems
[Subsystems] Discovering subsystems at path C:/Users/kihara/Documents/doraemon/Koetobuster/Assets
GfxDevice: creating device client; threaded=0; jobified=0
Direct3D:
    Version:  Direct3D 11.0 [level 11.1]
    Renderer: NVIDIA GeForce RTX 3070 Ti (ID=0x2482)
    Vendor:   NVIDIA
    VRAM:     8031 MB
    Driver:   31.0.15.2756
Initialize mono
Mono path[0] = 'C:/Program Files/Unity/Hub/Editor/2021.3.21f1/Editor/Data/Managed'
Mono path[1] = 'C:/Program Files/Unity/Hub/Editor/2021.3.21f1/Editor/Data/MonoBleedingEdge/lib/mono/unityjit-win32'
Mono config path = 'C:/Program Files/Unity/Hub/Editor/2021.3.21f1/Editor/Data/MonoBleedingEdge/etc'
Using monoOptions --debugger-agent=transport=dt_socket,embedding=1,server=y,suspend=n,address=127.0.0.1:56164
Begin MonoManager ReloadAssembly
Registering precompiled unity dll's ...
Register platform support module: C:/Program Files/Unity/Hub/Editor/2021.3.21f1/Editor/Data/PlaybackEngines/WindowsStandaloneSupport/UnityEditor.WindowsStandalone.Extensions.dll
Register platform support module: C:/Program Files/Unity/Hub/Editor/2021.3.21f1/Editor/Data/PlaybackEngines/MetroSupport/UnityEditor.UWP.Extensions.dll
Registered in 0.004641 seconds.
Native extension for UWP target not found
Native extension for WindowsStandalone target not found
Refreshing native plugins compatible for Editor in 52.35 ms, found 3 plugins.
Preloading 0 native plugins for Editor in 0.00 ms.
Mono: successfully reloaded assembly
- Completed reload, in  0.477 seconds
Domain Reload Profiling:
	ReloadAssembly (478ms)
		BeginReloadAssembly (75ms)
			ExecutionOrderSort (0ms)
			DisableScriptedObjects (0ms)
			BackupInstance (0ms)
			ReleaseScriptingObjects (0ms)
			CreateAndSetChildDomain (1ms)
		EndReloadAssembly (328ms)
			LoadAssemblies (72ms)
			RebuildTransferFunctionScriptingTraits (0ms)
			SetupTypeCache (79ms)
			ReleaseScriptCaches (0ms)
			RebuildScriptCaches (22ms)
			SetupLoadedEditorAssemblies (188ms)
				LogAssemblyErrors (0ms)
				InitializePlatformSupportModulesInManaged (7ms)
				SetLoadedEditorAssemblies (0ms)
				RefreshPlugins (52ms)
				BeforeProcessingInitializeOnLoad (1ms)
				ProcessInitializeOnLoadAttributes (93ms)
				ProcessInitializeOnLoadMethodAttributes (35ms)
				AfterProcessingInitializeOnLoad (0ms)
				EditorAssembliesLoaded (0ms)
			ExecutionOrderSort2 (0ms)
			AwakeInstancesAfterBackupRestoration (0ms)
Platform modules already initialized, skipping
Registering precompiled user dll's ...
Registered in 0.004426 seconds.
Begin MonoManager ReloadAssembly
Symbol file LoadedFromMemory doesn't match image C:\Users\kihara\Documents\doraemon\Koetobuster\Library\PackageCache\com.unity.visualscripting@1.8.0\Editor\VisualScripting.Core\Dependencies\YamlDotNet\Unity.VisualScripting.YamlDotNet.dll
Symbol file LoadedFromMemory doesn't match image C:\Users\kihara\Documents\doraemon\Koetobuster\Library\PackageCache\com.unity.visualscripting@1.8.0\Editor\VisualScripting.Core\Dependencies\DotNetZip\Unity.VisualScripting.IonicZip.dll
Native extension for UWP target not found
Native extension for WindowsStandalone target not found
Refreshing native plugins compatible for Editor in 0.55 ms, found 3 plugins.
Preloading 0 native plugins for Editor in 0.00 ms.
Mono: successfully reloaded assembly
- Completed reload, in  0.736 seconds
Domain Reload Profiling:
	ReloadAssembly (737ms)
		BeginReloadAssembly (97ms)
			ExecutionOrderSort (0ms)
			DisableScriptedObjects (5ms)
			BackupInstance (0ms)
			ReleaseScriptingObjects (0ms)
			CreateAndSetChildDomain (17ms)
		EndReloadAssembly (559ms)
			LoadAssemblies (71ms)
			RebuildTransferFunctionScriptingTraits (0ms)
			SetupTypeCache (178ms)
			ReleaseScriptCaches (1ms)
			RebuildScriptCaches (33ms)
			SetupLoadedEditorAssemblies (262ms)
				LogAssemblyErrors (0ms)
				InitializePlatformSupportModulesInManaged (5ms)
				SetLoadedEditorAssemblies (0ms)
				RefreshPlugins (1ms)
				BeforeProcessingInitializeOnLoad (56ms)
				ProcessInitializeOnLoadAttributes (174ms)
				ProcessInitializeOnLoadMethodAttributes (19ms)
				AfterProcessingInitializeOnLoad (8ms)
				EditorAssembliesLoaded (0ms)
			ExecutionOrderSort2 (0ms)
			AwakeInstancesAfterBackupRestoration (5ms)
Platform modules already initialized, skipping
========================================================================
Worker process is ready to serve import requests
Launched and connected shader compiler UnityShaderCompiler.exe after 0.04 seconds
Refreshing native plugins compatible for Editor in 0.54 ms, found 3 plugins.
Preloading 0 native plugins for Editor in 0.00 ms.
Unloading 3054 Unused Serialized files (Serialized files now loaded: 0)
Unloading 23 unused Assets / (56.4 KB). Loaded Objects now: 3516.
Memory consumption went from 108.0 MB to 107.9 MB.
Total: 2.397500 ms (FindLiveObjects: 0.199500 ms CreateObjectMapping: 0.079800 ms MarkObjects: 2.058600 ms  DeleteObjects: 0.058600 ms)

AssetImportParameters requested are different than current active one (requested -> active):
  custom:video-decoder-ogg-theora: a1e56fd34408186e4bbccfd4996cb3dc -> 
  custom:container-muxer-webm: aa71ff27fc2769a1b78a27578f13a17b -> 
  custom:container-demuxer-webm: 4f35f7cbe854078d1ac9338744f61a02 -> 
  custom:video-encoder-webm-vp8: eb34c28f22e8b96e1ab97ce403110664 -> 
  custom:video-codec-MediaFoundation-h265: 746d11721c4dcdbdad8f713fa42b33f4 -> 
  custom:audio-encoder-webm-vorbis: bf7c407c2cedff20999df2af8eb42d56 -> 
  custom:framework-win-MediaFoundation: 216162199b28c13a410421893ffa2e32 -> 
  custom:container-demuxer-ogg: 62fdf1f143b41e24485cea50d1cbac27 -> 
  custom:video-decoder-webm-vp8: 9c59270c3fd7afecdb556c50c9e8de78 -> 
  custom:audio-decoder-ogg-vorbis: bf7c407c2cedff20999df2af8eb42d56 -> 
========================================================================
Received Prepare
Registering precompiled user dll's ...
Registered in 0.004662 seconds.
Begin MonoManager ReloadAssembly
Symbol file LoadedFromMemory doesn't match image C:\Users\kihara\Documents\doraemon\Koetobuster\Library\PackageCache\com.unity.visualscripting@1.8.0\Editor\VisualScripting.Core\Dependencies\YamlDotNet\Unity.VisualScripting.YamlDotNet.dll
Symbol file LoadedFromMemory doesn't match image C:\Users\kihara\Documents\doraemon\Koetobuster\Library\PackageCache\com.unity.visualscripting@1.8.0\Editor\VisualScripting.Core\Dependencies\DotNetZip\Unity.VisualScripting.IonicZip.dll
Native extension for UWP target not found
Native extension for WindowsStandalone target not found
Refreshing native plugins compatible for Editor in 0.55 ms, found 3 plugins.
Preloading 0 native plugins for Editor in 0.00 ms.
Mono: successfully reloaded assembly
- Completed reload, in  0.772 seconds
Domain Reload Profiling:
	ReloadAssembly (772ms)
		BeginReloadAssembly (126ms)
			ExecutionOrderSort (0ms)
			DisableScriptedObjects (6ms)
			BackupInstance (0ms)
			ReleaseScriptingObjects (0ms)
			CreateAndSetChildDomain (33ms)
		EndReloadAssembly (573ms)
			LoadAssemblies (76ms)
			RebuildTransferFunctionScriptingTraits (0ms)
			SetupTypeCache (218ms)
			ReleaseScriptCaches (1ms)
			RebuildScriptCaches (31ms)
			SetupLoadedEditorAssemblies (226ms)
				LogAssemblyErrors (0ms)
				InitializePlatformSupportModulesInManaged (5ms)
				SetLoadedEditorAssemblies (0ms)
				RefreshPlugins (1ms)
				BeforeProcessingInitializeOnLoad (47ms)
				ProcessInitializeOnLoadAttributes (153ms)
				ProcessInitializeOnLoadMethodAttributes (14ms)
				AfterProcessingInitializeOnLoad (6ms)
				EditorAssembliesLoaded (0ms)
			ExecutionOrderSort2 (0ms)
			AwakeInstancesAfterBackupRestoration (5ms)
Platform modules already initialized, skipping
Refreshing native plugins compatible for Editor in 1.46 ms, found 3 plugins.
Preloading 0 native plugins for Editor in 0.00 ms.
Unloading 3046 Unused Serialized files (Serialized files now loaded: 0)
Unloading 16 unused Assets / (24.6 KB). Loaded Objects now: 3519.
Memory consumption went from 107.5 MB to 107.5 MB.
Total: 2.233800 ms (FindLiveObjects: 0.197600 ms CreateObjectMapping: 0.063300 ms MarkObjects: 1.956000 ms  DeleteObjects: 0.016200 ms)

AssetImportParameters requested are different than current active one (requested -> active):
  custom:video-decoder-ogg-theora: a1e56fd34408186e4bbccfd4996cb3dc -> 
  custom:container-muxer-webm: aa71ff27fc2769a1b78a27578f13a17b -> 
  custom:container-demuxer-webm: 4f35f7cbe854078d1ac9338744f61a02 -> 
  custom:video-encoder-webm-vp8: eb34c28f22e8b96e1ab97ce403110664 -> 
  custom:video-codec-MediaFoundation-h265: 746d11721c4dcdbdad8f713fa42b33f4 -> 
  custom:audio-encoder-webm-vorbis: bf7c407c2cedff20999df2af8eb42d56 -> 
  custom:framework-win-MediaFoundation: 216162199b28c13a410421893ffa2e32 -> 
  custom:container-demuxer-ogg: 62fdf1f143b41e24485cea50d1cbac27 -> 
  custom:video-decoder-webm-vp8: 9c59270c3fd7afecdb556c50c9e8de78 -> 
  custom:audio-decoder-ogg-vorbis: bf7c407c2cedff20999df2af8eb42d56 -> 
========================================================================
Received Prepare
Registering precompiled user dll's ...
Registered in 0.004329 seconds.
Begin MonoManager ReloadAssembly
Symbol file LoadedFromMemory doesn't match image C:\Users\kihara\Documents\doraemon\Koetobuster\Library\PackageCache\com.unity.visualscripting@1.8.0\Editor\VisualScripting.Core\Dependencies\YamlDotNet\Unity.VisualScripting.YamlDotNet.dll
Symbol file LoadedFromMemory doesn't match image C:\Users\kihara\Documents\doraemon\Koetobuster\Library\PackageCache\com.unity.visualscripting@1.8.0\Editor\VisualScripting.Core\Dependencies\DotNetZip\Unity.VisualScripting.IonicZip.dll
Native extension for UWP target not found
Native extension for WindowsStandalone target not found
Refreshing native plugins compatible for Editor in 0.50 ms, found 3 plugins.
Preloading 0 native plugins for Editor in 0.00 ms.
Mono: successfully reloaded assembly
- Completed reload, in  0.894 seconds
Domain Reload Profiling:
	ReloadAssembly (895ms)
		BeginReloadAssembly (132ms)
			ExecutionOrderSort (0ms)
			DisableScriptedObjects (4ms)
			BackupInstance (0ms)
			ReleaseScriptingObjects (0ms)
			CreateAndSetChildDomain (34ms)
		EndReloadAssembly (679ms)
			LoadAssemblies (88ms)
			RebuildTransferFunctionScriptingTraits (0ms)
			SetupTypeCache (244ms)
			ReleaseScriptCaches (1ms)
			RebuildScriptCaches (36ms)
			SetupLoadedEditorAssemblies (278ms)
				LogAssemblyErrors (0ms)
				InitializePlatformSupportModulesInManaged (6ms)
				SetLoadedEditorAssemblies (0ms)
				RefreshPlugins (1ms)
				BeforeProcessingInitializeOnLoad (59ms)
				ProcessInitializeOnLoadAttributes (186ms)
				ProcessInitializeOnLoadMethodAttributes (19ms)
				AfterProcessingInitializeOnLoad (7ms)
				EditorAssembliesLoaded (0ms)
			ExecutionOrderSort2 (0ms)
			AwakeInstancesAfterBackupRestoration (8ms)
Platform modules already initialized, skipping
Refreshing native plugins compatible for Editor in 2.23 ms, found 3 plugins.
Preloading 0 native plugins for Editor in 0.00 ms.
Unloading 3046 Unused Serialized files (Serialized files now loaded: 0)
Unloading 16 unused Assets / (24.7 KB). Loaded Objects now: 3522.
Memory consumption went from 107.5 MB to 107.5 MB.
Total: 2.534100 ms (FindLiveObjects: 0.214400 ms CreateObjectMapping: 0.062900 ms MarkObjects: 2.237800 ms  DeleteObjects: 0.018100 ms)

AssetImportParameters requested are different than current active one (requested -> active):
  custom:video-decoder-ogg-theora: a1e56fd34408186e4bbccfd4996cb3dc -> 
  custom:container-muxer-webm: aa71ff27fc2769a1b78a27578f13a17b -> 
  custom:container-demuxer-webm: 4f35f7cbe854078d1ac9338744f61a02 -> 
  custom:video-encoder-webm-vp8: eb34c28f22e8b96e1ab97ce403110664 -> 
  custom:video-codec-MediaFoundation-h265: 746d11721c4dcdbdad8f713fa42b33f4 -> 
  custom:audio-encoder-webm-vorbis: bf7c407c2cedff20999df2af8eb42d56 -> 
  custom:framework-win-MediaFoundation: 216162199b28c13a410421893ffa2e32 -> 
  custom:container-demuxer-ogg: 62fdf1f143b41e24485cea50d1cbac27 -> 
  custom:video-decoder-webm-vp8: 9c59270c3fd7afecdb556c50c9e8de78 -> 
  custom:audio-decoder-ogg-vorbis: bf7c407c2cedff20999df2af8eb42d56 -> 
========================================================================
Received Import Request.
  Time since last request: 1402478.621210 seconds.
  path: Assets/Prefab/3DMoji/Prefab/ェ.prefab
  artifactKey: Guid(f1c1ac3b67421034d9962098cd967e45) Importer(815301076,1909f56bfc062723c751e8b465ee728b)
Start importing Assets/Prefab/3DMoji/Prefab/ェ.prefab using Guid(f1c1ac3b67421034d9962098cd967e45) Importer(815301076,1909f56bfc062723c751e8b465ee728b)  -> (artifact id: '3d3e0c816284f382a8b3b90753086750') in 0.141388 seconds 
========================================================================
Received Import Request.
  Time since last request: 0.000021 seconds.
  path: Assets/Prefab/3DMoji/Prefab/セ.prefab
  artifactKey: Guid(b738a4dc6bf544f4b9a4ee041c4c1b9f) Importer(815301076,1909f56bfc062723c751e8b465ee728b)
Start importing Assets/Prefab/3DMoji/Prefab/セ.prefab using Guid(b738a4dc6bf544f4b9a4ee041c4c1b9f) Importer(815301076,1909f56bfc062723c751e8b465ee728b)  -> (artifact id: '11fead8636673096da4fa1757599de3e') in 0.017937 seconds 
========================================================================
Received Import Request.
  Time since last request: 0.000021 seconds.
  path: Assets/Prefab/3DMoji/Prefab/ケ.prefab
  artifactKey: Guid(77d30a8167acfba4cac6fb70488b02fb) Importer(815301076,1909f56bfc062723c751e8b465ee728b)
Start importing Assets/Prefab/3DMoji/Prefab/ケ.prefab using Guid(77d30a8167acfba4cac6fb70488b02fb) Importer(815301076,1909f56bfc062723c751e8b465ee728b)  -> (artifact id: 'c4ff7d5e62e54eaab8e734a6802c89e7') in 0.013176 seconds 
========================================================================
Received Import Request.
  Time since last request: 0.000018 seconds.
  path: Assets/Prefab/3DMoji/Prefab/ダ.prefab
  artifactKey: Guid(3debddd0f20ea894eb6473d2a1f683e4) Importer(815301076,1909f56bfc062723c751e8b465ee728b)
Start importing Assets/Prefab/3DMoji/Prefab/ダ.prefab using Guid(3debddd0f20ea894eb6473d2a1f683e4) Importer(815301076,1909f56bfc062723c751e8b465ee728b)  -> (artifact id: '960cdffed6df1f32327198b35b824382') in 0.012802 seconds 
========================================================================
Received Import Request.
  Time since last request: 0.000017 seconds.
  path: Assets/Prefab/3DMoji/Prefab/ッ.prefab
  artifactKey: Guid(0ff598b1266c3a64eac80131e26ea010) Importer(815301076,1909f56bfc062723c751e8b465ee728b)
Start importing Assets/Prefab/3DMoji/Prefab/ッ.prefab using Guid(0ff598b1266c3a64eac80131e26ea010) Importer(815301076,1909f56bfc062723c751e8b465ee728b)  -> (artifact id: '57c2081b728f5840121bf9fc09136334') in 0.012134 seconds 
========================================================================
Received Import Request.
  Time since last request: 0.000022 seconds.
  path: Assets/Prefab/3DMoji/Prefab/ギ.prefab
  artifactKey: Guid(c2c2615df15339f4989c56e06ab8e578) Importer(815301076,1909f56bfc062723c751e8b465ee728b)
Start importing Assets/Prefab/3DMoji/Prefab/ギ.prefab using Guid(c2c2615df15339f4989c56e06ab8e578) Importer(815301076,1909f56bfc062723c751e8b465ee728b)  -> (artifact id: '238a47ab3494829b9b27a9d3ca68ca3c') in 0.014070 seconds 
========================================================================
Received Import Request.
  Time since last request: 0.000028 seconds.
  path: Assets/Prefab/3DMoji/Prefab/ジ.prefab
  artifactKey: Guid(d416e501b7165e142a388474ce535db2) Importer(815301076,1909f56bfc062723c751e8b465ee728b)
Start importing Assets/Prefab/3DMoji/Prefab/ジ.prefab using Guid(d416e501b7165e142a388474ce535db2) Importer(815301076,1909f56bfc062723c751e8b465ee728b)  -> (artifact id: '5ea1394308371bf66582211ef6de2f8d') in 0.015692 seconds 
========================================================================
Received Import Request.
  Time since last request: 0.000020 seconds.
  path: Assets/Prefab/3DMoji/Prefab/ト.prefab
  artifactKey: Guid(9ec0052254716aa4fad19d098690aa85) Importer(815301076,1909f56bfc062723c751e8b465ee728b)
Start importing Assets/Prefab/3DMoji/Prefab/ト.prefab using Guid(9ec0052254716aa4fad19d098690aa85) Importer(815301076,1909f56bfc062723c751e8b465ee728b)  -> (artifact id: '20578b63cdd0aa02e6755fb618132287') in 0.011386 seconds 
========================================================================
Received Import Request.
  Time since last request: 0.000017 seconds.
  path: Assets/Prefab/3DMoji/Prefab/コ.prefab
  artifactKey: Guid(c3c4016461ccc9244acf79b7cc25c03f) Importer(815301076,1909f56bfc062723c751e8b465ee728b)
Start importing Assets/Prefab/3DMoji/Prefab/コ.prefab using Guid(c3c4016461ccc9244acf79b7cc25c03f) Importer(815301076,1909f56bfc062723c751e8b465ee728b)  -> (artifact id: 'dca8284354e7ed032665587f42a18bbf') in 0.016640 seconds 
========================================================================
Received Import Request.
  Time since last request: 0.000024 seconds.
  path: Assets/Prefab/3DMoji/Prefab/ツ.prefab
  artifactKey: Guid(08f43170162043047aef7526698cff53) Importer(815301076,1909f56bfc062723c751e8b465ee728b)
Start importing Assets/Prefab/3DMoji/Prefab/ツ.prefab using Guid(08f43170162043047aef7526698cff53) Importer(815301076,1909f56bfc062723c751e8b465ee728b)  -> (artifact id: '852566299e4596f7d7e681508033440e') in 0.012027 seconds 
========================================================================
Received Import Request.
  Time since last request: 0.000017 seconds.
  path: Assets/Prefab/3DMoji/Prefab/ス.prefab
  artifactKey: Guid(874376dae36c1344ba8a8c38ebd477f5) Importer(815301076,1909f56bfc062723c751e8b465ee728b)
Start importing Assets/Prefab/3DMoji/Prefab/ス.prefab using Guid(874376dae36c1344ba8a8c38ebd477f5) Importer(815301076,1909f56bfc062723c751e8b465ee728b)  -> (artifact id: '8e5fd48987d7c154bf55685a312c1438') in 0.015446 seconds 
========================================================================
Received Import Request.
  Time since last request: 0.000020 seconds.
  path: Assets/Prefab/3DMoji/Prefab/ガ.prefab
  artifactKey: Guid(2df583d77c038f14698c1b3f5e1dc4c1) Importer(815301076,1909f56bfc062723c751e8b465ee728b)
Start importing Assets/Prefab/3DMoji/Prefab/ガ.prefab using Guid(2df583d77c038f14698c1b3f5e1dc4c1) Importer(815301076,1909f56bfc062723c751e8b465ee728b)  -> (artifact id: '08b3f7b2acd3f7a9990ff6bd537127da') in 0.012157 seconds 
========================================================================
Received Prepare
Registering precompiled user dll's ...
Registered in 0.006898 seconds.
Begin MonoManager ReloadAssembly
Symbol file LoadedFromMemory doesn't match image C:\Users\kihara\Documents\doraemon\Koetobuster\Library\PackageCache\com.unity.visualscripting@1.8.0\Editor\VisualScripting.Core\Dependencies\YamlDotNet\Unity.VisualScripting.YamlDotNet.dll
Symbol file LoadedFromMemory doesn't match image C:\Users\kihara\Documents\doraemon\Koetobuster\Library\PackageCache\com.unity.visualscripting@1.8.0\Editor\VisualScripting.Core\Dependencies\DotNetZip\Unity.VisualScripting.IonicZip.dll
Native extension for UWP target not found
Native extension for WindowsStandalone target not found
Refreshing native plugins compatible for Editor in 0.66 ms, found 3 plugins.
Preloading 0 native plugins for Editor in 0.00 ms.
Mono: successfully reloaded assembly
- Completed reload, in  0.877 seconds
Domain Reload Profiling:
	ReloadAssembly (878ms)
		BeginReloadAssembly (130ms)
			ExecutionOrderSort (0ms)
			DisableScriptedObjects (5ms)
			BackupInstance (0ms)
			ReleaseScriptingObjects (0ms)
			CreateAndSetChildDomain (34ms)
		EndReloadAssembly (672ms)
			LoadAssemblies (80ms)
			RebuildTransferFunctionScriptingTraits (0ms)
			SetupTypeCache (239ms)
			ReleaseScriptCaches (1ms)
			RebuildScriptCaches (37ms)
			SetupLoadedEditorAssemblies (278ms)
				LogAssemblyErrors (0ms)
				InitializePlatformSupportModulesInManaged (7ms)
				SetLoadedEditorAssemblies (0ms)
				RefreshPlugins (1ms)
				BeforeProcessingInitializeOnLoad (59ms)
				ProcessInitializeOnLoadAttributes (185ms)
				ProcessInitializeOnLoadMethodAttributes (19ms)
				AfterProcessingInitializeOnLoad (8ms)
				EditorAssembliesLoaded (0ms)
			ExecutionOrderSort2 (0ms)
			AwakeInstancesAfterBackupRestoration (6ms)
Platform modules already initialized, skipping
Refreshing native plugins compatible for Editor in 2.06 ms, found 3 plugins.
Preloading 0 native plugins for Editor in 0.00 ms.
Unloading 3046 Unused Serialized files (Serialized files now loaded: 0)
Unloading 16 unused Assets / (24.6 KB). Loaded Objects now: 3534.
Memory consumption went from 112.0 MB to 111.9 MB.
Total: 2.950500 ms (FindLiveObjects: 0.335700 ms CreateObjectMapping: 0.067700 ms MarkObjects: 2.520600 ms  DeleteObjects: 0.025200 ms)

AssetImportParameters requested are different than current active one (requested -> active):
  custom:video-decoder-ogg-theora: a1e56fd34408186e4bbccfd4996cb3dc -> 
  custom:container-muxer-webm: aa71ff27fc2769a1b78a27578f13a17b -> 
  custom:container-demuxer-webm: 4f35f7cbe854078d1ac9338744f61a02 -> 
  custom:video-encoder-webm-vp8: eb34c28f22e8b96e1ab97ce403110664 -> 
  custom:video-codec-MediaFoundation-h265: 746d11721c4dcdbdad8f713fa42b33f4 -> 
  custom:audio-encoder-webm-vorbis: bf7c407c2cedff20999df2af8eb42d56 -> 
  custom:framework-win-MediaFoundation: 216162199b28c13a410421893ffa2e32 -> 
  custom:container-demuxer-ogg: 62fdf1f143b41e24485cea50d1cbac27 -> 
  custom:video-decoder-webm-vp8: 9c59270c3fd7afecdb556c50c9e8de78 -> 
  custom:audio-decoder-ogg-vorbis: bf7c407c2cedff20999df2af8eb42d56 -> 
========================================================================
Received Prepare
Registering precompiled user dll's ...
Registered in 0.004549 seconds.
Begin MonoManager ReloadAssembly
Symbol file LoadedFromMemory doesn't match image C:\Users\kihara\Documents\doraemon\Koetobuster\Library\PackageCache\com.unity.visualscripting@1.8.0\Editor\VisualScripting.Core\Dependencies\YamlDotNet\Unity.VisualScripting.YamlDotNet.dll
Symbol file LoadedFromMemory doesn't match image C:\Users\kihara\Documents\doraemon\Koetobuster\Library\PackageCache\com.unity.visualscripting@1.8.0\Editor\VisualScripting.Core\Dependencies\DotNetZip\Unity.VisualScripting.IonicZip.dll
Native extension for UWP target not found
Native extension for WindowsStandalone target not found
Refreshing native plugins compatible for Editor in 0.62 ms, found 3 plugins.
Preloading 0 native plugins for Editor in 0.00 ms.
Mono: successfully reloaded assembly
- Completed reload, in  0.774 seconds
Domain Reload Profiling:
	ReloadAssembly (774ms)
		BeginReloadAssembly (128ms)
			ExecutionOrderSort (0ms)
			DisableScriptedObjects (4ms)
			BackupInstance (0ms)
			ReleaseScriptingObjects (0ms)
			CreateAndSetChildDomain (31ms)
		EndReloadAssembly (561ms)
			LoadAssemblies (78ms)
			RebuildTransferFunctionScriptingTraits (0ms)
			SetupTypeCache (198ms)
			ReleaseScriptCaches (1ms)
			RebuildScriptCaches (29ms)
			SetupLoadedEditorAssemblies (232ms)
				LogAssemblyErrors (0ms)
				InitializePlatformSupportModulesInManaged (6ms)
				SetLoadedEditorAssemblies (0ms)
				RefreshPlugins (1ms)
				BeforeProcessingInitializeOnLoad (52ms)
				ProcessInitializeOnLoadAttributes (146ms)
				ProcessInitializeOnLoadMethodAttributes (20ms)
				AfterProcessingInitializeOnLoad (7ms)
				EditorAssembliesLoaded (0ms)
			ExecutionOrderSort2 (0ms)
			AwakeInstancesAfterBackupRestoration (6ms)
Platform modules already initialized, skipping
Refreshing native plugins compatible for Editor in 1.64 ms, found 3 plugins.
Preloading 0 native plugins for Editor in 0.00 ms.
Unloading 3046 Unused Serialized files (Serialized files now loaded: 0)
Unloading 16 unused Assets / (24.6 KB). Loaded Objects now: 3537.
Memory consumption went from 112.0 MB to 111.9 MB.
Total: 2.349600 ms (FindLiveObjects: 0.201100 ms CreateObjectMapping: 0.070600 ms MarkObjects: 2.059000 ms  DeleteObjects: 0.017900 ms)

AssetImportParameters requested are different than current active one (requested -> active):
  custom:video-decoder-ogg-theora: a1e56fd34408186e4bbccfd4996cb3dc -> 
  custom:container-muxer-webm: aa71ff27fc2769a1b78a27578f13a17b -> 
  custom:container-demuxer-webm: 4f35f7cbe854078d1ac9338744f61a02 -> 
  custom:video-encoder-webm-vp8: eb34c28f22e8b96e1ab97ce403110664 -> 
  custom:video-codec-MediaFoundation-h265: 746d11721c4dcdbdad8f713fa42b33f4 -> 
  custom:audio-encoder-webm-vorbis: bf7c407c2cedff20999df2af8eb42d56 -> 
  custom:framework-win-MediaFoundation: 216162199b28c13a410421893ffa2e32 -> 
  custom:container-demuxer-ogg: 62fdf1f143b41e24485cea50d1cbac27 -> 
  custom:video-decoder-webm-vp8: 9c59270c3fd7afecdb556c50c9e8de78 -> 
  custom:audio-decoder-ogg-vorbis: bf7c407c2cedff20999df2af8eb42d56 -> 
========================================================================
Received Prepare
Registering precompiled user dll's ...
Registered in 0.004618 seconds.
Begin MonoManager ReloadAssembly
Symbol file LoadedFromMemory doesn't match image C:\Users\kihara\Documents\doraemon\Koetobuster\Library\PackageCache\com.unity.visualscripting@1.8.0\Editor\VisualScripting.Core\Dependencies\YamlDotNet\Unity.VisualScripting.YamlDotNet.dll
Symbol file LoadedFromMemory doesn't match image C:\Users\kihara\Documents\doraemon\Koetobuster\Library\PackageCache\com.unity.visualscripting@1.8.0\Editor\VisualScripting.Core\Dependencies\DotNetZip\Unity.VisualScripting.IonicZip.dll
Native extension for UWP target not found
Native extension for WindowsStandalone target not found
Refreshing native plugins compatible for Editor in 0.73 ms, found 3 plugins.
Preloading 0 native plugins for Editor in 0.00 ms.
Mono: successfully reloaded assembly
- Completed reload, in  0.887 seconds
Domain Reload Profiling:
	ReloadAssembly (888ms)
		BeginReloadAssembly (136ms)
			ExecutionOrderSort (0ms)
			DisableScriptedObjects (4ms)
			BackupInstance (0ms)
			ReleaseScriptingObjects (0ms)
			CreateAndSetChildDomain (39ms)
		EndReloadAssembly (663ms)
			LoadAssemblies (82ms)
			RebuildTransferFunctionScriptingTraits (0ms)
			SetupTypeCache (231ms)
			ReleaseScriptCaches (1ms)
			RebuildScriptCaches (39ms)
			SetupLoadedEditorAssemblies (275ms)
				LogAssemblyErrors (0ms)
				InitializePlatformSupportModulesInManaged (7ms)
				SetLoadedEditorAssemblies (0ms)
				RefreshPlugins (1ms)
				BeforeProcessingInitializeOnLoad (59ms)
				ProcessInitializeOnLoadAttributes (182ms)
				ProcessInitializeOnLoadMethodAttributes (18ms)
				AfterProcessingInitializeOnLoad (8ms)
				EditorAssembliesLoaded (0ms)
			ExecutionOrderSort2 (0ms)
			AwakeInstancesAfterBackupRestoration (7ms)
Platform modules already initialized, skipping
Refreshing native plugins compatible for Editor in 1.93 ms, found 3 plugins.
Preloading 0 native plugins for Editor in 0.00 ms.
Unloading 3046 Unused Serialized files (Serialized files now loaded: 0)
Unloading 16 unused Assets / (24.6 KB). Loaded Objects now: 3540.
Memory consumption went from 112.0 MB to 112.0 MB.
Total: 3.193100 ms (FindLiveObjects: 0.237300 ms CreateObjectMapping: 0.151500 ms MarkObjects: 2.778600 ms  DeleteObjects: 0.024800 ms)

AssetImportParameters requested are different than current active one (requested -> active):
  custom:video-decoder-ogg-theora: a1e56fd34408186e4bbccfd4996cb3dc -> 
  custom:container-muxer-webm: aa71ff27fc2769a1b78a27578f13a17b -> 
  custom:container-demuxer-webm: 4f35f7cbe854078d1ac9338744f61a02 -> 
  custom:video-encoder-webm-vp8: eb34c28f22e8b96e1ab97ce403110664 -> 
  custom:video-codec-MediaFoundation-h265: 746d11721c4dcdbdad8f713fa42b33f4 -> 
  custom:audio-encoder-webm-vorbis: bf7c407c2cedff20999df2af8eb42d56 -> 
  custom:framework-win-MediaFoundation: 216162199b28c13a410421893ffa2e32 -> 
  custom:container-demuxer-ogg: 62fdf1f143b41e24485cea50d1cbac27 -> 
  custom:video-decoder-webm-vp8: 9c59270c3fd7afecdb556c50c9e8de78 -> 
  custom:audio-decoder-ogg-vorbis: bf7c407c2cedff20999df2af8eb42d56 -> 
========================================================================
Received Import Request.
  Time since last request: 47.207533 seconds.
  path: Assets/Prefab/3DMoji/Prefab/ゲ.prefab
  artifactKey: Guid(bf5b9098c1068f44a8d4186fd4f32a9d) Importer(815301076,1909f56bfc062723c751e8b465ee728b)
Start importing Assets/Prefab/3DMoji/Prefab/ゲ.prefab using Guid(bf5b9098c1068f44a8d4186fd4f32a9d) Importer(815301076,1909f56bfc062723c751e8b465ee728b)  -> (artifact id: 'e49c1a5a89e88c20bd15f7798556f866') in 0.066239 seconds 
========================================================================
Received Import Request.
  Time since last request: 0.000021 seconds.
  path: Assets/Prefab/3DMoji/Prefab/バ.prefab
  artifactKey: Guid(4f3c9221465762846a49a5c090789629) Importer(815301076,1909f56bfc062723c751e8b465ee728b)
Start importing Assets/Prefab/3DMoji/Prefab/バ.prefab using Guid(4f3c9221465762846a49a5c090789629) Importer(815301076,1909f56bfc062723c751e8b465ee728b)  -> (artifact id: '7102c8326364900a7da8a83389f79da0') in 0.016700 seconds 
========================================================================
Received Import Request.
  Time since last request: 0.000028 seconds.
  path: Assets/Prefab/3DMoji/Prefab/ヌ.prefab
  artifactKey: Guid(8d08a58b8084a8049b464620fae95351) Importer(815301076,1909f56bfc062723c751e8b465ee728b)
Start importing Assets/Prefab/3DMoji/Prefab/ヌ.prefab using Guid(8d08a58b8084a8049b464620fae95351) Importer(815301076,1909f56bfc062723c751e8b465ee728b)  -> (artifact id: '531d624db302e3db901c7f1f08d6fc92') in 0.011322 seconds 
========================================================================
Received Import Request.
  Time since last request: 0.000018 seconds.
  path: Assets/Prefab/3DMoji/Prefab/エ.prefab
  artifactKey: Guid(5cb810af4fda4444b84194cf0176e988) Importer(815301076,1909f56bfc062723c751e8b465ee728b)
Start importing Assets/Prefab/3DMoji/Prefab/エ.prefab using Guid(5cb810af4fda4444b84194cf0176e988) Importer(815301076,1909f56bfc062723c751e8b465ee728b)  -> (artifact id: '0da88bf7d492734cb32c25f5df25e040') in 0.010200 seconds 
========================================================================
Received Import Request.
  Time since last request: 0.000020 seconds.
  path: Assets/Prefab/3DMoji/Prefab/キ.prefab
  artifactKey: Guid(c5605a6f73c248c4392f8b2ea15cee0e) Importer(815301076,1909f56bfc062723c751e8b465ee728b)
Start importing Assets/Prefab/3DMoji/Prefab/キ.prefab using Guid(c5605a6f73c248c4392f8b2ea15cee0e) Importer(815301076,1909f56bfc062723c751e8b465ee728b)  -> (artifact id: '59ebeb5c6c304dd813f5c38e0219b67a') in 0.012935 seconds 
========================================================================
Received Import Request.
  Time since last request: 0.000020 seconds.
  path: Assets/Prefab/3DMoji/Prefab/ハ.prefab
  artifactKey: Guid(303898af6dd6bca48859d3134931ca00) Importer(815301076,1909f56bfc062723c751e8b465ee728b)
Start importing Assets/Prefab/3DMoji/Prefab/ハ.prefab using Guid(303898af6dd6bca48859d3134931ca00) Importer(815301076,1909f56bfc062723c751e8b465ee728b)  -> (artifact id: '7a50713c5fe71555343c85e74bd9f533') in 0.011848 seconds 
========================================================================
Received Import Request.
  Time since last request: 0.000023 seconds.
  path: Assets/Prefab/3DMoji/Prefab/パ.prefab
  artifactKey: Guid(940c0653d6e0f184c9434f3967f85604) Importer(815301076,1909f56bfc062723c751e8b465ee728b)
Start importing Assets/Prefab/3DMoji/Prefab/パ.prefab using Guid(940c0653d6e0f184c9434f3967f85604) Importer(815301076,1909f56bfc062723c751e8b465ee728b)  -> (artifact id: '559fff51db9a9bdd6bd42d85484e9fcf') in 0.012400 seconds 
========================================================================
Received Import Request.
  Time since last request: 0.000018 seconds.
  path: Assets/Prefab/3DMoji/Prefab/ヒ.prefab
  artifactKey: Guid(ba4b341352cc9d44da04f26a450f4f0a) Importer(815301076,1909f56bfc062723c751e8b465ee728b)
Start importing Assets/Prefab/3DMoji/Prefab/ヒ.prefab using Guid(ba4b341352cc9d44da04f26a450f4f0a) Importer(815301076,1909f56bfc062723c751e8b465ee728b)  -> (artifact id: '25909ddbd503270fe3bc3ee8bfc7e5c5') in 0.010602 seconds 
========================================================================
Received Import Request.
  Time since last request: 0.000021 seconds.
  path: Assets/Prefab/3DMoji/Prefab/ダ.prefab
  artifactKey: Guid(3debddd0f20ea894eb6473d2a1f683e4) Importer(815301076,1909f56bfc062723c751e8b465ee728b)
Start importing Assets/Prefab/3DMoji/Prefab/ダ.prefab using Guid(3debddd0f20ea894eb6473d2a1f683e4) Importer(815301076,1909f56bfc062723c751e8b465ee728b)  -> (artifact id: '0724a94b8b9219d4f37f74b4086465cd') in 0.011123 seconds 
========================================================================
Received Import Request.
  Time since last request: 0.000018 seconds.
  path: Assets/Prefab/3DMoji/Prefab/ゾ.prefab
  artifactKey: Guid(8a040ad67b2ffe943957508c52db4666) Importer(815301076,1909f56bfc062723c751e8b465ee728b)
Start importing Assets/Prefab/3DMoji/Prefab/ゾ.prefab using Guid(8a040ad67b2ffe943957508c52db4666) Importer(815301076,1909f56bfc062723c751e8b465ee728b)  -> (artifact id: '98113e0bb529dcb26bf3b8adf5102503') in 0.011585 seconds 
========================================================================
Received Import Request.
  Time since last request: 0.000019 seconds.
  path: Assets/Prefab/3DMoji/Prefab/グ.prefab
  artifactKey: Guid(2521411ed5a97644aa98af0639a354db) Importer(815301076,1909f56bfc062723c751e8b465ee728b)
Start importing Assets/Prefab/3DMoji/Prefab/グ.prefab using Guid(2521411ed5a97644aa98af0639a354db) Importer(815301076,1909f56bfc062723c751e8b465ee728b)  -> (artifact id: 'ead6818099d867cd4530f051ccd5bc1b') in 0.010472 seconds 
========================================================================
Received Import Request.
  Time since last request: 0.000030 seconds.
  path: Assets/Prefab/3DMoji/Prefab/ウ.prefab
  artifactKey: Guid(6e95fea6cf249b845b3280433d8f3ca4) Importer(815301076,1909f56bfc062723c751e8b465ee728b)
Start importing Assets/Prefab/3DMoji/Prefab/ウ.prefab using Guid(6e95fea6cf249b845b3280433d8f3ca4) Importer(815301076,1909f56bfc062723c751e8b465ee728b)  -> (artifact id: 'cc349a5db5c990163cdf53084706e281') in 0.012836 seconds 
========================================================================
Received Import Request.
  Time since last request: 0.000020 seconds.
  path: Assets/Prefab/3DMoji/Prefab/デ.prefab
  artifactKey: Guid(efa53e9df93f58c4683e302c9743ec01) Importer(815301076,1909f56bfc062723c751e8b465ee728b)
Start importing Assets/Prefab/3DMoji/Prefab/デ.prefab using Guid(efa53e9df93f58c4683e302c9743ec01) Importer(815301076,1909f56bfc062723c751e8b465ee728b)  -> (artifact id: 'f3571f6c3bf55909819757946a3bca45') in 0.011158 seconds 
========================================================================
Received Import Request.
  Time since last request: 0.000019 seconds.
  path: Assets/Prefab/3DMoji/Prefab/ノ.prefab
  artifactKey: Guid(5ef0eb84b1a3950439da1c7d8e080c31) Importer(815301076,1909f56bfc062723c751e8b465ee728b)
Start importing Assets/Prefab/3DMoji/Prefab/ノ.prefab using Guid(5ef0eb84b1a3950439da1c7d8e080c31) Importer(815301076,1909f56bfc062723c751e8b465ee728b)  -> (artifact id: '3a075778b5ce1fc08b05dd7c0ff89dd5') in 0.011877 seconds 
========================================================================
Received Import Request.
  Time since last request: 0.000018 seconds.
  path: Assets/Prefab/3DMoji/Prefab/カ.prefab
  artifactKey: Guid(a49586f924a80e141b228670fae4cc5a) Importer(815301076,1909f56bfc062723c751e8b465ee728b)
Start importing Assets/Prefab/3DMoji/Prefab/カ.prefab using Guid(a49586f924a80e141b228670fae4cc5a) Importer(815301076,1909f56bfc062723c751e8b465ee728b)  -> (artifact id: '9cfd7c6f0e4374ceaf3371f25b1e4d3b') in 0.011987 seconds 
========================================================================
Received Import Request.
  Time since last request: 0.000024 seconds.
  path: Assets/Prefab/3DMoji/Prefab/ナ.prefab
  artifactKey: Guid(8a73f925c4987d141b9f4a0674f89c4c) Importer(815301076,1909f56bfc062723c751e8b465ee728b)
Start importing Assets/Prefab/3DMoji/Prefab/ナ.prefab using Guid(8a73f925c4987d141b9f4a0674f89c4c) Importer(815301076,1909f56bfc062723c751e8b465ee728b)  -> (artifact id: 'd101c635f2531d3a64c4305c21d56ec1') in 0.012032 seconds 
========================================================================
Received Import Request.
  Time since last request: 0.000020 seconds.
  path: Assets/Prefab/3DMoji/Prefab/ヅ.prefab
  artifactKey: Guid(1422c3682dc6cb94ab5d3b162d9ea170) Importer(815301076,1909f56bfc062723c751e8b465ee728b)
Start importing Assets/Prefab/3DMoji/Prefab/ヅ.prefab using Guid(1422c3682dc6cb94ab5d3b162d9ea170) Importer(815301076,1909f56bfc062723c751e8b465ee728b)  -> (artifact id: '948c1f058e00071431dcadf869e7cd7c') in 0.010890 seconds 
========================================================================
Received Import Request.
  Time since last request: 0.000017 seconds.
  path: Assets/Prefab/3DMoji/Prefab/ゼ.prefab
  artifactKey: Guid(b604cbbf12e2b7e44969bb73cea662b7) Importer(815301076,1909f56bfc062723c751e8b465ee728b)
Start importing Assets/Prefab/3DMoji/Prefab/ゼ.prefab using Guid(b604cbbf12e2b7e44969bb73cea662b7) Importer(815301076,1909f56bfc062723c751e8b465ee728b)  -> (artifact id: 'c854e997ecd5c6ba232a71b6b9322231') in 0.011702 seconds 
========================================================================
Received Prepare
Registering precompiled user dll's ...
Registered in 0.005677 seconds.
Begin MonoManager ReloadAssembly
Symbol file LoadedFromMemory doesn't match image C:\Users\kihara\Documents\doraemon\Koetobuster\Library\PackageCache\com.unity.visualscripting@1.8.0\Editor\VisualScripting.Core\Dependencies\YamlDotNet\Unity.VisualScripting.YamlDotNet.dll
Symbol file LoadedFromMemory doesn't match image C:\Users\kihara\Documents\doraemon\Koetobuster\Library\PackageCache\com.unity.visualscripting@1.8.0\Editor\VisualScripting.Core\Dependencies\DotNetZip\Unity.VisualScripting.IonicZip.dll
Native extension for UWP target not found
Native extension for WindowsStandalone target not found
Refreshing native plugins compatible for Editor in 0.81 ms, found 3 plugins.
Preloading 0 native plugins for Editor in 0.00 ms.
Mono: successfully reloaded assembly
- Completed reload, in  0.878 seconds
Domain Reload Profiling:
	ReloadAssembly (878ms)
		BeginReloadAssembly (128ms)
			ExecutionOrderSort (0ms)
			DisableScriptedObjects (4ms)
			BackupInstance (0ms)
			ReleaseScriptingObjects (0ms)
			CreateAndSetChildDomain (32ms)
		EndReloadAssembly (675ms)
			LoadAssemblies (84ms)
			RebuildTransferFunctionScriptingTraits (0ms)
			SetupTypeCache (239ms)
			ReleaseScriptCaches (1ms)
			RebuildScriptCaches (38ms)
			SetupLoadedEditorAssemblies (277ms)
				LogAssemblyErrors (0ms)
				InitializePlatformSupportModulesInManaged (6ms)
				SetLoadedEditorAssemblies (1ms)
				RefreshPlugins (1ms)
				BeforeProcessingInitializeOnLoad (58ms)
				ProcessInitializeOnLoadAttributes (184ms)
				ProcessInitializeOnLoadMethodAttributes (19ms)
				AfterProcessingInitializeOnLoad (9ms)
				EditorAssembliesLoaded (0ms)
			ExecutionOrderSort2 (0ms)
			AwakeInstancesAfterBackupRestoration (7ms)
Platform modules already initialized, skipping
Refreshing native plugins compatible for Editor in 2.47 ms, found 3 plugins.
Preloading 0 native plugins for Editor in 0.00 ms.
Unloading 3046 Unused Serialized files (Serialized files now loaded: 0)
Unloading 16 unused Assets / (24.6 KB). Loaded Objects now: 3543.
Memory consumption went from 112.0 MB to 112.0 MB.
Total: 3.045300 ms (FindLiveObjects: 0.476800 ms CreateObjectMapping: 0.079700 ms MarkObjects: 2.464300 ms  DeleteObjects: 0.023700 ms)

AssetImportParameters requested are different than current active one (requested -> active):
  custom:video-decoder-ogg-theora: a1e56fd34408186e4bbccfd4996cb3dc -> 
  custom:container-muxer-webm: aa71ff27fc2769a1b78a27578f13a17b -> 
  custom:container-demuxer-webm: 4f35f7cbe854078d1ac9338744f61a02 -> 
  custom:video-encoder-webm-vp8: eb34c28f22e8b96e1ab97ce403110664 -> 
  custom:video-codec-MediaFoundation-h265: 746d11721c4dcdbdad8f713fa42b33f4 -> 
  custom:audio-encoder-webm-vorbis: bf7c407c2cedff20999df2af8eb42d56 -> 
  custom:framework-win-MediaFoundation: 216162199b28c13a410421893ffa2e32 -> 
  custom:container-demuxer-ogg: 62fdf1f143b41e24485cea50d1cbac27 -> 
  custom:video-decoder-webm-vp8: 9c59270c3fd7afecdb556c50c9e8de78 -> 
  custom:audio-decoder-ogg-vorbis: bf7c407c2cedff20999df2af8eb42d56 -> 
========================================================================
Received Prepare
Registering precompiled user dll's ...
Registered in 0.004310 seconds.
Begin MonoManager ReloadAssembly
Symbol file LoadedFromMemory doesn't match image C:\Users\kihara\Documents\doraemon\Koetobuster\Library\PackageCache\com.unity.visualscripting@1.8.0\Editor\VisualScripting.Core\Dependencies\YamlDotNet\Unity.VisualScripting.YamlDotNet.dll
Symbol file LoadedFromMemory doesn't match image C:\Users\kihara\Documents\doraemon\Koetobuster\Library\PackageCache\com.unity.visualscripting@1.8.0\Editor\VisualScripting.Core\Dependencies\DotNetZip\Unity.VisualScripting.IonicZip.dll
Native extension for UWP target not found
Native extension for WindowsStandalone target not found
Refreshing native plugins compatible for Editor in 0.64 ms, found 3 plugins.
Preloading 0 native plugins for Editor in 0.00 ms.
Mono: successfully reloaded assembly
- Completed reload, in  0.800 seconds
Domain Reload Profiling:
	ReloadAssembly (801ms)
		BeginReloadAssembly (133ms)
			ExecutionOrderSort (0ms)
			DisableScriptedObjects (5ms)
			BackupInstance (0ms)
			ReleaseScriptingObjects (0ms)
			CreateAndSetChildDomain (31ms)
		EndReloadAssembly (588ms)
			LoadAssemblies (90ms)
			RebuildTransferFunctionScriptingTraits (0ms)
			SetupTypeCache (206ms)
			ReleaseScriptCaches (2ms)
			RebuildScriptCaches (29ms)
			SetupLoadedEditorAssemblies (242ms)
				LogAssemblyErrors (0ms)
				InitializePlatformSupportModulesInManaged (5ms)
				SetLoadedEditorAssemblies (0ms)
				RefreshPlugins (1ms)
				BeforeProcessingInitializeOnLoad (52ms)
				ProcessInitializeOnLoadAttributes (164ms)
				ProcessInitializeOnLoadMethodAttributes (15ms)
				AfterProcessingInitializeOnLoad (6ms)
				EditorAssembliesLoaded (0ms)
			ExecutionOrderSort2 (0ms)
			AwakeInstancesAfterBackupRestoration (5ms)
Platform modules already initialized, skipping
Refreshing native plugins compatible for Editor in 1.55 ms, found 3 plugins.
Preloading 0 native plugins for Editor in 0.00 ms.
Unloading 3046 Unused Serialized files (Serialized files now loaded: 0)
Unloading 16 unused Assets / (24.6 KB). Loaded Objects now: 3546.
Memory consumption went from 112.0 MB to 112.0 MB.
Total: 2.298700 ms (FindLiveObjects: 0.204800 ms CreateObjectMapping: 0.109700 ms MarkObjects: 1.964800 ms  DeleteObjects: 0.018400 ms)

AssetImportParameters requested are different than current active one (requested -> active):
  custom:video-decoder-ogg-theora: a1e56fd34408186e4bbccfd4996cb3dc -> 
  custom:container-muxer-webm: aa71ff27fc2769a1b78a27578f13a17b -> 
  custom:container-demuxer-webm: 4f35f7cbe854078d1ac9338744f61a02 -> 
  custom:video-encoder-webm-vp8: eb34c28f22e8b96e1ab97ce403110664 -> 
  custom:video-codec-MediaFoundation-h265: 746d11721c4dcdbdad8f713fa42b33f4 -> 
  custom:audio-encoder-webm-vorbis: bf7c407c2cedff20999df2af8eb42d56 -> 
  custom:framework-win-MediaFoundation: 216162199b28c13a410421893ffa2e32 -> 
  custom:container-demuxer-ogg: 62fdf1f143b41e24485cea50d1cbac27 -> 
  custom:video-decoder-webm-vp8: 9c59270c3fd7afecdb556c50c9e8de78 -> 
  custom:audio-decoder-ogg-vorbis: bf7c407c2cedff20999df2af8eb42d56 -> 
========================================================================
Received Prepare
Registering precompiled user dll's ...
Registered in 0.005156 seconds.
Begin MonoManager ReloadAssembly
Symbol file LoadedFromMemory doesn't match image C:\Users\kihara\Documents\doraemon\Koetobuster\Library\PackageCache\com.unity.visualscripting@1.8.0\Editor\VisualScripting.Core\Dependencies\YamlDotNet\Unity.VisualScripting.YamlDotNet.dll
Symbol file LoadedFromMemory doesn't match image C:\Users\kihara\Documents\doraemon\Koetobuster\Library\PackageCache\com.unity.visualscripting@1.8.0\Editor\VisualScripting.Core\Dependencies\DotNetZip\Unity.VisualScripting.IonicZip.dll
Native extension for UWP target not found
Native extension for WindowsStandalone target not found
Refreshing native plugins compatible for Editor in 0.62 ms, found 3 plugins.
Preloading 0 native plugins for Editor in 0.00 ms.
Mono: successfully reloaded assembly
- Completed reload, in  0.865 seconds
Domain Reload Profiling:
	ReloadAssembly (866ms)
		BeginReloadAssembly (129ms)
			ExecutionOrderSort (0ms)
			DisableScriptedObjects (4ms)
			BackupInstance (0ms)
			ReleaseScriptingObjects (0ms)
			CreateAndSetChildDomain (37ms)
		EndReloadAssembly (656ms)
			LoadAssemblies (82ms)
			RebuildTransferFunctionScriptingTraits (0ms)
			SetupTypeCache (231ms)
			ReleaseScriptCaches (1ms)
			RebuildScriptCaches (34ms)
			SetupLoadedEditorAssemblies (272ms)
				LogAssemblyErrors (0ms)
				InitializePlatformSupportModulesInManaged (6ms)
				SetLoadedEditorAssemblies (0ms)
				RefreshPlugins (1ms)
				BeforeProcessingInitializeOnLoad (58ms)
				ProcessInitializeOnLoadAttributes (181ms)
				ProcessInitializeOnLoadMethodAttributes (18ms)
				AfterProcessingInitializeOnLoad (8ms)
				EditorAssembliesLoaded (0ms)
			ExecutionOrderSort2 (0ms)
			AwakeInstancesAfterBackupRestoration (7ms)
Platform modules already initialized, skipping
Refreshing native plugins compatible for Editor in 2.17 ms, found 3 plugins.
Preloading 0 native plugins for Editor in 0.00 ms.
Unloading 3046 Unused Serialized files (Serialized files now loaded: 0)
Unloading 16 unused Assets / (24.6 KB). Loaded Objects now: 3549.
Memory consumption went from 112.0 MB to 112.0 MB.
Total: 3.546000 ms (FindLiveObjects: 0.373000 ms CreateObjectMapping: 0.069600 ms MarkObjects: 3.079200 ms  DeleteObjects: 0.023500 ms)

AssetImportParameters requested are different than current active one (requested -> active):
  custom:video-decoder-ogg-theora: a1e56fd34408186e4bbccfd4996cb3dc -> 
  custom:container-muxer-webm: aa71ff27fc2769a1b78a27578f13a17b -> 
  custom:container-demuxer-webm: 4f35f7cbe854078d1ac9338744f61a02 -> 
  custom:video-encoder-webm-vp8: eb34c28f22e8b96e1ab97ce403110664 -> 
  custom:video-codec-MediaFoundation-h265: 746d11721c4dcdbdad8f713fa42b33f4 -> 
  custom:audio-encoder-webm-vorbis: bf7c407c2cedff20999df2af8eb42d56 -> 
  custom:framework-win-MediaFoundation: 216162199b28c13a410421893ffa2e32 -> 
  custom:container-demuxer-ogg: 62fdf1f143b41e24485cea50d1cbac27 -> 
  custom:video-decoder-webm-vp8: 9c59270c3fd7afecdb556c50c9e8de78 -> 
  custom:audio-decoder-ogg-vorbis: bf7c407c2cedff20999df2af8eb42d56 -> 
========================================================================
Received Import Request.
  Time since last request: 32.766407 seconds.
  path: Assets/Prefab/3DMoji/Prefab/ゲ.prefab
  artifactKey: Guid(bf5b9098c1068f44a8d4186fd4f32a9d) Importer(815301076,1909f56bfc062723c751e8b465ee728b)
Start importing Assets/Prefab/3DMoji/Prefab/ゲ.prefab using Guid(bf5b9098c1068f44a8d4186fd4f32a9d) Importer(815301076,1909f56bfc062723c751e8b465ee728b)  -> (artifact id: '30a43521bd818c83c6d7ebf2bbe89de2') in 0.067337 seconds 
========================================================================
Received Import Request.
  Time since last request: 0.000028 seconds.
  path: Assets/Prefab/3DMoji/Prefab/バ.prefab
  artifactKey: Guid(4f3c9221465762846a49a5c090789629) Importer(815301076,1909f56bfc062723c751e8b465ee728b)
Start importing Assets/Prefab/3DMoji/Prefab/バ.prefab using Guid(4f3c9221465762846a49a5c090789629) Importer(815301076,1909f56bfc062723c751e8b465ee728b)  -> (artifact id: '740324c020158b562bc89208af429cb0') in 0.017209 seconds 
========================================================================
Received Import Request.
  Time since last request: 0.000024 seconds.
  path: Assets/Prefab/3DMoji/Prefab/ソ.prefab
  artifactKey: Guid(ae90f55164fd50a46b4cd30fe4a7717f) Importer(815301076,1909f56bfc062723c751e8b465ee728b)
Start importing Assets/Prefab/3DMoji/Prefab/ソ.prefab using Guid(ae90f55164fd50a46b4cd30fe4a7717f) Importer(815301076,1909f56bfc062723c751e8b465ee728b)  -> (artifact id: '0664c233b06377ef9b41d64983fb5f20') in 0.012208 seconds 
========================================================================
Received Import Request.
  Time since last request: 0.000016 seconds.
  path: Assets/Prefab/3DMoji/Prefab/チ.prefab
  artifactKey: Guid(5bdf971c4e6ae4a408d7119033c8fd60) Importer(815301076,1909f56bfc062723c751e8b465ee728b)
Start importing Assets/Prefab/3DMoji/Prefab/チ.prefab using Guid(5bdf971c4e6ae4a408d7119033c8fd60) Importer(815301076,1909f56bfc062723c751e8b465ee728b)  -> (artifact id: '76a35e9d6b9e20cd9cdb2740b8312dd4') in 0.013022 seconds 
========================================================================
Received Import Request.
  Time since last request: 0.000016 seconds.
  path: Assets/Prefab/3DMoji/Prefab/ゴ.prefab
  artifactKey: Guid(0c14290a90f903745870be95531bf996) Importer(815301076,1909f56bfc062723c751e8b465ee728b)
Start importing Assets/Prefab/3DMoji/Prefab/ゴ.prefab using Guid(0c14290a90f903745870be95531bf996) Importer(815301076,1909f56bfc062723c751e8b465ee728b)  -> (artifact id: '152a409150f01d27e09802c696c5a56d') in 0.010905 seconds 
========================================================================
Received Import Request.
  Time since last request: 0.000029 seconds.
  path: Assets/Prefab/3DMoji/Prefab/セ.prefab
  artifactKey: Guid(b738a4dc6bf544f4b9a4ee041c4c1b9f) Importer(815301076,1909f56bfc062723c751e8b465ee728b)
Start importing Assets/Prefab/3DMoji/Prefab/セ.prefab using Guid(b738a4dc6bf544f4b9a4ee041c4c1b9f) Importer(815301076,1909f56bfc062723c751e8b465ee728b)  -> (artifact id: 'da2e97e9a40f7c3c80cc6a6950b451b3') in 0.016171 seconds 
========================================================================
Received Import Request.
  Time since last request: 0.000017 seconds.
  path: Assets/Prefab/3DMoji/Prefab/ヒ.prefab
  artifactKey: Guid(ba4b341352cc9d44da04f26a450f4f0a) Importer(815301076,1909f56bfc062723c751e8b465ee728b)
Start importing Assets/Prefab/3DMoji/Prefab/ヒ.prefab using Guid(ba4b341352cc9d44da04f26a450f4f0a) Importer(815301076,1909f56bfc062723c751e8b465ee728b)  -> (artifact id: '7c1e09adb5aa3c95665e9e5fb4331874') in 0.012487 seconds 
========================================================================
Received Import Request.
  Time since last request: 0.000014 seconds.
  path: Assets/Prefab/3DMoji/Prefab/ゥ.prefab
  artifactKey: Guid(d05e053ec320e0b4599a07a472da213c) Importer(815301076,1909f56bfc062723c751e8b465ee728b)
Start importing Assets/Prefab/3DMoji/Prefab/ゥ.prefab using Guid(d05e053ec320e0b4599a07a472da213c) Importer(815301076,1909f56bfc062723c751e8b465ee728b)  -> (artifact id: '71f2557894ce03af6c37ef44ddae1d93') in 0.011902 seconds 
========================================================================
Received Import Request.
  Time since last request: 0.000016 seconds.
  path: Assets/Prefab/3DMoji/Prefab/ゾ.prefab
  artifactKey: Guid(8a040ad67b2ffe943957508c52db4666) Importer(815301076,1909f56bfc062723c751e8b465ee728b)
Start importing Assets/Prefab/3DMoji/Prefab/ゾ.prefab using Guid(8a040ad67b2ffe943957508c52db4666) Importer(815301076,1909f56bfc062723c751e8b465ee728b)  -> (artifact id: 'cbac7fa7157c08dd0a6e9d8d26665584') in 0.012767 seconds 
========================================================================
Received Import Request.
  Time since last request: 0.000023 seconds.
  path: Assets/Prefab/3DMoji/Prefab/ギ.prefab
  artifactKey: Guid(c2c2615df15339f4989c56e06ab8e578) Importer(815301076,1909f56bfc062723c751e8b465ee728b)
Start importing Assets/Prefab/3DMoji/Prefab/ギ.prefab using Guid(c2c2615df15339f4989c56e06ab8e578) Importer(815301076,1909f56bfc062723c751e8b465ee728b)  -> (artifact id: 'e44842b47473a3bc274538cdef386175') in 0.012484 seconds 
========================================================================
Received Import Request.
  Time since last request: 0.000032 seconds.
  path: Assets/Prefab/3DMoji/Prefab/ジ.prefab
  artifactKey: Guid(d416e501b7165e142a388474ce535db2) Importer(815301076,1909f56bfc062723c751e8b465ee728b)
Start importing Assets/Prefab/3DMoji/Prefab/ジ.prefab using Guid(d416e501b7165e142a388474ce535db2) Importer(815301076,1909f56bfc062723c751e8b465ee728b)  -> (artifact id: '1e89998867eb471fc41b8ff85f589f06') in 0.016532 seconds 
========================================================================
Received Import Request.
  Time since last request: 0.000022 seconds.
  path: Assets/Prefab/3DMoji/Prefab/ト.prefab
  artifactKey: Guid(9ec0052254716aa4fad19d098690aa85) Importer(815301076,1909f56bfc062723c751e8b465ee728b)
Start importing Assets/Prefab/3DMoji/Prefab/ト.prefab using Guid(9ec0052254716aa4fad19d098690aa85) Importer(815301076,1909f56bfc062723c751e8b465ee728b)  -> (artifact id: 'a454fb314446a5424470792fc74412e8') in 0.012369 seconds 
========================================================================
Received Import Request.
  Time since last request: 0.000018 seconds.
  path: Assets/Prefab/3DMoji/Prefab/コ.prefab
  artifactKey: Guid(c3c4016461ccc9244acf79b7cc25c03f) Importer(815301076,1909f56bfc062723c751e8b465ee728b)
Start importing Assets/Prefab/3DMoji/Prefab/コ.prefab using Guid(c3c4016461ccc9244acf79b7cc25c03f) Importer(815301076,1909f56bfc062723c751e8b465ee728b)  -> (artifact id: '53ed5dfb603074a2de2752d09e16b85e') in 0.015721 seconds 
========================================================================
Received Import Request.
  Time since last request: 0.000024 seconds.
  path: Assets/Prefab/3DMoji/Prefab/ツ.prefab
  artifactKey: Guid(08f43170162043047aef7526698cff53) Importer(815301076,1909f56bfc062723c751e8b465ee728b)
Start importing Assets/Prefab/3DMoji/Prefab/ツ.prefab using Guid(08f43170162043047aef7526698cff53) Importer(815301076,1909f56bfc062723c751e8b465ee728b)  -> (artifact id: '573b7adde9587ea3b6b6f513b74f8c07') in 0.012566 seconds 
========================================================================
Received Import Request.
  Time since last request: 0.000020 seconds.
  path: Assets/Prefab/3DMoji/Prefab/ス.prefab
  artifactKey: Guid(874376dae36c1344ba8a8c38ebd477f5) Importer(815301076,1909f56bfc062723c751e8b465ee728b)
Start importing Assets/Prefab/3DMoji/Prefab/ス.prefab using Guid(874376dae36c1344ba8a8c38ebd477f5) Importer(815301076,1909f56bfc062723c751e8b465ee728b)  -> (artifact id: 'fb74f2c3c1f07d703b334ade8c0769b7') in 0.011959 seconds 
========================================================================
Received Import Request.
  Time since last request: 0.000017 seconds.
  path: Assets/Prefab/3DMoji/Prefab/ガ.prefab
  artifactKey: Guid(2df583d77c038f14698c1b3f5e1dc4c1) Importer(815301076,1909f56bfc062723c751e8b465ee728b)
Start importing Assets/Prefab/3DMoji/Prefab/ガ.prefab using Guid(2df583d77c038f14698c1b3f5e1dc4c1) Importer(815301076,1909f56bfc062723c751e8b465ee728b)  -> (artifact id: '14ba59bd5ec8056526d6957ed68b61f3') in 0.011519 seconds 
========================================================================
Received Prepare
Registering precompiled user dll's ...
Registered in 0.004329 seconds.
Begin MonoManager ReloadAssembly
Symbol file LoadedFromMemory doesn't match image C:\Users\kihara\Documents\doraemon\Koetobuster\Library\PackageCache\com.unity.visualscripting@1.8.0\Editor\VisualScripting.Core\Dependencies\YamlDotNet\Unity.VisualScripting.YamlDotNet.dll
Symbol file LoadedFromMemory doesn't match image C:\Users\kihara\Documents\doraemon\Koetobuster\Library\PackageCache\com.unity.visualscripting@1.8.0\Editor\VisualScripting.Core\Dependencies\DotNetZip\Unity.VisualScripting.IonicZip.dll
Native extension for UWP target not found
Native extension for WindowsStandalone target not found
Refreshing native plugins compatible for Editor in 0.85 ms, found 3 plugins.
Preloading 0 native plugins for Editor in 0.00 ms.
Mono: successfully reloaded assembly
- Completed reload, in  0.781 seconds
Domain Reload Profiling:
	ReloadAssembly (782ms)
		BeginReloadAssembly (127ms)
			ExecutionOrderSort (0ms)
			DisableScriptedObjects (3ms)
			BackupInstance (0ms)
			ReleaseScriptingObjects (0ms)
			CreateAndSetChildDomain (34ms)
		EndReloadAssembly (570ms)
			LoadAssemblies (76ms)
			RebuildTransferFunctionScriptingTraits (0ms)
			SetupTypeCache (194ms)
			ReleaseScriptCaches (1ms)
			RebuildScriptCaches (27ms)
			SetupLoadedEditorAssemblies (246ms)
				LogAssemblyErrors (0ms)
				InitializePlatformSupportModulesInManaged (6ms)
				SetLoadedEditorAssemblies (0ms)
				RefreshPlugins (1ms)
				BeforeProcessingInitializeOnLoad (55ms)
				ProcessInitializeOnLoadAttributes (158ms)
				ProcessInitializeOnLoadMethodAttributes (18ms)
				AfterProcessingInitializeOnLoad (6ms)
				EditorAssembliesLoaded (0ms)
			ExecutionOrderSort2 (0ms)
			AwakeInstancesAfterBackupRestoration (5ms)
Platform modules already initialized, skipping
Refreshing native plugins compatible for Editor in 1.47 ms, found 3 plugins.
Preloading 0 native plugins for Editor in 0.00 ms.
Unloading 3046 Unused Serialized files (Serialized files now loaded: 0)
Unloading 16 unused Assets / (24.7 KB). Loaded Objects now: 3552.
Memory consumption went from 112.1 MB to 112.0 MB.
Total: 2.972700 ms (FindLiveObjects: 0.214700 ms CreateObjectMapping: 0.062700 ms MarkObjects: 2.674900 ms  DeleteObjects: 0.019900 ms)

AssetImportParameters requested are different than current active one (requested -> active):
  custom:video-decoder-ogg-theora: a1e56fd34408186e4bbccfd4996cb3dc -> 
  custom:container-muxer-webm: aa71ff27fc2769a1b78a27578f13a17b -> 
  custom:container-demuxer-webm: 4f35f7cbe854078d1ac9338744f61a02 -> 
  custom:video-encoder-webm-vp8: eb34c28f22e8b96e1ab97ce403110664 -> 
  custom:video-codec-MediaFoundation-h265: 746d11721c4dcdbdad8f713fa42b33f4 -> 
  custom:audio-encoder-webm-vorbis: bf7c407c2cedff20999df2af8eb42d56 -> 
  custom:framework-win-MediaFoundation: 216162199b28c13a410421893ffa2e32 -> 
  custom:container-demuxer-ogg: 62fdf1f143b41e24485cea50d1cbac27 -> 
  custom:video-decoder-webm-vp8: 9c59270c3fd7afecdb556c50c9e8de78 -> 
  custom:audio-decoder-ogg-vorbis: bf7c407c2cedff20999df2af8eb42d56 -> 
========================================================================
Received Prepare
Registering precompiled user dll's ...
Registered in 0.004285 seconds.
Begin MonoManager ReloadAssembly
Symbol file LoadedFromMemory doesn't match image C:\Users\kihara\Documents\doraemon\Koetobuster\Library\PackageCache\com.unity.visualscripting@1.8.0\Editor\VisualScripting.Core\Dependencies\YamlDotNet\Unity.VisualScripting.YamlDotNet.dll
Symbol file LoadedFromMemory doesn't match image C:\Users\kihara\Documents\doraemon\Koetobuster\Library\PackageCache\com.unity.visualscripting@1.8.0\Editor\VisualScripting.Core\Dependencies\DotNetZip\Unity.VisualScripting.IonicZip.dll
Native extension for UWP target not found
Native extension for WindowsStandalone target not found
Refreshing native plugins compatible for Editor in 0.53 ms, found 3 plugins.
Preloading 0 native plugins for Editor in 0.00 ms.
Mono: successfully reloaded assembly
- Completed reload, in  0.853 seconds
Domain Reload Profiling:
	ReloadAssembly (854ms)
		BeginReloadAssembly (123ms)
			ExecutionOrderSort (0ms)
			DisableScriptedObjects (4ms)
			BackupInstance (0ms)
			ReleaseScriptingObjects (0ms)
			CreateAndSetChildDomain (35ms)
		EndReloadAssembly (653ms)
			LoadAssemblies (76ms)
			RebuildTransferFunctionScriptingTraits (0ms)
			SetupTypeCache (229ms)
			ReleaseScriptCaches (1ms)
			RebuildScriptCaches (38ms)
			SetupLoadedEditorAssemblies (274ms)
				LogAssemblyErrors (0ms)
				InitializePlatformSupportModulesInManaged (6ms)
				SetLoadedEditorAssemblies (1ms)
				RefreshPlugins (1ms)
				BeforeProcessingInitializeOnLoad (57ms)
				ProcessInitializeOnLoadAttributes (183ms)
				ProcessInitializeOnLoadMethodAttributes (18ms)
				AfterProcessingInitializeOnLoad (8ms)
				EditorAssembliesLoaded (0ms)
			ExecutionOrderSort2 (0ms)
			AwakeInstancesAfterBackupRestoration (7ms)
Platform modules already initialized, skipping
Refreshing native plugins compatible for Editor in 1.78 ms, found 3 plugins.
Preloading 0 native plugins for Editor in 0.00 ms.
Unloading 3046 Unused Serialized files (Serialized files now loaded: 0)
Unloading 16 unused Assets / (24.7 KB). Loaded Objects now: 3555.
Memory consumption went from 112.1 MB to 112.0 MB.
Total: 3.428800 ms (FindLiveObjects: 0.425700 ms CreateObjectMapping: 0.081400 ms MarkObjects: 2.897400 ms  DeleteObjects: 0.023400 ms)

AssetImportParameters requested are different than current active one (requested -> active):
  custom:video-decoder-ogg-theora: a1e56fd34408186e4bbccfd4996cb3dc -> 
  custom:container-muxer-webm: aa71ff27fc2769a1b78a27578f13a17b -> 
  custom:container-demuxer-webm: 4f35f7cbe854078d1ac9338744f61a02 -> 
  custom:video-encoder-webm-vp8: eb34c28f22e8b96e1ab97ce403110664 -> 
  custom:video-codec-MediaFoundation-h265: 746d11721c4dcdbdad8f713fa42b33f4 -> 
  custom:audio-encoder-webm-vorbis: bf7c407c2cedff20999df2af8eb42d56 -> 
  custom:framework-win-MediaFoundation: 216162199b28c13a410421893ffa2e32 -> 
  custom:container-demuxer-ogg: 62fdf1f143b41e24485cea50d1cbac27 -> 
  custom:video-decoder-webm-vp8: 9c59270c3fd7afecdb556c50c9e8de78 -> 
  custom:audio-decoder-ogg-vorbis: bf7c407c2cedff20999df2af8eb42d56 -> 
========================================================================
Received Import Request.
  Time since last request: 13.501149 seconds.
  path: Assets/Prefab/3DMoji/Prefab/ゲ.prefab
  artifactKey: Guid(bf5b9098c1068f44a8d4186fd4f32a9d) Importer(815301076,1909f56bfc062723c751e8b465ee728b)
Start importing Assets/Prefab/3DMoji/Prefab/ゲ.prefab using Guid(bf5b9098c1068f44a8d4186fd4f32a9d) Importer(815301076,1909f56bfc062723c751e8b465ee728b)  -> (artifact id: '8ed68ee02df780d18eda9cbb9a553f25') in 0.065838 seconds 
========================================================================
Received Import Request.
  Time since last request: 0.000023 seconds.
  path: Assets/Prefab/3DMoji/Prefab/バ.prefab
  artifactKey: Guid(4f3c9221465762846a49a5c090789629) Importer(815301076,1909f56bfc062723c751e8b465ee728b)
Start importing Assets/Prefab/3DMoji/Prefab/バ.prefab using Guid(4f3c9221465762846a49a5c090789629) Importer(815301076,1909f56bfc062723c751e8b465ee728b)  -> (artifact id: '052a7d52f903d1115a24c744d7fbf8fd') in 0.014819 seconds 
========================================================================
Received Import Request.
  Time since last request: 0.000024 seconds.
  path: Assets/Prefab/3DMoji/Prefab/ヌ.prefab
  artifactKey: Guid(8d08a58b8084a8049b464620fae95351) Importer(815301076,1909f56bfc062723c751e8b465ee728b)
Start importing Assets/Prefab/3DMoji/Prefab/ヌ.prefab using Guid(8d08a58b8084a8049b464620fae95351) Importer(815301076,1909f56bfc062723c751e8b465ee728b)  -> (artifact id: '86a266a9f8c8f2271a9ebd3b94f92319') in 0.011072 seconds 
========================================================================
Received Import Request.
  Time since last request: 0.000020 seconds.
  path: Assets/Prefab/3DMoji/Prefab/エ.prefab
  artifactKey: Guid(5cb810af4fda4444b84194cf0176e988) Importer(815301076,1909f56bfc062723c751e8b465ee728b)
Start importing Assets/Prefab/3DMoji/Prefab/エ.prefab using Guid(5cb810af4fda4444b84194cf0176e988) Importer(815301076,1909f56bfc062723c751e8b465ee728b)  -> (artifact id: '21c4dd2fb2dc24f9164eee78cd4cecc5') in 0.012312 seconds 
========================================================================
Received Import Request.
  Time since last request: 0.000015 seconds.
  path: Assets/Prefab/3DMoji/Prefab/ア.prefab
  artifactKey: Guid(d0e9ee0da4921f543bc74b0692313117) Importer(815301076,1909f56bfc062723c751e8b465ee728b)
Start importing Assets/Prefab/3DMoji/Prefab/ア.prefab using Guid(d0e9ee0da4921f543bc74b0692313117) Importer(815301076,1909f56bfc062723c751e8b465ee728b)  -> (artifact id: '2304635c2f56842e3b22aec64cb197b8') in 0.013979 seconds 
========================================================================
Received Import Request.
  Time since last request: 0.000023 seconds.
  path: Assets/Prefab/3DMoji/Prefab/ニ.prefab
  artifactKey: Guid(24fa8606a2885ac45b68f3904f35541d) Importer(815301076,1909f56bfc062723c751e8b465ee728b)
Start importing Assets/Prefab/3DMoji/Prefab/ニ.prefab using Guid(24fa8606a2885ac45b68f3904f35541d) Importer(815301076,1909f56bfc062723c751e8b465ee728b)  -> (artifact id: '77b01c22d2e1ea9336d805a33c53ee18') in 0.012712 seconds 
========================================================================
Received Import Request.
  Time since last request: 0.000019 seconds.
  path: Assets/Prefab/3DMoji/Prefab/ネ.prefab
  artifactKey: Guid(b980dca41e6a10e45862ce42d4a2219f) Importer(815301076,1909f56bfc062723c751e8b465ee728b)
Start importing Assets/Prefab/3DMoji/Prefab/ネ.prefab using Guid(b980dca41e6a10e45862ce42d4a2219f) Importer(815301076,1909f56bfc062723c751e8b465ee728b)  -> (artifact id: '623dab0a8a2488a9bc43b3a141cf19fa') in 0.011275 seconds 
========================================================================
Received Import Request.
  Time since last request: 0.000025 seconds.
  path: Assets/Prefab/3DMoji/Prefab/ヒ.prefab
  artifactKey: Guid(ba4b341352cc9d44da04f26a450f4f0a) Importer(815301076,1909f56bfc062723c751e8b465ee728b)
Start importing Assets/Prefab/3DMoji/Prefab/ヒ.prefab using Guid(ba4b341352cc9d44da04f26a450f4f0a) Importer(815301076,1909f56bfc062723c751e8b465ee728b)  -> (artifact id: 'fb1a56ba78a825de46eb95bc2997b50e') in 0.012687 seconds 
========================================================================
Received Import Request.
  Time since last request: 0.000023 seconds.
  path: Assets/Prefab/3DMoji/Prefab/ダ.prefab
  artifactKey: Guid(3debddd0f20ea894eb6473d2a1f683e4) Importer(815301076,1909f56bfc062723c751e8b465ee728b)
Start importing Assets/Prefab/3DMoji/Prefab/ダ.prefab using Guid(3debddd0f20ea894eb6473d2a1f683e4) Importer(815301076,1909f56bfc062723c751e8b465ee728b)  -> (artifact id: 'ca2272aae328a8fb92fc9b9811a6bf05') in 0.013950 seconds 
========================================================================
Received Import Request.
  Time since last request: 0.000020 seconds.
  path: Assets/Prefab/3DMoji/Prefab/ッ.prefab
  artifactKey: Guid(0ff598b1266c3a64eac80131e26ea010) Importer(815301076,1909f56bfc062723c751e8b465ee728b)
Start importing Assets/Prefab/3DMoji/Prefab/ッ.prefab using Guid(0ff598b1266c3a64eac80131e26ea010) Importer(815301076,1909f56bfc062723c751e8b465ee728b)  -> (artifact id: '599a0c2f1ec46e3f256fd6800610b993') in 0.013211 seconds 
========================================================================
Received Import Request.
  Time since last request: 0.000023 seconds.
  path: Assets/Prefab/3DMoji/Prefab/ィ.prefab
  artifactKey: Guid(3d1b0410607d8754fb9189f46a321b7a) Importer(815301076,1909f56bfc062723c751e8b465ee728b)
Start importing Assets/Prefab/3DMoji/Prefab/ィ.prefab using Guid(3d1b0410607d8754fb9189f46a321b7a) Importer(815301076,1909f56bfc062723c751e8b465ee728b)  -> (artifact id: '746eb26a8053bd7ac3f63703d4e52f10') in 0.012892 seconds 
========================================================================
Received Import Request.
  Time since last request: 0.000017 seconds.
  path: Assets/Prefab/3DMoji/Prefab/ウ.prefab
  artifactKey: Guid(6e95fea6cf249b845b3280433d8f3ca4) Importer(815301076,1909f56bfc062723c751e8b465ee728b)
Start importing Assets/Prefab/3DMoji/Prefab/ウ.prefab using Guid(6e95fea6cf249b845b3280433d8f3ca4) Importer(815301076,1909f56bfc062723c751e8b465ee728b)  -> (artifact id: 'e833e892a497158bebdbee270108f453') in 0.011003 seconds 
========================================================================
Received Import Request.
  Time since last request: 0.000015 seconds.
  path: Assets/Prefab/3DMoji/Prefab/デ.prefab
  artifactKey: Guid(efa53e9df93f58c4683e302c9743ec01) Importer(815301076,1909f56bfc062723c751e8b465ee728b)
Start importing Assets/Prefab/3DMoji/Prefab/デ.prefab using Guid(efa53e9df93f58c4683e302c9743ec01) Importer(815301076,1909f56bfc062723c751e8b465ee728b)  -> (artifact id: '3d754b6f64d49e9a6ef350256daa4a02') in 0.011359 seconds 
========================================================================
Received Import Request.
  Time since last request: 0.000015 seconds.
  path: Assets/Prefab/3DMoji/Prefab/ノ.prefab
  artifactKey: Guid(5ef0eb84b1a3950439da1c7d8e080c31) Importer(815301076,1909f56bfc062723c751e8b465ee728b)
Start importing Assets/Prefab/3DMoji/Prefab/ノ.prefab using Guid(5ef0eb84b1a3950439da1c7d8e080c31) Importer(815301076,1909f56bfc062723c751e8b465ee728b)  -> (artifact id: '370812d77a3889ca168a8c78b9b09387') in 0.011224 seconds 
========================================================================
Received Import Request.
  Time since last request: 0.000053 seconds.
  path: Assets/Prefab/3DMoji/Prefab/カ.prefab
  artifactKey: Guid(a49586f924a80e141b228670fae4cc5a) Importer(815301076,1909f56bfc062723c751e8b465ee728b)
Start importing Assets/Prefab/3DMoji/Prefab/カ.prefab using Guid(a49586f924a80e141b228670fae4cc5a) Importer(815301076,1909f56bfc062723c751e8b465ee728b)  -> (artifact id: '4bf3624f14bf0448706040630d34e4d6') in 0.012983 seconds 
========================================================================
Received Import Request.
  Time since last request: 0.000016 seconds.
  path: Assets/Prefab/3DMoji/Prefab/ナ.prefab
  artifactKey: Guid(8a73f925c4987d141b9f4a0674f89c4c) Importer(815301076,1909f56bfc062723c751e8b465ee728b)
Start importing Assets/Prefab/3DMoji/Prefab/ナ.prefab using Guid(8a73f925c4987d141b9f4a0674f89c4c) Importer(815301076,1909f56bfc062723c751e8b465ee728b)  -> (artifact id: '360123d1cc24205c4c24f0c770a5df38') in 0.012178 seconds 
========================================================================
Received Import Request.
  Time since last request: 0.000015 seconds.
  path: Assets/Prefab/3DMoji/Prefab/ド.prefab
  artifactKey: Guid(698fa0d2e025f4c468d7ecd2c32dd880) Importer(815301076,1909f56bfc062723c751e8b465ee728b)
Start importing Assets/Prefab/3DMoji/Prefab/ド.prefab using Guid(698fa0d2e025f4c468d7ecd2c32dd880) Importer(815301076,1909f56bfc062723c751e8b465ee728b)  -> (artifact id: '1175ea11f4818d91cf22cc6cb4ccc45d') in 0.015945 seconds 
========================================================================
Received Prepare
Registering precompiled user dll's ...
Registered in 0.004555 seconds.
Begin MonoManager ReloadAssembly
Symbol file LoadedFromMemory doesn't match image C:\Users\kihara\Documents\doraemon\Koetobuster\Library\PackageCache\com.unity.visualscripting@1.8.0\Editor\VisualScripting.Core\Dependencies\YamlDotNet\Unity.VisualScripting.YamlDotNet.dll
Symbol file LoadedFromMemory doesn't match image C:\Users\kihara\Documents\doraemon\Koetobuster\Library\PackageCache\com.unity.visualscripting@1.8.0\Editor\VisualScripting.Core\Dependencies\DotNetZip\Unity.VisualScripting.IonicZip.dll
Native extension for UWP target not found
Native extension for WindowsStandalone target not found
Refreshing native plugins compatible for Editor in 0.46 ms, found 3 plugins.
Preloading 0 native plugins for Editor in 0.00 ms.
Mono: successfully reloaded assembly
- Completed reload, in  0.754 seconds
Domain Reload Profiling:
	ReloadAssembly (755ms)
		BeginReloadAssembly (132ms)
			ExecutionOrderSort (0ms)
			DisableScriptedObjects (3ms)
			BackupInstance (0ms)
			ReleaseScriptingObjects (0ms)
			CreateAndSetChildDomain (34ms)
		EndReloadAssembly (542ms)
			LoadAssemblies (78ms)
			RebuildTransferFunctionScriptingTraits (0ms)
			SetupTypeCache (196ms)
			ReleaseScriptCaches (1ms)
			RebuildScriptCaches (31ms)
			SetupLoadedEditorAssemblies (217ms)
				LogAssemblyErrors (0ms)
				InitializePlatformSupportModulesInManaged (5ms)
				SetLoadedEditorAssemblies (0ms)
				RefreshPlugins (1ms)
				BeforeProcessingInitializeOnLoad (50ms)
				ProcessInitializeOnLoadAttributes (141ms)
				ProcessInitializeOnLoadMethodAttributes (14ms)
				AfterProcessingInitializeOnLoad (6ms)
				EditorAssembliesLoaded (0ms)
			ExecutionOrderSort2 (0ms)
			AwakeInstancesAfterBackupRestoration (5ms)
Platform modules already initialized, skipping
Refreshing native plugins compatible for Editor in 2.27 ms, found 3 plugins.
Preloading 0 native plugins for Editor in 0.00 ms.
Unloading 3046 Unused Serialized files (Serialized files now loaded: 0)
Unloading 16 unused Assets / (24.7 KB). Loaded Objects now: 3558.
Memory consumption went from 112.1 MB to 112.1 MB.
Total: 2.347800 ms (FindLiveObjects: 0.229400 ms CreateObjectMapping: 0.122900 ms MarkObjects: 1.977100 ms  DeleteObjects: 0.017500 ms)

AssetImportParameters requested are different than current active one (requested -> active):
  custom:video-decoder-ogg-theora: a1e56fd34408186e4bbccfd4996cb3dc -> 
  custom:container-muxer-webm: aa71ff27fc2769a1b78a27578f13a17b -> 
  custom:container-demuxer-webm: 4f35f7cbe854078d1ac9338744f61a02 -> 
  custom:video-encoder-webm-vp8: eb34c28f22e8b96e1ab97ce403110664 -> 
  custom:video-codec-MediaFoundation-h265: 746d11721c4dcdbdad8f713fa42b33f4 -> 
  custom:audio-encoder-webm-vorbis: bf7c407c2cedff20999df2af8eb42d56 -> 
  custom:framework-win-MediaFoundation: 216162199b28c13a410421893ffa2e32 -> 
  custom:container-demuxer-ogg: 62fdf1f143b41e24485cea50d1cbac27 -> 
  custom:video-decoder-webm-vp8: 9c59270c3fd7afecdb556c50c9e8de78 -> 
  custom:audio-decoder-ogg-vorbis: bf7c407c2cedff20999df2af8eb42d56 -> 
========================================================================
Received Import Request.
  Time since last request: 13.962032 seconds.
  path: Assets/Prefab/3DMoji/Prefab/シ.prefab
  artifactKey: Guid(ca16f2ae079991d499bd9cff8aeaa936) Importer(815301076,1909f56bfc062723c751e8b465ee728b)
Start importing Assets/Prefab/3DMoji/Prefab/シ.prefab using Guid(ca16f2ae079991d499bd9cff8aeaa936) Importer(815301076,1909f56bfc062723c751e8b465ee728b)  -> (artifact id: '0722e1efe268e22bde75268559476583') in 0.055701 seconds 
========================================================================
Received Import Request.
  Time since last request: 0.000024 seconds.
  path: Assets/Prefab/3DMoji/Prefab/ヌ.prefab
  artifactKey: Guid(8d08a58b8084a8049b464620fae95351) Importer(815301076,1909f56bfc062723c751e8b465ee728b)
Start importing Assets/Prefab/3DMoji/Prefab/ヌ.prefab using Guid(8d08a58b8084a8049b464620fae95351) Importer(815301076,1909f56bfc062723c751e8b465ee728b)  -> (artifact id: 'e4ae70a4b75c4b012611bf65c0eb9c84') in 0.010511 seconds 
========================================================================
Received Import Request.
  Time since last request: 0.000022 seconds.
  path: Assets/Prefab/3DMoji/Prefab/エ.prefab
  artifactKey: Guid(5cb810af4fda4444b84194cf0176e988) Importer(815301076,1909f56bfc062723c751e8b465ee728b)
Start importing Assets/Prefab/3DMoji/Prefab/エ.prefab using Guid(5cb810af4fda4444b84194cf0176e988) Importer(815301076,1909f56bfc062723c751e8b465ee728b)  -> (artifact id: 'd030bf5b5edd14578d653baee36b48f2') in 0.010446 seconds 
========================================================================
Received Import Request.
  Time since last request: 0.000017 seconds.
  path: Assets/Prefab/3DMoji/Prefab/キ.prefab
  artifactKey: Guid(c5605a6f73c248c4392f8b2ea15cee0e) Importer(815301076,1909f56bfc062723c751e8b465ee728b)
Start importing Assets/Prefab/3DMoji/Prefab/キ.prefab using Guid(c5605a6f73c248c4392f8b2ea15cee0e) Importer(815301076,1909f56bfc062723c751e8b465ee728b)  -> (artifact id: '45cee88e90501033f8bba9a3baec3468') in 0.011450 seconds 
========================================================================
Received Import Request.
  Time since last request: 0.000021 seconds.
  path: Assets/Prefab/3DMoji/Prefab/ハ.prefab
  artifactKey: Guid(303898af6dd6bca48859d3134931ca00) Importer(815301076,1909f56bfc062723c751e8b465ee728b)
Start importing Assets/Prefab/3DMoji/Prefab/ハ.prefab using Guid(303898af6dd6bca48859d3134931ca00) Importer(815301076,1909f56bfc062723c751e8b465ee728b)  -> (artifact id: 'eef43248f43121ea6225b7d55010e5c0') in 0.011805 seconds 
========================================================================
Received Import Request.
  Time since last request: 0.000020 seconds.
  path: Assets/Prefab/3DMoji/Prefab/パ.prefab
  artifactKey: Guid(940c0653d6e0f184c9434f3967f85604) Importer(815301076,1909f56bfc062723c751e8b465ee728b)
Start importing Assets/Prefab/3DMoji/Prefab/パ.prefab using Guid(940c0653d6e0f184c9434f3967f85604) Importer(815301076,1909f56bfc062723c751e8b465ee728b)  -> (artifact id: '12a991075acfcbbaadc0049043913a8d') in 0.011353 seconds 
========================================================================
Received Import Request.
  Time since last request: 0.000022 seconds.
  path: Assets/Prefab/3DMoji/Prefab/ケ.prefab
  artifactKey: Guid(77d30a8167acfba4cac6fb70488b02fb) Importer(815301076,1909f56bfc062723c751e8b465ee728b)
Start importing Assets/Prefab/3DMoji/Prefab/ケ.prefab using Guid(77d30a8167acfba4cac6fb70488b02fb) Importer(815301076,1909f56bfc062723c751e8b465ee728b)  -> (artifact id: 'a20c7979325eae0386dc15f0287b6a77') in 0.012434 seconds 
========================================================================
Received Import Request.
  Time since last request: 0.000019 seconds.
  path: Assets/Prefab/3DMoji/Prefab/ダ.prefab
  artifactKey: Guid(3debddd0f20ea894eb6473d2a1f683e4) Importer(815301076,1909f56bfc062723c751e8b465ee728b)
Start importing Assets/Prefab/3DMoji/Prefab/ダ.prefab using Guid(3debddd0f20ea894eb6473d2a1f683e4) Importer(815301076,1909f56bfc062723c751e8b465ee728b)  -> (artifact id: '05ba1b53ac74b9462f09f540fe16e137') in 0.011343 seconds 
========================================================================
Received Import Request.
  Time since last request: 0.000017 seconds.
  path: Assets/Prefab/3DMoji/Prefab/ク.prefab
  artifactKey: Guid(6c890b48971058647ab494b35051594a) Importer(815301076,1909f56bfc062723c751e8b465ee728b)
Start importing Assets/Prefab/3DMoji/Prefab/ク.prefab using Guid(6c890b48971058647ab494b35051594a) Importer(815301076,1909f56bfc062723c751e8b465ee728b)  -> (artifact id: '0bf1eed4a7f4bc7b064f6163c729092e') in 0.012206 seconds 
========================================================================
Received Import Request.
  Time since last request: 0.000019 seconds.
  path: Assets/Prefab/3DMoji/Prefab/ギ.prefab
  artifactKey: Guid(c2c2615df15339f4989c56e06ab8e578) Importer(815301076,1909f56bfc062723c751e8b465ee728b)
Start importing Assets/Prefab/3DMoji/Prefab/ギ.prefab using Guid(c2c2615df15339f4989c56e06ab8e578) Importer(815301076,1909f56bfc062723c751e8b465ee728b)  -> (artifact id: '67b740540e32d727ffb4171e677ec9bb') in 0.011271 seconds 
========================================================================
Received Import Request.
  Time since last request: 0.000016 seconds.
  path: Assets/Prefab/3DMoji/Prefab/ズ.prefab
  artifactKey: Guid(33b484fe9772c254b8d8bc8195c014fe) Importer(815301076,1909f56bfc062723c751e8b465ee728b)
Start importing Assets/Prefab/3DMoji/Prefab/ズ.prefab using Guid(33b484fe9772c254b8d8bc8195c014fe) Importer(815301076,1909f56bfc062723c751e8b465ee728b)  -> (artifact id: 'c0a4938fe34409e225942b20cc423569') in 0.013303 seconds 
========================================================================
Received Import Request.
  Time since last request: 0.000020 seconds.
  path: Assets/Prefab/3DMoji/Prefab/タ.prefab
  artifactKey: Guid(05ff34197b0736e4fbd336d1626e97fa) Importer(815301076,1909f56bfc062723c751e8b465ee728b)
Start importing Assets/Prefab/3DMoji/Prefab/タ.prefab using Guid(05ff34197b0736e4fbd336d1626e97fa) Importer(815301076,1909f56bfc062723c751e8b465ee728b)  -> (artifact id: '574c935feb5ed6defcc2aeee7e763c99') in 0.014754 seconds 
========================================================================
Received Import Request.
  Time since last request: 0.000039 seconds.
  path: Assets/Prefab/3DMoji/Prefab/ノ.prefab
  artifactKey: Guid(5ef0eb84b1a3950439da1c7d8e080c31) Importer(815301076,1909f56bfc062723c751e8b465ee728b)
Start importing Assets/Prefab/3DMoji/Prefab/ノ.prefab using Guid(5ef0eb84b1a3950439da1c7d8e080c31) Importer(815301076,1909f56bfc062723c751e8b465ee728b)  -> (artifact id: '9519f0f3e8df5d2087f8a392bfbacc29') in 0.011859 seconds 
========================================================================
Received Import Request.
  Time since last request: 0.000018 seconds.
  path: Assets/Prefab/3DMoji/Prefab/ザ.prefab
  artifactKey: Guid(8b8dd85d25036bf43bcd8e5f1dd83847) Importer(815301076,1909f56bfc062723c751e8b465ee728b)
Start importing Assets/Prefab/3DMoji/Prefab/ザ.prefab using Guid(8b8dd85d25036bf43bcd8e5f1dd83847) Importer(815301076,1909f56bfc062723c751e8b465ee728b)  -> (artifact id: 'bfa74cd8a75cb8189e14732c7401f2e2') in 0.012433 seconds 
========================================================================
Received Import Request.
  Time since last request: 0.000020 seconds.
  path: Assets/Prefab/3DMoji/Prefab/イ.prefab
  artifactKey: Guid(36915910877943242b0ff22341c725da) Importer(815301076,1909f56bfc062723c751e8b465ee728b)
Start importing Assets/Prefab/3DMoji/Prefab/イ.prefab using Guid(36915910877943242b0ff22341c725da) Importer(815301076,1909f56bfc062723c751e8b465ee728b)  -> (artifact id: 'd70c03f973d431d8f07192115c3fe599') in 0.011625 seconds 
========================================================================
Received Import Request.
  Time since last request: 0.000019 seconds.
  path: Assets/Prefab/3DMoji/Prefab/ヅ.prefab
  artifactKey: Guid(1422c3682dc6cb94ab5d3b162d9ea170) Importer(815301076,1909f56bfc062723c751e8b465ee728b)
Start importing Assets/Prefab/3DMoji/Prefab/ヅ.prefab using Guid(1422c3682dc6cb94ab5d3b162d9ea170) Importer(815301076,1909f56bfc062723c751e8b465ee728b)  -> (artifact id: '66a0cbd66aadb150c9940f205febd95e') in 0.010982 seconds 
========================================================================
Received Import Request.
  Time since last request: 0.000019 seconds.
  path: Assets/Prefab/3DMoji/Prefab/ゼ.prefab
  artifactKey: Guid(b604cbbf12e2b7e44969bb73cea662b7) Importer(815301076,1909f56bfc062723c751e8b465ee728b)
Start importing Assets/Prefab/3DMoji/Prefab/ゼ.prefab using Guid(b604cbbf12e2b7e44969bb73cea662b7) Importer(815301076,1909f56bfc062723c751e8b465ee728b)  -> (artifact id: 'c620fd4dc80349b0c919aff862793f74') in 0.010515 seconds 
========================================================================
Received Prepare
Registering precompiled user dll's ...
Registered in 0.004479 seconds.
Begin MonoManager ReloadAssembly
Symbol file LoadedFromMemory doesn't match image C:\Users\kihara\Documents\doraemon\Koetobuster\Library\PackageCache\com.unity.visualscripting@1.8.0\Editor\VisualScripting.Core\Dependencies\YamlDotNet\Unity.VisualScripting.YamlDotNet.dll
Symbol file LoadedFromMemory doesn't match image C:\Users\kihara\Documents\doraemon\Koetobuster\Library\PackageCache\com.unity.visualscripting@1.8.0\Editor\VisualScripting.Core\Dependencies\DotNetZip\Unity.VisualScripting.IonicZip.dll
Native extension for UWP target not found
Native extension for WindowsStandalone target not found
Refreshing native plugins compatible for Editor in 0.82 ms, found 3 plugins.
Preloading 0 native plugins for Editor in 0.00 ms.
Mono: successfully reloaded assembly
- Completed reload, in  0.871 seconds
Domain Reload Profiling:
	ReloadAssembly (872ms)
		BeginReloadAssembly (127ms)
			ExecutionOrderSort (0ms)
			DisableScriptedObjects (4ms)
			BackupInstance (0ms)
			ReleaseScriptingObjects (0ms)
			CreateAndSetChildDomain (30ms)
		EndReloadAssembly (656ms)
			LoadAssemblies (80ms)
			RebuildTransferFunctionScriptingTraits (0ms)
			SetupTypeCache (237ms)
			ReleaseScriptCaches (1ms)
			RebuildScriptCaches (35ms)
			SetupLoadedEditorAssemblies (277ms)
				LogAssemblyErrors (0ms)
				InitializePlatformSupportModulesInManaged (6ms)
				SetLoadedEditorAssemblies (1ms)
				RefreshPlugins (1ms)
				BeforeProcessingInitializeOnLoad (63ms)
				ProcessInitializeOnLoadAttributes (180ms)
				ProcessInitializeOnLoadMethodAttributes (19ms)
				AfterProcessingInitializeOnLoad (8ms)
				EditorAssembliesLoaded (0ms)
			ExecutionOrderSort2 (0ms)
			AwakeInstancesAfterBackupRestoration (6ms)
Platform modules already initialized, skipping
Refreshing native plugins compatible for Editor in 1.76 ms, found 3 plugins.
Preloading 0 native plugins for Editor in 0.00 ms.
Unloading 3046 Unused Serialized files (Serialized files now loaded: 0)
Unloading 16 unused Assets / (24.6 KB). Loaded Objects now: 3561.
Memory consumption went from 112.1 MB to 112.1 MB.
Total: 2.394900 ms (FindLiveObjects: 0.264700 ms CreateObjectMapping: 0.063200 ms MarkObjects: 2.049200 ms  DeleteObjects: 0.017100 ms)

AssetImportParameters requested are different than current active one (requested -> active):
  custom:video-decoder-ogg-theora: a1e56fd34408186e4bbccfd4996cb3dc -> 
  custom:container-muxer-webm: aa71ff27fc2769a1b78a27578f13a17b -> 
  custom:container-demuxer-webm: 4f35f7cbe854078d1ac9338744f61a02 -> 
  custom:video-encoder-webm-vp8: eb34c28f22e8b96e1ab97ce403110664 -> 
  custom:video-codec-MediaFoundation-h265: 746d11721c4dcdbdad8f713fa42b33f4 -> 
  custom:audio-encoder-webm-vorbis: bf7c407c2cedff20999df2af8eb42d56 -> 
  custom:framework-win-MediaFoundation: 216162199b28c13a410421893ffa2e32 -> 
  custom:container-demuxer-ogg: 62fdf1f143b41e24485cea50d1cbac27 -> 
  custom:video-decoder-webm-vp8: 9c59270c3fd7afecdb556c50c9e8de78 -> 
  custom:audio-decoder-ogg-vorbis: bf7c407c2cedff20999df2af8eb42d56 -> 
========================================================================
Received Prepare
Registering precompiled user dll's ...
Registered in 0.004277 seconds.
Begin MonoManager ReloadAssembly
Symbol file LoadedFromMemory doesn't match image C:\Users\kihara\Documents\doraemon\Koetobuster\Library\PackageCache\com.unity.visualscripting@1.8.0\Editor\VisualScripting.Core\Dependencies\YamlDotNet\Unity.VisualScripting.YamlDotNet.dll
Symbol file LoadedFromMemory doesn't match image C:\Users\kihara\Documents\doraemon\Koetobuster\Library\PackageCache\com.unity.visualscripting@1.8.0\Editor\VisualScripting.Core\Dependencies\DotNetZip\Unity.VisualScripting.IonicZip.dll
Native extension for UWP target not found
Native extension for WindowsStandalone target not found
Refreshing native plugins compatible for Editor in 0.55 ms, found 3 plugins.
Preloading 0 native plugins for Editor in 0.00 ms.
Mono: successfully reloaded assembly
- Completed reload, in  0.773 seconds
Domain Reload Profiling:
	ReloadAssembly (773ms)
		BeginReloadAssembly (130ms)
			ExecutionOrderSort (0ms)
			DisableScriptedObjects (5ms)
			BackupInstance (0ms)
			ReleaseScriptingObjects (0ms)
			CreateAndSetChildDomain (32ms)
		EndReloadAssembly (564ms)
			LoadAssemblies (86ms)
			RebuildTransferFunctionScriptingTraits (0ms)
			SetupTypeCache (215ms)
			ReleaseScriptCaches (1ms)
			RebuildScriptCaches (27ms)
			SetupLoadedEditorAssemblies (217ms)
				LogAssemblyErrors (0ms)
				InitializePlatformSupportModulesInManaged (5ms)
				SetLoadedEditorAssemblies (0ms)
				RefreshPlugins (1ms)
				BeforeProcessingInitializeOnLoad (48ms)
				ProcessInitializeOnLoadAttributes (143ms)
				ProcessInitializeOnLoadMethodAttributes (14ms)
				AfterProcessingInitializeOnLoad (6ms)
				EditorAssembliesLoaded (0ms)
			ExecutionOrderSort2 (0ms)
			AwakeInstancesAfterBackupRestoration (5ms)
Platform modules already initialized, skipping
Refreshing native plugins compatible for Editor in 1.69 ms, found 3 plugins.
Preloading 0 native plugins for Editor in 0.00 ms.
Unloading 3046 Unused Serialized files (Serialized files now loaded: 0)
Unloading 16 unused Assets / (24.6 KB). Loaded Objects now: 3564.
Memory consumption went from 112.1 MB to 112.1 MB.
Total: 2.898100 ms (FindLiveObjects: 0.256200 ms CreateObjectMapping: 0.075700 ms MarkObjects: 2.537700 ms  DeleteObjects: 0.027500 ms)

AssetImportParameters requested are different than current active one (requested -> active):
  custom:video-decoder-ogg-theora: a1e56fd34408186e4bbccfd4996cb3dc -> 
  custom:container-muxer-webm: aa71ff27fc2769a1b78a27578f13a17b -> 
  custom:container-demuxer-webm: 4f35f7cbe854078d1ac9338744f61a02 -> 
  custom:video-encoder-webm-vp8: eb34c28f22e8b96e1ab97ce403110664 -> 
  custom:video-codec-MediaFoundation-h265: 746d11721c4dcdbdad8f713fa42b33f4 -> 
  custom:audio-encoder-webm-vorbis: bf7c407c2cedff20999df2af8eb42d56 -> 
  custom:framework-win-MediaFoundation: 216162199b28c13a410421893ffa2e32 -> 
  custom:container-demuxer-ogg: 62fdf1f143b41e24485cea50d1cbac27 -> 
  custom:video-decoder-webm-vp8: 9c59270c3fd7afecdb556c50c9e8de78 -> 
  custom:audio-decoder-ogg-vorbis: bf7c407c2cedff20999df2af8eb42d56 -> 
========================================================================
Received Import Request.
  Time since last request: 31.020134 seconds.
  path: Assets/Prefab/3DMoji/Prefab/ェ.prefab
  artifactKey: Guid(f1c1ac3b67421034d9962098cd967e45) Importer(815301076,1909f56bfc062723c751e8b465ee728b)
Start importing Assets/Prefab/3DMoji/Prefab/ェ.prefab using Guid(f1c1ac3b67421034d9962098cd967e45) Importer(815301076,1909f56bfc062723c751e8b465ee728b)  -> (artifact id: '4a06857c0b65506764595bd3075f007c') in 0.057651 seconds 
========================================================================
Received Import Request.
  Time since last request: 0.000021 seconds.
  path: Assets/Prefab/3DMoji/Prefab/ヌ.prefab
  artifactKey: Guid(8d08a58b8084a8049b464620fae95351) Importer(815301076,1909f56bfc062723c751e8b465ee728b)
Start importing Assets/Prefab/3DMoji/Prefab/ヌ.prefab using Guid(8d08a58b8084a8049b464620fae95351) Importer(815301076,1909f56bfc062723c751e8b465ee728b)  -> (artifact id: '770dc91edb278e3c8d9746523465b2c6') in 0.013713 seconds 
========================================================================
Received Import Request.
  Time since last request: 0.000020 seconds.
  path: Assets/Prefab/3DMoji/Prefab/エ.prefab
  artifactKey: Guid(5cb810af4fda4444b84194cf0176e988) Importer(815301076,1909f56bfc062723c751e8b465ee728b)
Start importing Assets/Prefab/3DMoji/Prefab/エ.prefab using Guid(5cb810af4fda4444b84194cf0176e988) Importer(815301076,1909f56bfc062723c751e8b465ee728b)  -> (artifact id: '1685a33a731fc9f2b7ec5c2e2c7c49ed') in 0.011254 seconds 
========================================================================
Received Import Request.
  Time since last request: 0.000019 seconds.
  path: Assets/Prefab/3DMoji/Prefab/ア.prefab
  artifactKey: Guid(d0e9ee0da4921f543bc74b0692313117) Importer(815301076,1909f56bfc062723c751e8b465ee728b)
Start importing Assets/Prefab/3DMoji/Prefab/ア.prefab using Guid(d0e9ee0da4921f543bc74b0692313117) Importer(815301076,1909f56bfc062723c751e8b465ee728b)  -> (artifact id: '699d46db6e9d61c11b517535479bbd7a') in 0.012825 seconds 
========================================================================
Received Import Request.
  Time since last request: 0.000020 seconds.
  path: Assets/Prefab/3DMoji/Prefab/ニ.prefab
  artifactKey: Guid(24fa8606a2885ac45b68f3904f35541d) Importer(815301076,1909f56bfc062723c751e8b465ee728b)
Start importing Assets/Prefab/3DMoji/Prefab/ニ.prefab using Guid(24fa8606a2885ac45b68f3904f35541d) Importer(815301076,1909f56bfc062723c751e8b465ee728b)  -> (artifact id: '523768c74814a039759efbcce184e44c') in 0.037327 seconds 
========================================================================
Received Import Request.
  Time since last request: 0.000021 seconds.
  path: Assets/Prefab/3DMoji/Prefab/ネ.prefab
  artifactKey: Guid(b980dca41e6a10e45862ce42d4a2219f) Importer(815301076,1909f56bfc062723c751e8b465ee728b)
Start importing Assets/Prefab/3DMoji/Prefab/ネ.prefab using Guid(b980dca41e6a10e45862ce42d4a2219f) Importer(815301076,1909f56bfc062723c751e8b465ee728b)  -> (artifact id: '3341c32656270d1c7c2f7b0167850889') in 0.013118 seconds 
========================================================================
Received Import Request.
  Time since last request: 0.000024 seconds.
  path: Assets/Prefab/3DMoji/Prefab/ァ.prefab
  artifactKey: Guid(12f8dbc3ceb795945bbc224dd08f726c) Importer(815301076,1909f56bfc062723c751e8b465ee728b)
Start importing Assets/Prefab/3DMoji/Prefab/ァ.prefab using Guid(12f8dbc3ceb795945bbc224dd08f726c) Importer(815301076,1909f56bfc062723c751e8b465ee728b)  -> (artifact id: '1fd7274b54f76d3d78587ed3665ab85c') in 0.012210 seconds 
========================================================================
Received Import Request.
  Time since last request: 0.000018 seconds.
  path: Assets/Prefab/3DMoji/Prefab/ゥ.prefab
  artifactKey: Guid(d05e053ec320e0b4599a07a472da213c) Importer(815301076,1909f56bfc062723c751e8b465ee728b)
Start importing Assets/Prefab/3DMoji/Prefab/ゥ.prefab using Guid(d05e053ec320e0b4599a07a472da213c) Importer(815301076,1909f56bfc062723c751e8b465ee728b)  -> (artifact id: 'd3c4b0db58e7f6a81b390037bb42b78e') in 0.012093 seconds 
========================================================================
Received Import Request.
  Time since last request: 0.000016 seconds.
  path: Assets/Prefab/3DMoji/Prefab/ッ.prefab
  artifactKey: Guid(0ff598b1266c3a64eac80131e26ea010) Importer(815301076,1909f56bfc062723c751e8b465ee728b)
Start importing Assets/Prefab/3DMoji/Prefab/ッ.prefab using Guid(0ff598b1266c3a64eac80131e26ea010) Importer(815301076,1909f56bfc062723c751e8b465ee728b)  -> (artifact id: 'bc5da461434b80bcf9a8d4cbfd8db723') in 0.013451 seconds 
========================================================================
Received Import Request.
  Time since last request: 0.000023 seconds.
  path: Assets/Prefab/3DMoji/Prefab/ィ.prefab
  artifactKey: Guid(3d1b0410607d8754fb9189f46a321b7a) Importer(815301076,1909f56bfc062723c751e8b465ee728b)
Start importing Assets/Prefab/3DMoji/Prefab/ィ.prefab using Guid(3d1b0410607d8754fb9189f46a321b7a) Importer(815301076,1909f56bfc062723c751e8b465ee728b)  -> (artifact id: '3de4863c5b907d7c44e1f01d42649f49') in 0.011462 seconds 
========================================================================
Received Import Request.
  Time since last request: 0.000030 seconds.
  path: Assets/Prefab/3DMoji/Prefab/ジ.prefab
  artifactKey: Guid(d416e501b7165e142a388474ce535db2) Importer(815301076,1909f56bfc062723c751e8b465ee728b)
Start importing Assets/Prefab/3DMoji/Prefab/ジ.prefab using Guid(d416e501b7165e142a388474ce535db2) Importer(815301076,1909f56bfc062723c751e8b465ee728b)  -> (artifact id: '8e7b57ac20ad470206ae8d262ccc5600') in 0.016198 seconds 
========================================================================
Received Import Request.
  Time since last request: 0.000018 seconds.
  path: Assets/Prefab/3DMoji/Prefab/ト.prefab
  artifactKey: Guid(9ec0052254716aa4fad19d098690aa85) Importer(815301076,1909f56bfc062723c751e8b465ee728b)
Start importing Assets/Prefab/3DMoji/Prefab/ト.prefab using Guid(9ec0052254716aa4fad19d098690aa85) Importer(815301076,1909f56bfc062723c751e8b465ee728b)  -> (artifact id: '9f72717e6d20d119f092c8eecb899453') in 0.012303 seconds 
========================================================================
Received Import Request.
  Time since last request: 0.000017 seconds.
  path: Assets/Prefab/3DMoji/Prefab/ザ.prefab
  artifactKey: Guid(8b8dd85d25036bf43bcd8e5f1dd83847) Importer(815301076,1909f56bfc062723c751e8b465ee728b)
Start importing Assets/Prefab/3DMoji/Prefab/ザ.prefab using Guid(8b8dd85d25036bf43bcd8e5f1dd83847) Importer(815301076,1909f56bfc062723c751e8b465ee728b)  -> (artifact id: '845348f728c287099415ec96abb87e4f') in 0.011063 seconds 
========================================================================
Received Import Request.
  Time since last request: 0.000018 seconds.
  path: Assets/Prefab/3DMoji/Prefab/ツ.prefab
  artifactKey: Guid(08f43170162043047aef7526698cff53) Importer(815301076,1909f56bfc062723c751e8b465ee728b)
Start importing Assets/Prefab/3DMoji/Prefab/ツ.prefab using Guid(08f43170162043047aef7526698cff53) Importer(815301076,1909f56bfc062723c751e8b465ee728b)  -> (artifact id: '37b736ea710d99495c728cbf6abea41e') in 0.012136 seconds 
========================================================================
Received Import Request.
  Time since last request: 0.000017 seconds.
  path: Assets/Prefab/3DMoji/Prefab/ド.prefab
  artifactKey: Guid(698fa0d2e025f4c468d7ecd2c32dd880) Importer(815301076,1909f56bfc062723c751e8b465ee728b)
Start importing Assets/Prefab/3DMoji/Prefab/ド.prefab using Guid(698fa0d2e025f4c468d7ecd2c32dd880) Importer(815301076,1909f56bfc062723c751e8b465ee728b)  -> (artifact id: 'c87daf4c25f16332f6fa3f62590ef110') in 0.015364 seconds 
Editor requested this worker to shutdown with reason: Scaling down because of idle timeout
AssetImportWorker is now disconnected from the server
Process exiting
Exiting without the bug reporter. Application will terminate with return code 0